2021-06-14 19:04:26,429 - 20210614_190426_attention
2021-06-14 19:04:26,429 - {"model": "attention", "device": "cuda", "middle_layers": [5, 5, 5, 5, 5, 5, 5, 5, 5, 5, 5, 5, 5], "residual_layers": [[64, 64, 1, true], [64, 64, 1, true], [64, 64, 1, true], [64, 96, 1, true], [96, 96, 1, true], [96, 96, 1, true], [96, 96, 1, true], [96, 128, 2, true], [128, 128, 2, true], [128, 128, 2, true], [128, 128, 2, true], [128, 128, 2, true], [128, 128, 2, true], [128, 160, 4, true], [160, 160, 4, true], [160, 160, 4, true], [160, 160, 2, false], [160, 160, 1, false]], "batch_size": 1, "epochs": 60, "dropout_rate": 0.2, "validate_ratio": 0.1, "subset_ratio": 1.0, "log_freq": 10, "num_workers": 16, "start_epoch": 0, "resume": "run/experiment_25/checkpoint.pth.tar", "class_weight": [1.0, 1.0, 1.0, 1.0, 1.0, 1.0, 1.0, 1.0, 1.0, 1.0], "loss_func": "cross", "long_length": null, "test_dir": "/home/dingyueprp/Data/test"}
2021-06-14 19:04:36,238 - Start evaluating...
2021-06-14 19:04:45,466 - Evaluation: 0 / 1266
2021-06-14 19:04:54,229 - Evaluation: 10 / 1266
2021-06-14 19:04:56,591 - Evaluation: 20 / 1266
2021-06-14 19:05:00,048 - Evaluation: 30 / 1266
2021-06-14 19:05:03,727 - Evaluation: 40 / 1266
2021-06-14 19:05:06,318 - Evaluation: 50 / 1266
2021-06-14 19:05:14,865 - Evaluation: 60 / 1266
2021-06-14 19:05:18,663 - Evaluation: 70 / 1266
2021-06-14 19:05:21,210 - Evaluation: 80 / 1266
2021-06-14 19:05:23,179 - Evaluation: 90 / 1266
2021-06-14 19:05:27,242 - Evaluation: 100 / 1266
2021-06-14 19:05:37,790 - Evaluation: 110 / 1266
2021-06-14 19:05:47,893 - Evaluation: 120 / 1266
2021-06-14 19:05:50,994 - Evaluation: 130 / 1266
2021-06-14 19:05:53,366 - Evaluation: 140 / 1266
2021-06-14 19:05:56,296 - Evaluation: 150 / 1266
2021-06-14 19:06:00,176 - Evaluation: 160 / 1266
2021-06-14 19:06:03,172 - Evaluation: 170 / 1266
2021-06-14 19:06:06,521 - Evaluation: 180 / 1266
2021-06-14 19:06:09,856 - Evaluation: 190 / 1266
2021-06-14 19:06:13,778 - Evaluation: 200 / 1266
2021-06-14 19:06:16,678 - Evaluation: 210 / 1266
2021-06-14 19:06:19,220 - Evaluation: 220 / 1266
2021-06-14 19:06:21,670 - Evaluation: 230 / 1266
2021-06-14 19:06:24,433 - Evaluation: 240 / 1266
2021-06-14 19:06:33,356 - Evaluation: 250 / 1266
2021-06-14 19:06:40,538 - Evaluation: 260 / 1266
2021-06-14 19:06:43,697 - Evaluation: 270 / 1266
2021-06-14 19:06:47,244 - Evaluation: 280 / 1266
2021-06-14 19:06:50,068 - Evaluation: 290 / 1266
2021-06-14 19:06:53,496 - Evaluation: 300 / 1266
2021-06-14 19:07:02,444 - Evaluation: 310 / 1266
2021-06-14 19:07:06,205 - Evaluation: 320 / 1266
2021-06-14 19:07:10,703 - Evaluation: 330 / 1266
2021-06-14 19:07:14,461 - Evaluation: 340 / 1266
2021-06-14 19:07:25,286 - Evaluation: 350 / 1266
2021-06-14 19:07:27,869 - Evaluation: 360 / 1266
2021-06-14 19:07:30,139 - Evaluation: 370 / 1266
2021-06-14 19:07:34,871 - Evaluation: 380 / 1266
2021-06-14 19:07:40,386 - Evaluation: 390 / 1266
2021-06-14 19:07:46,062 - Evaluation: 400 / 1266
2021-06-14 19:07:56,228 - Evaluation: 410 / 1266
2021-06-14 19:07:59,657 - Evaluation: 420 / 1266
2021-06-14 19:08:01,746 - Evaluation: 430 / 1266
2021-06-14 19:08:08,950 - Evaluation: 440 / 1266
2021-06-14 19:08:11,865 - Evaluation: 450 / 1266
2021-06-14 19:08:19,407 - Evaluation: 460 / 1266
2021-06-14 19:08:22,719 - Evaluation: 470 / 1266
2021-06-14 19:08:24,300 - Evaluation: 480 / 1266
2021-06-14 19:08:27,386 - Evaluation: 490 / 1266
2021-06-14 19:08:30,110 - Evaluation: 500 / 1266
2021-06-14 19:08:36,931 - Evaluation: 510 / 1266
2021-06-14 19:08:43,823 - Evaluation: 520 / 1266
2021-06-14 19:08:46,539 - Evaluation: 530 / 1266
2021-06-14 19:08:49,492 - Evaluation: 540 / 1266
2021-06-14 19:08:51,470 - Evaluation: 550 / 1266
2021-06-14 19:08:54,580 - Evaluation: 560 / 1266
2021-06-14 19:08:59,648 - Evaluation: 570 / 1266
2021-06-14 19:09:02,441 - Evaluation: 580 / 1266
2021-06-14 19:09:13,216 - Evaluation: 590 / 1266
2021-06-14 19:09:16,023 - Evaluation: 600 / 1266
2021-06-14 19:09:23,312 - Evaluation: 610 / 1266
2021-06-14 19:09:26,687 - Evaluation: 620 / 1266
2021-06-14 19:09:29,637 - Evaluation: 630 / 1266
2021-06-14 19:09:32,549 - Evaluation: 640 / 1266
2021-06-14 19:09:35,599 - Evaluation: 650 / 1266
2021-06-14 19:09:39,820 - Evaluation: 660 / 1266
2021-06-14 19:09:49,152 - Evaluation: 670 / 1266
2021-06-14 19:09:52,724 - Evaluation: 680 / 1266
2021-06-14 19:09:54,905 - Evaluation: 690 / 1266
2021-06-14 19:09:57,880 - Evaluation: 700 / 1266
2021-06-14 19:10:00,490 - Evaluation: 710 / 1266
2021-06-14 19:10:03,249 - Evaluation: 720 / 1266
2021-06-14 19:10:05,890 - Evaluation: 730 / 1266
2021-06-14 19:10:14,257 - Evaluation: 740 / 1266
2021-06-14 19:10:16,665 - Evaluation: 750 / 1266
2021-06-14 19:10:20,571 - Evaluation: 760 / 1266
2021-06-14 19:10:23,634 - Evaluation: 770 / 1266
2021-06-14 19:10:26,408 - Evaluation: 780 / 1266
2021-06-14 19:10:33,208 - Evaluation: 790 / 1266
2021-06-14 19:10:37,234 - Evaluation: 800 / 1266
2021-06-14 19:10:43,036 - Evaluation: 810 / 1266
2021-06-14 19:10:45,753 - Evaluation: 820 / 1266
2021-06-14 19:10:54,904 - Evaluation: 830 / 1266
2021-06-14 19:10:57,491 - Evaluation: 840 / 1266
2021-06-14 19:11:00,839 - Evaluation: 850 / 1266
2021-06-14 19:11:09,602 - Evaluation: 860 / 1266
2021-06-14 19:11:11,967 - Evaluation: 870 / 1266
2021-06-14 19:11:16,823 - Evaluation: 880 / 1266
2021-06-14 19:11:19,296 - Evaluation: 890 / 1266
2021-06-14 19:11:22,062 - Evaluation: 900 / 1266
2021-06-14 19:11:24,399 - Evaluation: 910 / 1266
2021-06-14 19:11:27,521 - Evaluation: 920 / 1266
2021-06-14 19:11:30,488 - Evaluation: 930 / 1266
2021-06-14 19:11:39,680 - Evaluation: 940 / 1266
2021-06-14 19:11:46,204 - Evaluation: 950 / 1266
2021-06-14 19:11:48,837 - Evaluation: 960 / 1266
2021-06-14 19:11:51,425 - Evaluation: 970 / 1266
2021-06-14 19:11:56,690 - Evaluation: 980 / 1266
2021-06-14 19:12:00,950 - Evaluation: 990 / 1266
2021-06-14 19:12:03,449 - Evaluation: 1000 / 1266
2021-06-14 19:12:07,859 - Evaluation: 1010 / 1266
2021-06-14 19:12:10,698 - Evaluation: 1020 / 1266
2021-06-14 19:12:17,873 - Evaluation: 1030 / 1266
2021-06-14 19:12:21,973 - Evaluation: 1040 / 1266
2021-06-14 19:12:23,814 - Evaluation: 1050 / 1266
2021-06-14 19:12:26,360 - Evaluation: 1060 / 1266
2021-06-14 19:12:38,667 - Evaluation: 1070 / 1266
2021-06-14 19:12:40,132 - Evaluation: 1080 / 1266
2021-06-14 19:12:43,932 - Evaluation: 1090 / 1266
2021-06-14 19:12:47,508 - Evaluation: 1100 / 1266
2021-06-14 19:12:55,312 - Evaluation: 1110 / 1266
2021-06-14 19:12:57,428 - Evaluation: 1120 / 1266
2021-06-14 19:13:06,508 - Evaluation: 1130 / 1266
2021-06-14 19:13:08,832 - Evaluation: 1140 / 1266
2021-06-14 19:13:15,265 - Evaluation: 1150 / 1266
2021-06-14 19:13:17,862 - Evaluation: 1160 / 1266
2021-06-14 19:13:20,207 - Evaluation: 1170 / 1266
2021-06-14 19:13:24,562 - Evaluation: 1180 / 1266
2021-06-14 19:13:28,937 - Evaluation: 1190 / 1266
2021-06-14 19:13:31,532 - Evaluation: 1200 / 1266
2021-06-14 19:13:33,979 - Evaluation: 1210 / 1266
2021-06-14 19:13:42,394 - Evaluation: 1220 / 1266
2021-06-14 19:13:44,913 - Evaluation: 1230 / 1266
2021-06-14 19:13:47,891 - Evaluation: 1240 / 1266
2021-06-14 19:13:51,068 - Evaluation: 1250 / 1266
2021-06-14 19:13:54,460 - Evaluation: 1260 / 1266
2021-06-14 19:13:56,247 - -----------------------EVAL---------------------
Evaluation Result: 17.047964572906494
2021-06-14 19:13:56,248 - T10: 0.6897692680358887, T5: 0.6717097163200378, T2: 0.6254692673683167, T1: 0.5751907229423523
2021-06-14 19:13:56,248 - LT10: 0.5076237320899963, LT5: 0.48151159286499023, LT2: 0.43887704610824585, LT1: 0.4062107503414154
2021-06-14 19:13:56,249 - Short all result: [0.         0.5253696  0.48357934 0.4367593  0.57236344 0.62668467
 0.66630614 0.24325137 0.00078989 0.        ]
2021-06-14 19:13:56,249 - Short support: [0.00427111 0.08137993 0.12336134 0.14696015 0.2832545  0.18304211
 0.12985757 0.03176868 0.00716519 0.00893922]

