2021-05-19 20:01:50,029 - 20210519_200150_respre
2021-05-19 20:01:55,492 - Start training...
2021-05-19 20:01:57,589 - Epoch: 0, Step: 0, L:110, Loss: 1.9833195209503174
2021-05-19 20:02:02,519 - Epoch: 0, Step: 10, L:271, Loss: 1.1858593046665191
2021-05-19 20:02:05,360 - Epoch: 0, Step: 20, L:135, Loss: 1.187847751379013
2021-05-19 20:02:10,746 - Epoch: 0, Step: 30, L:339, Loss: 1.1722967505455018
2021-05-19 20:02:12,981 - Epoch: 0, Step: 40, L:330, Loss: 1.3489822626113892
2021-05-19 20:02:15,757 - Epoch: 0, Step: 50, L:316, Loss: 1.056727224588394
2021-05-19 20:02:18,258 - Epoch: 0, Step: 60, L:170, Loss: 1.101533055305481
2021-05-19 20:02:25,322 - Epoch: 0, Step: 70, L:160, Loss: 1.208660614490509
2021-05-19 20:02:27,887 - Epoch: 0, Step: 80, L:213, Loss: 1.013248160481453
2021-05-19 20:02:30,408 - Epoch: 0, Step: 90, L:257, Loss: 1.0930790901184082
2021-05-19 20:02:32,994 - Epoch: 0, Step: 100, L:275, Loss: 1.0085070222616195
2021-05-19 20:02:34,987 - Epoch: 0, Step: 110, L:235, Loss: 1.1597722589969635
2021-05-19 20:02:36,492 - Epoch: 0, Step: 120, L:101, Loss: 1.224587321281433
2021-05-19 20:02:39,358 - Epoch: 0, Step: 130, L:347, Loss: 1.1984374701976777
2021-05-19 20:02:44,434 - Epoch: 0, Step: 140, L:348, Loss: 1.1382308781147004
2021-05-19 20:02:48,777 - Epoch: 0, Step: 150, L:142, Loss: 1.2810676038265227
2021-05-19 20:02:54,645 - Epoch: 0, Step: 160, L:158, Loss: 1.0233343720436097
2021-05-19 20:02:57,123 - Epoch: 0, Step: 170, L:226, Loss: 1.0953042387962342
2021-05-19 20:03:00,351 - Epoch: 0, Step: 180, L:168, Loss: 1.078404688835144
2021-05-19 20:03:03,695 - Epoch: 0, Step: 190, L:184, Loss: 1.0073861122131347
2021-05-19 20:03:09,079 - Epoch: 0, Step: 200, L:173, Loss: 1.0804673373699187
2021-05-19 20:03:12,369 - Epoch: 0, Step: 210, L:167, Loss: 1.0852840304374696
2021-05-19 20:03:16,078 - Epoch: 0, Step: 220, L:238, Loss: 0.9804599165916443
2021-05-19 20:03:18,210 - Epoch: 0, Step: 230, L:121, Loss: 1.2186669617891313
2021-05-19 20:03:21,223 - Epoch: 0, Step: 240, L:298, Loss: 1.0186050176620483
2021-05-19 20:03:25,678 - Epoch: 0, Step: 250, L:106, Loss: 1.0481239914894105
2021-05-19 20:03:27,629 - Epoch: 0, Step: 260, L:208, Loss: 1.2325649976730346
2021-05-19 20:03:31,383 - Epoch: 0, Step: 270, L:185, Loss: 0.9565401077270508
2021-05-19 20:03:34,809 - Epoch: 0, Step: 280, L:220, Loss: 0.9976510524749755
2021-05-19 20:03:38,021 - Epoch: 0, Step: 290, L:373, Loss: 1.1052740514278412
2021-05-19 20:03:45,237 - Epoch: 0, Step: 300, L:499, Loss: 1.0196050882339478
2021-05-19 20:03:48,309 - Epoch: 0, Step: 310, L:376, Loss: 0.9552255034446716
2021-05-19 20:03:50,875 - Epoch: 0, Step: 320, L:157, Loss: 1.1620039880275725
2021-05-19 20:03:53,590 - Epoch: 0, Step: 330, L:130, Loss: 1.1646084547042848
2021-05-19 20:03:57,387 - Epoch: 0, Step: 340, L:189, Loss: 1.108722585439682
2021-05-19 20:04:01,223 - Epoch: 0, Step: 350, L:106, Loss: 1.0801349699497222
2021-05-19 20:04:03,536 - Epoch: 0, Step: 360, L:155, Loss: 1.0935234725475311
2021-05-19 20:04:06,185 - Epoch: 0, Step: 370, L:212, Loss: 1.0828000664711
2021-05-19 20:04:11,054 - Epoch: 0, Step: 380, L:440, Loss: 1.0770014226436615
2021-05-19 20:04:13,020 - Epoch: 0, Step: 390, L:343, Loss: 1.1372465670108796
2021-05-19 20:04:15,871 - Epoch: 0, Step: 400, L:326, Loss: 1.1484314024448394
2021-05-19 20:04:18,512 - Epoch: 0, Step: 410, L:281, Loss: 1.084974429011345
2021-05-19 20:04:24,643 - Epoch: 0, Step: 420, L:306, Loss: 1.0761633038520813
2021-05-19 20:04:26,781 - Epoch: 0, Step: 430, L:177, Loss: 1.0319518506526948
2021-05-19 20:04:29,357 - Epoch: 0, Step: 440, L:326, Loss: 1.2398271679878234
2021-05-19 20:04:35,896 - Epoch: 0, Step: 450, L:306, Loss: 1.046210026741028
2021-05-19 20:04:39,907 - Epoch: 0, Step: 460, L:146, Loss: 0.7813547670841217
2021-05-19 20:04:42,857 - Epoch: 0, Step: 470, L:180, Loss: 1.161579394340515
2021-05-19 20:04:46,496 - Epoch: 0, Step: 480, L:121, Loss: 1.175942313671112
2021-05-19 20:04:50,336 - Epoch: 0, Step: 490, L:145, Loss: 1.1214572548866273
2021-05-19 20:04:57,207 - Epoch: 0, Step: 500, L:422, Loss: 0.8920535087585449
2021-05-19 20:05:01,376 - Epoch: 0, Step: 510, L:271, Loss: 0.8868565499782562
2021-05-19 20:05:03,821 - Epoch: 0, Step: 520, L:213, Loss: 1.1786349833011627
2021-05-19 20:05:07,735 - Epoch: 0, Step: 530, L:110, Loss: 1.0044036746025085
2021-05-19 20:05:12,237 - Epoch: 0, Step: 540, L:160, Loss: 1.0602617621421815
2021-05-19 20:05:15,412 - Epoch: 0, Step: 550, L:329, Loss: 1.075311553478241
2021-05-19 20:05:20,532 - Epoch: 0, Step: 560, L:308, Loss: 1.002909129858017
2021-05-19 20:05:24,917 - Epoch: 0, Step: 570, L:162, Loss: 1.080795556306839
2021-05-19 20:05:27,372 - Epoch: 0, Step: 580, L:271, Loss: 0.9769108176231385
2021-05-19 20:05:31,476 - Epoch: 0, Step: 590, L:202, Loss: 0.9607655525207519
2021-05-19 20:05:36,052 - Epoch: 0, Step: 600, L:449, Loss: 0.9625369668006897
2021-05-19 20:05:38,736 - Epoch: 0, Step: 610, L:240, Loss: 1.0824509382247924
2021-05-19 20:05:42,264 - Epoch: 0, Step: 620, L:341, Loss: 1.0427986562252045
2021-05-19 20:05:47,422 - Epoch: 0, Step: 630, L:279, Loss: 0.8792177438735962
2021-05-19 20:05:52,668 - Epoch: 0, Step: 640, L:405, Loss: 0.8782796263694763
2021-05-19 20:05:55,105 - Epoch: 0, Step: 650, L:341, Loss: 1.009642618894577
2021-05-19 20:05:58,562 - Epoch: 0, Step: 660, L:467, Loss: 1.008938729763031
2021-05-19 20:06:01,412 - Epoch: 0, Step: 670, L:116, Loss: 1.0969464540481568
2021-05-19 20:06:03,830 - Epoch: 0, Step: 680, L:304, Loss: 1.0122723937034608
2021-05-19 20:06:06,442 - Epoch: 0, Step: 690, L:302, Loss: 1.1839460670948028
2021-05-19 20:06:07,825 - Epoch: 0, Step: 700, L:119, Loss: 1.1612515330314637
2021-05-19 20:06:10,938 - Epoch: 0, Step: 710, L:266, Loss: 1.0864542245864868
2021-05-19 20:06:13,864 - Epoch: 0, Step: 720, L:323, Loss: 0.888415589928627
2021-05-19 20:06:19,829 - Epoch: 0, Step: 730, L:252, Loss: 1.0220754742622375
2021-05-19 20:06:23,463 - Epoch: 0, Step: 740, L:344, Loss: 1.0179573535919189
2021-05-19 20:06:27,023 - Epoch: 0, Step: 750, L:254, Loss: 0.9898771345615387
2021-05-19 20:06:29,976 - Epoch: 0, Step: 760, L:149, Loss: 0.9130569204688073
2021-05-19 20:06:32,626 - Epoch: 0, Step: 770, L:174, Loss: 0.9894903182983399
2021-05-19 20:06:37,046 - Epoch: 0, Step: 780, L:413, Loss: 1.0176778614521027
2021-05-19 20:06:39,731 - Epoch: 0, Step: 790, L:180, Loss: 1.1210160672664642
2021-05-19 20:06:43,142 - Epoch: 0, Step: 800, L:438, Loss: 0.9582840859889984
2021-05-19 20:06:50,663 - Epoch: 0, Step: 810, L:271, Loss: 0.9669318735599518
2021-05-19 20:06:54,306 - Epoch: 0, Step: 820, L:143, Loss: 1.001964235305786
2021-05-19 20:06:59,425 - Epoch: 0, Step: 830, L:130, Loss: 0.9650500357151032
2021-05-19 20:07:02,615 - Epoch: 0, Step: 840, L:205, Loss: 0.9201153993606568
2021-05-19 20:07:04,874 - Epoch: 0, Step: 850, L:125, Loss: 1.078263908624649
2021-05-19 20:07:10,998 - Epoch: 0, Step: 860, L:275, Loss: 1.115253072977066
2021-05-19 20:07:12,801 - Epoch: 0, Step: 870, L:117, Loss: 1.1496028542518615
2021-05-19 20:07:16,128 - Epoch: 0, Step: 880, L:348, Loss: 1.063901424407959
2021-05-19 20:07:24,082 - Epoch: 0, Step: 890, L:214, Loss: 1.0478174924850463
2021-05-19 20:07:28,061 - Epoch: 0, Step: 900, L:146, Loss: 0.9849964737892151
2021-05-19 20:07:31,234 - Epoch: 0, Step: 910, L:121, Loss: 1.1786264181137085
2021-05-19 20:07:34,057 - Epoch: 0, Step: 920, L:298, Loss: 0.9982109010219574
2021-05-19 20:07:40,588 - Epoch: 0, Step: 930, L:483, Loss: 0.9432857096195221
2021-05-19 20:07:42,795 - Epoch: 0, Step: 940, L:196, Loss: 0.9427907049655915
2021-05-19 20:07:44,316 - Epoch: 0, Step: 950, L:243, Loss: 1.1870380342006683
2021-05-19 20:07:46,905 - Epoch: 0, Step: 960, L:351, Loss: 1.0045002341270446
2021-05-19 20:07:48,584 - Epoch: 0, Step: 970, L:243, Loss: 0.9763440907001495
2021-05-19 20:07:52,753 - Epoch: 0, Step: 980, L:120, Loss: 1.036631715297699
2021-05-19 20:07:55,158 - Epoch: 0, Step: 990, L:348, Loss: 1.240418004989624
2021-05-19 20:07:57,982 - Epoch: 0, Step: 1000, L:297, Loss: 1.022296178340912
2021-05-19 20:08:01,284 - Epoch: 0, Step: 1010, L:356, Loss: 1.0421179413795472
2021-05-19 20:08:07,403 - Epoch: 0, Step: 1020, L:446, Loss: 0.9827264547348022
2021-05-19 20:08:10,907 - Epoch: 0, Step: 1030, L:210, Loss: 0.9964172780513764
2021-05-19 20:08:17,481 - Epoch: 0, Step: 1040, L:477, Loss: 0.9261006057262421
2021-05-19 20:08:19,834 - Epoch: 0, Step: 1050, L:131, Loss: 1.072515958547592
2021-05-19 20:08:22,523 - Epoch: 0, Step: 1060, L:169, Loss: 1.034169465303421
2021-05-19 20:08:24,650 - Epoch: 0, Step: 1070, L:238, Loss: 1.0320056080818176
2021-05-19 20:08:26,837 - Epoch: 0, Step: 1080, L:167, Loss: 1.2273983895778655
2021-05-19 20:08:33,720 - Epoch: 0, Step: 1090, L:131, Loss: 1.0235955625772477
2021-05-19 20:08:39,454 - Epoch: 0, Step: 1100, L:427, Loss: 0.8593974173069
2021-05-19 20:08:41,802 - Epoch: 0, Step: 1110, L:141, Loss: 1.0444880068302154
2021-05-19 20:08:43,881 - Epoch: 0, Step: 1120, L:105, Loss: 1.1468592762947083
2021-05-19 20:08:47,344 - Epoch: 0, Step: 1130, L:125, Loss: 0.9618564546108246
2021-05-19 20:08:50,018 - Epoch: 0, Step: 1140, L:249, Loss: 1.0401565253734588
2021-05-19 20:08:53,652 - Epoch: 0, Step: 1150, L:426, Loss: 0.9987012863159179
2021-05-19 20:09:02,235 - Epoch: 0, Step: 1160, L:139, Loss: 0.9330780729651451
2021-05-19 20:09:04,997 - Epoch: 0, Step: 1170, L:445, Loss: 1.0931277930736543
2021-05-19 20:09:07,903 - Epoch: 0, Step: 1180, L:350, Loss: 0.9978793203830719
2021-05-19 20:09:10,257 - Epoch: 0, Step: 1190, L:155, Loss: 1.0387813210487367
2021-05-19 20:09:15,146 - Epoch: 0, Step: 1200, L:304, Loss: 0.8744620203971862
2021-05-19 20:09:18,064 - Epoch: 0, Step: 1210, L:126, Loss: 1.0663184106349946
2021-05-19 20:09:20,085 - Epoch: 0, Step: 1220, L:178, Loss: 1.1574036359786988
2021-05-19 20:09:26,220 - Epoch: 0, Step: 1230, L:393, Loss: 0.9684743076562882
2021-05-19 20:09:29,182 - Epoch: 0, Step: 1240, L:167, Loss: 1.0629879534244537
2021-05-19 20:09:32,607 - Epoch: 0, Step: 1250, L:294, Loss: 1.0917900383472443
2021-05-19 20:09:35,976 - Epoch: 0, Step: 1260, L:365, Loss: 0.9778273940086365
2021-05-19 20:09:38,825 - Epoch: 0, Step: 1270, L:159, Loss: 0.9606434106826782
2021-05-19 20:09:40,894 - Epoch: 0, Step: 1280, L:162, Loss: 1.2058267831802367
2021-05-19 20:09:44,385 - Epoch: 0, Step: 1290, L:116, Loss: 0.9398586392402649
2021-05-19 20:09:47,069 - Epoch: 0, Step: 1300, L:319, Loss: 1.0360058486461639
2021-05-19 20:09:49,833 - Epoch: 0, Step: 1310, L:128, Loss: 1.0770814687013626
2021-05-19 20:09:52,689 - Epoch: 0, Step: 1320, L:143, Loss: 0.9277360796928406
2021-05-19 20:09:58,762 - Epoch: 0, Step: 1330, L:105, Loss: 1.0873402267694474
2021-05-19 20:10:02,212 - Epoch: 0, Step: 1340, L:312, Loss: 0.9826390027999878
2021-05-19 20:10:04,925 - Epoch: 0, Step: 1350, L:362, Loss: 0.8357942819595336
2021-05-19 20:10:07,356 - Epoch: 0, Step: 1360, L:214, Loss: 0.9610010325908661
2021-05-19 20:10:12,634 - Epoch: 0, Step: 1370, L:206, Loss: 1.0398600339889525
2021-05-19 20:10:14,807 - Epoch: 0, Step: 1380, L:234, Loss: 1.059390515089035
2021-05-19 20:10:22,615 - Epoch: 0, Step: 1390, L:476, Loss: 0.836051145195961
2021-05-19 20:10:25,337 - Epoch: 0, Step: 1400, L:145, Loss: 0.940068444609642
2021-05-19 20:10:32,982 - Epoch: 0, Step: 1410, L:455, Loss: 0.967458713054657
2021-05-19 20:10:35,960 - Epoch: 0, Step: 1420, L:244, Loss: 1.0519144535064697
2021-05-19 20:10:39,725 - Epoch: 0, Step: 1430, L:285, Loss: 0.9477549970149994
2021-05-19 20:10:45,435 - Epoch: 0, Step: 1440, L:203, Loss: 1.0194359481334687
2021-05-19 20:10:48,861 - Epoch: 0, Step: 1450, L:293, Loss: 1.0416464865207673
2021-05-19 20:10:51,664 - Epoch: 0, Step: 1460, L:151, Loss: 1.0998625695705413
2021-05-19 20:10:55,986 - Epoch: 0, Step: 1470, L:126, Loss: 1.0182701349258423
2021-05-19 20:10:58,213 - Epoch: 0, Step: 1480, L:220, Loss: 1.0939489245414733
2021-05-19 20:11:04,495 - Epoch: 0, Step: 1490, L:178, Loss: 1.0410755157470704
2021-05-19 20:11:07,936 - Epoch: 0, Step: 1500, L:252, Loss: 1.0276279509067536
2021-05-19 20:11:11,112 - Epoch: 0, Step: 1510, L:135, Loss: 0.8737878501415253
2021-05-19 20:11:14,113 - Epoch: 0, Step: 1520, L:190, Loss: 0.9484629213809967
2021-05-19 20:11:16,931 - Epoch: 0, Step: 1530, L:111, Loss: 1.0790288329124451
2021-05-19 20:11:18,628 - Epoch: 0, Step: 1540, L:235, Loss: 1.1243358194828033
2021-05-19 20:11:23,220 - Epoch: 0, Step: 1550, L:295, Loss: 0.9679536938667297
2021-05-19 20:11:27,917 - Epoch: 0, Step: 1560, L:138, Loss: 0.9358101785182953
2021-05-19 20:11:30,697 - Epoch: 0, Step: 1570, L:136, Loss: 1.0124761819839478
2021-05-19 20:11:33,492 - Epoch: 0, Step: 1580, L:129, Loss: 1.097602480649948
2021-05-19 20:11:35,891 - Epoch: 0, Step: 1590, L:112, Loss: 1.0816820561885834
2021-05-19 20:11:38,470 - Epoch: 0, Step: 1600, L:375, Loss: 0.8975414097309112
2021-05-19 20:11:40,415 - Epoch: 0, Step: 1610, L:105, Loss: 1.1103049337863922
2021-05-19 20:11:48,454 - Epoch: 0, Step: 1620, L:148, Loss: 0.9779452323913574
2021-05-19 20:11:51,453 - Epoch: 0, Step: 1630, L:280, Loss: 0.9841759085655213
2021-05-19 20:11:54,581 - Epoch: 0, Step: 1640, L:120, Loss: 1.0801542818546295
2021-05-19 20:11:59,917 - Epoch: 0, Step: 1650, L:383, Loss: 1.069176858663559
2021-05-19 20:12:02,121 - Epoch: 0, Step: 1660, L:299, Loss: 1.0649963796138764
2021-05-19 20:12:05,182 - Epoch: 0, Step: 1670, L:186, Loss: 0.9922844916582108
2021-05-19 20:12:07,863 - Epoch: 0, Step: 1680, L:356, Loss: 1.0427243649959563
2021-05-19 20:12:10,085 - Epoch: 0, Step: 1690, L:301, Loss: 1.0584529638290405
2021-05-19 20:12:13,563 - Epoch: 0, Step: 1700, L:183, Loss: 1.001738965511322
2021-05-19 20:12:18,320 - Epoch: 0, Step: 1710, L:243, Loss: 0.8327736854553223
2021-05-19 20:12:21,450 - Epoch: 0, Step: 1720, L:203, Loss: 0.8822719007730484
2021-05-19 20:12:25,045 - Epoch: 0, Step: 1730, L:258, Loss: 1.0471517026424408
2021-05-19 20:12:28,846 - Epoch: 0, Step: 1740, L:168, Loss: 1.0611410200595857
2021-05-19 20:12:30,337 - Epoch: 0, Step: 1750, L:153, Loss: 1.1697271525859834
2021-05-19 20:12:36,301 - Epoch: 0, Step: 1760, L:217, Loss: 0.8923949718475341
2021-05-19 20:12:38,715 - Epoch: 0, Step: 1770, L:256, Loss: 0.9112651407718658
2021-05-19 20:12:41,270 - Epoch: 0, Step: 1780, L:246, Loss: 0.8986894845962524
2021-05-19 20:12:43,314 - Epoch: 0, Step: 1790, L:129, Loss: 1.0449124842882156
2021-05-19 20:12:46,939 - Epoch: 0, Step: 1800, L:402, Loss: 0.9864056408405304
2021-05-19 20:12:49,151 - Epoch: 0, Step: 1810, L:120, Loss: 1.2025450408458709
2021-05-19 20:12:56,332 - Epoch: 0, Step: 1820, L:185, Loss: 1.0639352262020112
2021-05-19 20:13:04,419 - Epoch: 0, Step: 1830, L:112, Loss: 1.0399059534072876
2021-05-19 20:13:07,796 - Epoch: 0, Step: 1840, L:268, Loss: 0.9589766800403595
2021-05-19 20:13:12,069 - Epoch: 0, Step: 1850, L:129, Loss: 0.9703959167003632
2021-05-19 20:13:13,693 - Epoch: 0, Step: 1860, L:257, Loss: 1.0782433032989502
2021-05-19 20:13:17,652 - Epoch: 0, Step: 1870, L:119, Loss: 1.087274444103241
2021-05-19 20:13:19,946 - Epoch: 0, Step: 1880, L:108, Loss: 1.1357950866222382
2021-05-19 20:13:21,670 - Epoch: 0, Step: 1890, L:106, Loss: 1.075935572385788
2021-05-19 20:13:24,697 - Epoch: 0, Step: 1900, L:260, Loss: 0.9797153115272522
2021-05-19 20:13:27,605 - Epoch: 0, Step: 1910, L:185, Loss: 1.0297170579433441
2021-05-19 20:13:33,044 - Epoch: 0, Step: 1920, L:209, Loss: 0.9525097370147705
2021-05-19 20:13:36,527 - Epoch: 0, Step: 1930, L:324, Loss: 1.0411400616168975
2021-05-19 20:13:39,138 - Epoch: 0, Step: 1940, L:180, Loss: 1.0394679725170135
2021-05-19 20:13:42,269 - Epoch: 0, Step: 1950, L:400, Loss: 1.0358551740646362
2021-05-19 20:13:45,230 - Epoch: 0, Step: 1960, L:387, Loss: 0.977920389175415
2021-05-19 20:13:47,763 - Epoch: 0, Step: 1970, L:135, Loss: 1.0906188428401946
2021-05-19 20:13:53,630 - Epoch: 0, Step: 1980, L:480, Loss: 0.9988346517086029
2021-05-19 20:13:57,239 - Epoch: 0, Step: 1990, L:472, Loss: 0.9734008371829986
2021-05-19 20:14:05,722 - Epoch: 0, Step: 2000, L:380, Loss: 1.0244137287139892
2021-05-19 20:14:08,402 - Epoch: 0, Step: 2010, L:152, Loss: 0.9113359242677689
2021-05-19 20:14:11,605 - Epoch: 0, Step: 2020, L:298, Loss: 0.9440542578697204
2021-05-19 20:14:14,344 - Epoch: 0, Step: 2030, L:408, Loss: 0.9424127042293549
2021-05-19 20:14:17,691 - Epoch: 0, Step: 2040, L:151, Loss: 0.8577534437179566
2021-05-19 20:14:19,830 - Epoch: 0, Step: 2050, L:220, Loss: 1.1644624948501587
2021-05-19 20:14:25,368 - Epoch: 0, Step: 2060, L:182, Loss: 1.0472592890262604
2021-05-19 20:14:28,126 - Epoch: 0, Step: 2070, L:336, Loss: 1.0075972557067872
2021-05-19 20:14:34,422 - Epoch: 0, Step: 2080, L:433, Loss: 1.0630227863788604
2021-05-19 20:14:36,718 - Epoch: 0, Step: 2090, L:311, Loss: 1.1286072075366973
2021-05-19 20:14:39,799 - Epoch: 0, Step: 2100, L:227, Loss: 0.9882288217544556
2021-05-19 20:14:43,118 - Epoch: 0, Step: 2110, L:256, Loss: 1.1527935922145844
2021-05-19 20:14:48,542 - Epoch: 0, Step: 2120, L:360, Loss: 0.9493698358535767
2021-05-19 20:14:52,073 - Epoch: 0, Step: 2130, L:171, Loss: 0.7532225340604782
2021-05-19 20:14:56,062 - Epoch: 0, Step: 2140, L:111, Loss: 1.0371542036533357
2021-05-19 20:15:00,246 - Epoch: 0, Step: 2150, L:231, Loss: 1.006587702035904
2021-05-19 20:15:04,612 - Epoch: 0, Step: 2160, L:394, Loss: 0.9372173070907592
2021-05-19 20:15:07,038 - Epoch: 0, Step: 2170, L:102, Loss: 1.0392827570438385
2021-05-19 20:15:11,731 - Epoch: 0, Step: 2180, L:112, Loss: 0.9540769875049591
2021-05-19 20:15:14,809 - Epoch: 0, Step: 2190, L:391, Loss: 0.9375606060028077
2021-05-19 20:15:17,532 - Epoch: 0, Step: 2200, L:104, Loss: 1.077435278892517
2021-05-19 20:15:20,535 - Epoch: 0, Step: 2210, L:117, Loss: 0.9403039932250976
2021-05-19 20:15:23,943 - Epoch: 0, Step: 2220, L:384, Loss: 0.9735230088233948
2021-05-19 20:15:30,824 - Epoch: 0, Step: 2230, L:109, Loss: 1.0186005592346192
2021-05-19 20:15:35,201 - Epoch: 0, Step: 2240, L:162, Loss: 0.7924230813980102
2021-05-19 20:15:38,202 - Epoch: 0, Step: 2250, L:301, Loss: 0.9841099381446838
2021-05-19 20:15:41,098 - Epoch: 0, Step: 2260, L:212, Loss: 0.9337330341339112
2021-05-19 20:15:43,435 - Epoch: 0, Step: 2270, L:241, Loss: 0.8308054894208908
2021-05-19 20:15:45,286 - Epoch: 0, Step: 2280, L:137, Loss: 0.9341523051261902
2021-05-19 20:15:47,984 - Epoch: 0, Step: 2290, L:201, Loss: 1.044504076242447
2021-05-19 20:15:55,443 - Epoch: 0, Step: 2300, L:219, Loss: 1.020004740357399
2021-05-19 20:15:58,593 - Epoch: 0, Step: 2310, L:180, Loss: 0.7997579872608185
2021-05-19 20:16:02,025 - Epoch: 0, Step: 2320, L:303, Loss: 0.9526348888874054
2021-05-19 20:16:04,628 - Epoch: 0, Step: 2330, L:196, Loss: 1.024102383852005
2021-05-19 20:16:11,799 - Epoch: 0, Step: 2340, L:281, Loss: 0.907769712805748
2021-05-19 20:16:15,119 - Epoch: 0, Step: 2350, L:119, Loss: 1.1376970529556274
2021-05-19 20:16:18,050 - Epoch: 0, Step: 2360, L:188, Loss: 0.9268017619848251
2021-05-19 20:16:23,342 - Epoch: 0, Step: 2370, L:444, Loss: 0.9276008665561676
2021-05-19 20:16:25,007 - Epoch: 0, Step: 2380, L:400, Loss: 1.1128704607486726
2021-05-19 20:16:28,492 - Epoch: 0, Step: 2390, L:371, Loss: 0.9652321577072144
2021-05-19 20:16:31,655 - Epoch: 0, Step: 2400, L:146, Loss: 1.0521453142166137
2021-05-19 20:16:33,717 - Epoch: 0, Step: 2410, L:235, Loss: 1.0636951148509979
2021-05-19 20:16:39,598 - Epoch: 0, Step: 2420, L:168, Loss: 0.9626204550266266
2021-05-19 20:16:42,563 - Epoch: 0, Step: 2430, L:228, Loss: 0.9904393136501313
2021-05-19 20:16:44,559 - Epoch: 0, Step: 2440, L:169, Loss: 1.1317132443189621
2021-05-19 20:16:48,669 - Epoch: 0, Step: 2450, L:381, Loss: 0.966129618883133
2021-05-19 20:16:52,316 - Epoch: 0, Step: 2460, L:162, Loss: 0.9957812547683715
2021-05-19 20:16:56,605 - Epoch: 0, Step: 2470, L:159, Loss: 0.9104642450809479
2021-05-19 20:16:59,109 - Epoch: 0, Step: 2480, L:196, Loss: 1.0460953652858733
2021-05-19 20:17:01,162 - Epoch: 0, Step: 2490, L:201, Loss: 1.0408325016498565
2021-05-19 20:17:05,386 - Epoch: 0, Step: 2500, L:213, Loss: 1.0492577135562897
2021-05-19 20:17:13,039 - Epoch: 0, Step: 2510, L:207, Loss: 0.9468588769435883
2021-05-19 20:17:16,047 - Epoch: 0, Step: 2520, L:213, Loss: 0.9594554603099823
2021-05-19 20:17:18,751 - Epoch: 0, Step: 2530, L:202, Loss: 0.97081378698349
2021-05-19 20:17:21,572 - Epoch: 0, Step: 2540, L:285, Loss: 0.9986266613006591
2021-05-19 20:17:24,005 - Epoch: 0, Step: 2550, L:104, Loss: 1.102066707611084
2021-05-19 20:17:26,720 - Epoch: 0, Step: 2560, L:127, Loss: 0.8752801030874252
2021-05-19 20:17:31,688 - Epoch: 0, Step: 2570, L:126, Loss: 0.8325116783380508
2021-05-19 20:17:34,110 - Epoch: 0, Step: 2580, L:216, Loss: 1.0305842220783235
2021-05-19 20:17:39,531 - Epoch: 0, Step: 2590, L:109, Loss: 1.0563356220722198
2021-05-19 20:17:41,653 - Epoch: 0, Step: 2600, L:106, Loss: 1.0591330230236053
2021-05-19 20:17:49,084 - Epoch: 0, Step: 2610, L:263, Loss: 0.872058093547821
2021-05-19 20:17:51,050 - Epoch: 0, Step: 2620, L:335, Loss: 1.1485333740711212
2021-05-19 20:17:54,514 - Epoch: 0, Step: 2630, L:138, Loss: 0.9194325268268585
2021-05-19 20:17:56,991 - Epoch: 0, Step: 2640, L:379, Loss: 0.9960172474384308
2021-05-19 20:17:58,877 - Epoch: 0, Step: 2650, L:237, Loss: 1.0976447880268096
2021-05-19 20:18:05,329 - Epoch: 0, Step: 2660, L:158, Loss: 0.903784666955471
2021-05-19 20:18:09,557 - Epoch: 0, Step: 2670, L:255, Loss: 1.029534775018692
2021-05-19 20:18:12,521 - Epoch: 0, Step: 2680, L:113, Loss: 0.8906383574008941
2021-05-19 20:18:15,885 - Epoch: 0, Step: 2690, L:433, Loss: 1.0098637402057649
2021-05-19 20:18:19,066 - Epoch: 0, Step: 2700, L:144, Loss: 1.011188554763794
2021-05-19 20:18:25,005 - Epoch: 0, Step: 2710, L:168, Loss: 0.9372281432151794
2021-05-19 20:18:28,339 - Epoch: 0, Step: 2720, L:393, Loss: 0.8337867975234985
2021-05-19 20:18:32,097 - Epoch: 0, Step: 2730, L:423, Loss: 1.044467669725418
2021-05-19 20:18:35,738 - Epoch: 0, Step: 2740, L:123, Loss: 1.0699169099330903
2021-05-19 20:18:39,130 - Epoch: 0, Step: 2750, L:246, Loss: 1.0377163589000702
2021-05-19 20:18:41,434 - Epoch: 0, Step: 2760, L:243, Loss: 1.106701821088791
2021-05-19 20:18:47,917 - Epoch: 0, Step: 2770, L:490, Loss: 0.8564345479011536
2021-05-19 20:18:50,898 - Epoch: 0, Step: 2780, L:245, Loss: 1.1085473358631135
2021-05-19 20:18:56,023 - Epoch: 0, Step: 2790, L:382, Loss: 0.9061191558837891
2021-05-19 20:18:58,656 - Epoch: 0, Step: 2800, L:146, Loss: 1.0594870626926423
2021-05-19 20:19:02,824 - Epoch: 0, Step: 2810, L:127, Loss: 0.9144407391548157
2021-05-19 20:19:05,801 - Epoch: 0, Step: 2820, L:134, Loss: 0.9785176903009415
2021-05-19 20:19:13,512 - Epoch: 0, Step: 2830, L:129, Loss: 0.8199463099241256
2021-05-19 20:19:16,255 - Epoch: 0, Step: 2840, L:474, Loss: 1.1480143189430236
2021-05-19 20:19:21,076 - Epoch: 0, Step: 2850, L:173, Loss: 0.9202380955219269
2021-05-19 20:19:25,009 - Epoch: 0, Step: 2860, L:298, Loss: 0.9963742375373841
2021-05-19 20:19:28,083 - Epoch: 0, Step: 2870, L:276, Loss: 0.9303791165351868
2021-05-19 20:19:32,790 - Epoch: 0, Step: 2880, L:218, Loss: 0.9319775342941284
2021-05-19 20:19:36,370 - Epoch: 0, Step: 2890, L:335, Loss: 1.0215932488441468
2021-05-19 20:19:41,289 - Epoch: 0, Step: 2900, L:276, Loss: 0.9488476336002349
2021-05-19 20:19:44,890 - Epoch: 0, Step: 2910, L:128, Loss: 0.9248251795768738
2021-05-19 20:19:48,355 - Epoch: 0, Step: 2920, L:398, Loss: 0.7891638904809952
2021-05-19 20:19:50,038 - Epoch: 0, Step: 2930, L:283, Loss: 1.0570987999439239
2021-05-19 20:19:52,300 - Epoch: 0, Step: 2940, L:110, Loss: 1.058507066965103
2021-05-19 20:19:56,840 - Epoch: 0, Step: 2950, L:146, Loss: 1.1336413204669953
2021-05-19 20:19:59,382 - Epoch: 0, Step: 2960, L:177, Loss: 1.0729707717895507
2021-05-19 20:20:03,063 - Epoch: 0, Step: 2970, L:113, Loss: 0.9738607347011566
2021-05-19 20:20:05,533 - Epoch: 0, Step: 2980, L:202, Loss: 0.9600657165050507
2021-05-19 20:20:08,104 - Epoch: 0, Step: 2990, L:192, Loss: 1.0561030745506286
2021-05-19 20:20:14,263 - Start evaluating...
2021-05-19 20:20:24,010 - Evaluation: 0 / 1219
2021-05-19 20:20:26,617 - Evaluation: 10 / 1219
2021-05-19 20:20:28,425 - Evaluation: 20 / 1219
2021-05-19 20:20:29,836 - Evaluation: 30 / 1219
2021-05-19 20:20:30,605 - Evaluation: 40 / 1219
2021-05-19 20:20:36,736 - Evaluation: 50 / 1219
2021-05-19 20:20:37,810 - Evaluation: 60 / 1219
2021-05-19 20:20:41,406 - Evaluation: 70 / 1219
2021-05-19 20:20:44,603 - Evaluation: 80 / 1219
2021-05-19 20:20:49,319 - Evaluation: 90 / 1219
2021-05-19 20:20:51,832 - Evaluation: 100 / 1219
2021-05-19 20:20:59,990 - Evaluation: 110 / 1219
2021-05-19 20:21:00,944 - Evaluation: 120 / 1219
2021-05-19 20:21:02,161 - Evaluation: 130 / 1219
2021-05-19 20:21:10,456 - Evaluation: 140 / 1219
2021-05-19 20:21:11,729 - Evaluation: 150 / 1219
2021-05-19 20:21:18,336 - Evaluation: 160 / 1219
2021-05-19 20:21:19,766 - Evaluation: 170 / 1219
2021-05-19 20:21:22,174 - Evaluation: 180 / 1219
2021-05-19 20:21:23,952 - Evaluation: 190 / 1219
2021-05-19 20:21:24,829 - Evaluation: 200 / 1219
2021-05-19 20:21:33,089 - Evaluation: 210 / 1219
2021-05-19 20:21:34,823 - Evaluation: 220 / 1219
2021-05-19 20:21:38,176 - Evaluation: 230 / 1219
2021-05-19 20:21:44,111 - Evaluation: 240 / 1219
2021-05-19 20:21:45,553 - Evaluation: 250 / 1219
2021-05-19 20:21:53,143 - Evaluation: 260 / 1219
2021-05-19 20:21:56,408 - Evaluation: 270 / 1219
2021-05-19 20:21:58,463 - Evaluation: 280 / 1219
2021-05-19 20:22:04,226 - Evaluation: 290 / 1219
2021-05-19 20:22:06,626 - Evaluation: 300 / 1219
2021-05-19 20:22:11,237 - Evaluation: 310 / 1219
2021-05-19 20:22:13,297 - Evaluation: 320 / 1219
2021-05-19 20:22:17,303 - Evaluation: 330 / 1219
2021-05-19 20:22:18,324 - Evaluation: 340 / 1219
2021-05-19 20:22:19,596 - Evaluation: 350 / 1219
2021-05-19 20:22:23,658 - Evaluation: 360 / 1219
2021-05-19 20:22:29,131 - Evaluation: 370 / 1219
2021-05-19 20:22:30,472 - Evaluation: 380 / 1219
2021-05-19 20:22:31,378 - Evaluation: 390 / 1219
2021-05-19 20:22:37,324 - Evaluation: 400 / 1219
2021-05-19 20:22:38,446 - Evaluation: 410 / 1219
2021-05-19 20:22:45,466 - Evaluation: 420 / 1219
2021-05-19 20:22:46,465 - Evaluation: 430 / 1219
2021-05-19 20:22:51,619 - Evaluation: 440 / 1219
2021-05-19 20:22:52,585 - Evaluation: 450 / 1219
2021-05-19 20:22:53,846 - Evaluation: 460 / 1219
2021-05-19 20:23:02,208 - Evaluation: 470 / 1219
2021-05-19 20:23:02,985 - Evaluation: 480 / 1219
2021-05-19 20:23:05,019 - Evaluation: 490 / 1219
2021-05-19 20:23:06,554 - Evaluation: 500 / 1219
2021-05-19 20:23:07,917 - Evaluation: 510 / 1219
2021-05-19 20:23:17,966 - Evaluation: 520 / 1219
2021-05-19 20:23:19,262 - Evaluation: 530 / 1219
2021-05-19 20:23:25,654 - Evaluation: 540 / 1219
2021-05-19 20:23:28,239 - Evaluation: 550 / 1219
2021-05-19 20:23:36,784 - Evaluation: 560 / 1219
2021-05-19 20:23:37,954 - Evaluation: 570 / 1219
2021-05-19 20:23:39,962 - Evaluation: 580 / 1219
2021-05-19 20:23:48,372 - Evaluation: 590 / 1219
2021-05-19 20:23:50,050 - Evaluation: 600 / 1219
2021-05-19 20:23:51,562 - Evaluation: 610 / 1219
2021-05-19 20:23:53,473 - Evaluation: 620 / 1219
2021-05-19 20:24:00,930 - Evaluation: 630 / 1219
2021-05-19 20:24:03,337 - Evaluation: 640 / 1219
2021-05-19 20:24:12,160 - Evaluation: 650 / 1219
2021-05-19 20:24:13,810 - Evaluation: 660 / 1219
2021-05-19 20:24:14,986 - Evaluation: 670 / 1219
2021-05-19 20:24:18,509 - Evaluation: 680 / 1219
2021-05-19 20:24:25,626 - Evaluation: 690 / 1219
2021-05-19 20:24:32,491 - Evaluation: 700 / 1219
2021-05-19 20:24:33,991 - Evaluation: 710 / 1219
2021-05-19 20:24:37,251 - Evaluation: 720 / 1219
2021-05-19 20:24:39,336 - Evaluation: 730 / 1219
2021-05-19 20:24:46,884 - Evaluation: 740 / 1219
2021-05-19 20:24:48,050 - Evaluation: 750 / 1219
2021-05-19 20:24:50,537 - Evaluation: 760 / 1219
2021-05-19 20:24:51,892 - Evaluation: 770 / 1219
2021-05-19 20:25:02,298 - Evaluation: 780 / 1219
2021-05-19 20:25:04,824 - Evaluation: 790 / 1219
2021-05-19 20:25:06,659 - Evaluation: 800 / 1219
2021-05-19 20:25:08,225 - Evaluation: 810 / 1219
2021-05-19 20:25:16,462 - Evaluation: 820 / 1219
2021-05-19 20:25:17,789 - Evaluation: 830 / 1219
2021-05-19 20:25:21,622 - Evaluation: 840 / 1219
2021-05-19 20:25:23,730 - Evaluation: 850 / 1219
2021-05-19 20:25:26,805 - Evaluation: 860 / 1219
2021-05-19 20:25:32,041 - Evaluation: 870 / 1219
2021-05-19 20:25:33,097 - Evaluation: 880 / 1219
2021-05-19 20:25:36,564 - Evaluation: 890 / 1219
2021-05-19 20:25:37,200 - Evaluation: 900 / 1219
2021-05-19 20:25:42,467 - Evaluation: 910 / 1219
2021-05-19 20:25:45,674 - Evaluation: 920 / 1219
2021-05-19 20:25:51,565 - Evaluation: 930 / 1219
2021-05-19 20:25:55,930 - Evaluation: 940 / 1219
2021-05-19 20:25:56,945 - Evaluation: 950 / 1219
2021-05-19 20:25:58,607 - Evaluation: 960 / 1219
2021-05-19 20:26:02,840 - Evaluation: 970 / 1219
2021-05-19 20:26:04,166 - Evaluation: 980 / 1219
2021-05-19 20:26:12,490 - Evaluation: 990 / 1219
2021-05-19 20:26:14,327 - Evaluation: 1000 / 1219
2021-05-19 20:26:22,987 - Evaluation: 1010 / 1219
2021-05-19 20:26:24,176 - Evaluation: 1020 / 1219
2021-05-19 20:26:25,472 - Evaluation: 1030 / 1219
2021-05-19 20:26:26,564 - Evaluation: 1040 / 1219
2021-05-19 20:26:32,158 - Evaluation: 1050 / 1219
2021-05-19 20:26:34,218 - Evaluation: 1060 / 1219
2021-05-19 20:26:39,673 - Evaluation: 1070 / 1219
2021-05-19 20:26:46,751 - Evaluation: 1080 / 1219
2021-05-19 20:26:48,294 - Evaluation: 1090 / 1219
2021-05-19 20:26:53,529 - Evaluation: 1100 / 1219
2021-05-19 20:26:55,567 - Evaluation: 1110 / 1219
2021-05-19 20:27:00,393 - Evaluation: 1120 / 1219
2021-05-19 20:27:03,353 - Evaluation: 1130 / 1219
2021-05-19 20:27:04,412 - Evaluation: 1140 / 1219
2021-05-19 20:27:09,694 - Evaluation: 1150 / 1219
2021-05-19 20:27:10,974 - Evaluation: 1160 / 1219
2021-05-19 20:27:12,892 - Evaluation: 1170 / 1219
2021-05-19 20:27:17,912 - Evaluation: 1180 / 1219
2021-05-19 20:27:21,773 - Evaluation: 1190 / 1219
2021-05-19 20:27:22,821 - Evaluation: 1200 / 1219
2021-05-19 20:27:26,029 - Evaluation: 1210 / 1219
2021-05-19 20:27:26,878 - -----------------------EVAL---------------------
Evaluation Result: 6.603144645690918
2021-05-19 20:27:26,878 - T10: 0.21398037672042847, T5: 0.22782833874225616, T2: 0.2377890944480896, T1: 0.23948343098163605
2021-05-19 20:27:26,878 - LT10: 0.1992785483598709, LT5: 0.1926882565021515, LT2: 0.17815515398979187, LT1: 0.16965563595294952
2021-05-19 20:27:26,879 - Short all result: [0.         0.25529072 0.23180361 0.14647295 0.30242556 0.25612548
 0.21002007 0.09573615 0.         0.0660855 ]

2021-05-19 20:27:27,281 - Epoch: 0, Step: 3000, L:344, Loss: 0.9411698907613755
2021-05-19 20:27:29,672 - Epoch: 0, Step: 3010, L:208, Loss: 1.0093078643083573
2021-05-19 20:27:32,466 - Epoch: 0, Step: 3020, L:158, Loss: 1.0346066236495972
2021-05-19 20:27:34,460 - Epoch: 0, Step: 3030, L:303, Loss: 0.9955919504165649
2021-05-19 20:27:36,737 - Epoch: 0, Step: 3040, L:119, Loss: 0.9828146010637283
2021-05-19 20:27:42,778 - Epoch: 0, Step: 3050, L:312, Loss: 0.9364809155464172
2021-05-19 20:27:45,586 - Epoch: 0, Step: 3060, L:135, Loss: 1.0516045272350312
2021-05-19 20:27:49,185 - Epoch: 0, Step: 3070, L:237, Loss: 0.9368419766426086
2021-05-19 20:27:52,036 - Epoch: 0, Step: 3080, L:137, Loss: 0.9258575737476349
2021-05-19 20:27:54,915 - Epoch: 0, Step: 3090, L:163, Loss: 1.1262309849262238
2021-05-19 20:28:01,035 - Epoch: 0, Step: 3100, L:290, Loss: 0.906329208612442
2021-05-19 20:28:04,008 - Epoch: 0, Step: 3110, L:258, Loss: 0.9796634435653686
2021-05-19 20:28:07,073 - Epoch: 0, Step: 3120, L:243, Loss: 0.9637417078018189
2021-05-19 20:28:15,930 - Epoch: 0, Step: 3130, L:151, Loss: 0.84257170855999
2021-05-19 20:28:18,446 - Epoch: 0, Step: 3140, L:128, Loss: 0.9595036685466767
2021-05-19 20:28:22,375 - Epoch: 0, Step: 3150, L:380, Loss: 0.916556853055954
2021-05-19 20:28:25,234 - Epoch: 0, Step: 3160, L:118, Loss: 1.0152697086334228
2021-05-19 20:28:31,026 - Epoch: 0, Step: 3170, L:284, Loss: 0.9912683069705963
2021-05-19 20:28:33,967 - Epoch: 0, Step: 3180, L:103, Loss: 0.9849270164966584
2021-05-19 20:28:36,452 - Epoch: 0, Step: 3190, L:270, Loss: 0.9275833129882812
2021-05-19 20:28:40,208 - Epoch: 0, Step: 3200, L:306, Loss: 0.8793627679347992
2021-05-19 20:28:42,489 - Epoch: 0, Step: 3210, L:149, Loss: 1.0306121051311492
2021-05-19 20:28:46,330 - Epoch: 0, Step: 3220, L:212, Loss: 0.9887604653835297
2021-05-19 20:28:49,278 - Epoch: 0, Step: 3230, L:154, Loss: 0.8625078618526458
2021-05-19 20:28:52,705 - Epoch: 0, Step: 3240, L:435, Loss: 1.0708660781383514
2021-05-19 20:28:59,416 - Epoch: 0, Step: 3250, L:177, Loss: 0.9484302997589111
2021-05-19 20:29:02,617 - Epoch: 0, Step: 3260, L:246, Loss: 1.029834359884262
2021-05-19 20:29:05,116 - Epoch: 0, Step: 3270, L:364, Loss: 1.0865652918815614
2021-05-19 20:29:07,103 - Epoch: 0, Step: 3280, L:246, Loss: 1.0620139241218567
2021-05-19 20:29:09,563 - Epoch: 0, Step: 3290, L:144, Loss: 1.0485644221305848
2021-05-19 20:29:21,639 - Epoch: 0, Step: 3300, L:140, Loss: 1.1375523507595062
2021-05-19 20:29:25,211 - Epoch: 0, Step: 3310, L:195, Loss: 1.0232876300811768
2021-05-19 20:29:27,911 - Epoch: 0, Step: 3320, L:231, Loss: 1.0223802655935288
2021-05-19 20:29:32,244 - Epoch: 0, Step: 3330, L:143, Loss: 0.8731439292430878
2021-05-19 20:29:34,283 - Epoch: 0, Step: 3340, L:311, Loss: 1.0644940972328185
2021-05-19 20:29:37,655 - Epoch: 0, Step: 3350, L:117, Loss: 1.0964091181755067
2021-05-19 20:29:40,129 - Epoch: 0, Step: 3360, L:251, Loss: 1.0391244351863862
2021-05-19 20:29:43,077 - Epoch: 0, Step: 3370, L:224, Loss: 0.9121007591485977
2021-05-19 20:29:45,443 - Epoch: 0, Step: 3380, L:124, Loss: 1.0838274836540223
2021-05-19 20:29:49,789 - Epoch: 0, Step: 3390, L:393, Loss: 0.9819613456726074
2021-05-19 20:29:51,199 - Epoch: 0, Step: 3400, L:166, Loss: 1.2044101417064668
2021-05-19 20:29:59,338 - Epoch: 0, Step: 3410, L:169, Loss: 1.1325589060783385
2021-05-19 20:30:04,155 - Epoch: 0, Step: 3420, L:247, Loss: 0.8959416806697845
2021-05-19 20:30:05,930 - Epoch: 0, Step: 3430, L:113, Loss: 1.0958370923995973
2021-05-19 20:30:10,952 - Epoch: 0, Step: 3440, L:299, Loss: 0.9507588565349578
2021-05-19 20:30:13,041 - Epoch: 0, Step: 3450, L:192, Loss: 1.061690127849579
2021-05-19 20:30:17,646 - Epoch: 0, Step: 3460, L:311, Loss: 1.158075737953186
2021-05-19 20:30:19,843 - Epoch: 0, Step: 3470, L:110, Loss: 1.05227632522583
2021-05-19 20:30:24,579 - Epoch: 0, Step: 3480, L:202, Loss: 1.053162795305252
2021-05-19 20:30:26,942 - Epoch: 0, Step: 3490, L:124, Loss: 1.0234375327825547
2021-05-19 20:30:29,855 - Epoch: 0, Step: 3500, L:428, Loss: 0.8807076275348663
2021-05-19 20:30:32,565 - Epoch: 0, Step: 3510, L:134, Loss: 1.0078761339187623
2021-05-19 20:30:36,286 - Epoch: 0, Step: 3520, L:246, Loss: 0.8420653104782104
2021-05-19 20:30:42,329 - Epoch: 0, Step: 3530, L:289, Loss: 1.0188509225845337
2021-05-19 20:30:48,558 - Epoch: 0, Step: 3540, L:409, Loss: 1.0668495059013368
2021-05-19 20:30:51,169 - Epoch: 0, Step: 3550, L:111, Loss: 0.9066730976104737
2021-05-19 20:30:54,224 - Epoch: 0, Step: 3560, L:248, Loss: 0.8796724319458008
2021-05-19 20:30:56,754 - Epoch: 0, Step: 3570, L:373, Loss: 0.9037855803966522
2021-05-19 20:30:58,362 - Epoch: 0, Step: 3580, L:154, Loss: 1.060079711675644
2021-05-19 20:31:00,900 - Epoch: 0, Step: 3590, L:262, Loss: 1.0041860699653626
2021-05-19 20:31:04,618 - Epoch: 0, Step: 3600, L:295, Loss: 0.9675073683261871
2021-05-19 20:31:08,826 - Epoch: 0, Step: 3610, L:142, Loss: 0.8966478526592254
2021-05-19 20:31:12,445 - Epoch: 0, Step: 3620, L:143, Loss: 0.9839141190052032
2021-05-19 20:31:15,231 - Epoch: 0, Step: 3630, L:364, Loss: 1.0170187592506408
2021-05-19 20:31:20,985 - Epoch: 0, Step: 3640, L:217, Loss: 1.0038123369216918
2021-05-19 20:31:23,992 - Epoch: 0, Step: 3650, L:205, Loss: 0.9756756722927094
2021-05-19 20:31:27,100 - Epoch: 0, Step: 3660, L:149, Loss: 1.0211105644702911
2021-05-19 20:31:30,653 - Epoch: 0, Step: 3670, L:106, Loss: 0.9246136665344238
2021-05-19 20:31:33,353 - Epoch: 0, Step: 3680, L:389, Loss: 1.037142288684845
2021-05-19 20:31:35,838 - Epoch: 0, Step: 3690, L:110, Loss: 1.062225615978241
2021-05-19 20:31:42,148 - Epoch: 0, Step: 3700, L:237, Loss: 0.8757362306118012
2021-05-19 20:31:44,810 - Epoch: 0, Step: 3710, L:168, Loss: 1.1143662929534912
2021-05-19 20:31:47,568 - Epoch: 0, Step: 3720, L:231, Loss: 1.1331621527671814
2021-05-19 20:31:54,182 - Epoch: 0, Step: 3730, L:343, Loss: 0.9204889148473739
2021-05-19 20:31:56,607 - Epoch: 0, Step: 3740, L:269, Loss: 0.9929074108600616
2021-05-19 20:31:59,064 - Epoch: 0, Step: 3750, L:191, Loss: 0.9944418549537659
2021-05-19 20:32:01,622 - Epoch: 0, Step: 3760, L:152, Loss: 0.8706774279475212
2021-05-19 20:32:04,739 - Epoch: 0, Step: 3770, L:321, Loss: 1.0464028239250183
2021-05-19 20:32:08,702 - Epoch: 0, Step: 3780, L:129, Loss: 0.9773400738835335
2021-05-19 20:32:12,593 - Epoch: 0, Step: 3790, L:334, Loss: 0.9120007336139679
2021-05-19 20:32:18,827 - Epoch: 0, Step: 3800, L:257, Loss: 0.9179860174655914
2021-05-19 20:32:22,779 - Epoch: 0, Step: 3810, L:419, Loss: 0.9441162586212158
2021-05-19 20:32:25,457 - Epoch: 0, Step: 3820, L:160, Loss: 0.9756253719329834
2021-05-19 20:32:27,728 - Epoch: 0, Step: 3830, L:336, Loss: 0.9153627097606659
2021-05-19 20:32:30,510 - Epoch: 0, Step: 3840, L:118, Loss: 0.9314248114824295
2021-05-19 20:32:32,348 - Epoch: 0, Step: 3850, L:247, Loss: 1.1630300402641296
2021-05-19 20:32:34,957 - Epoch: 0, Step: 3860, L:254, Loss: 0.9995271444320679
2021-05-19 20:32:37,042 - Epoch: 0, Step: 3870, L:306, Loss: 1.0565666258335114
2021-05-19 20:32:39,594 - Epoch: 0, Step: 3880, L:254, Loss: 0.9358467131853103
2021-05-19 20:32:42,277 - Epoch: 0, Step: 3890, L:247, Loss: 1.0954171597957612
2021-05-19 20:32:44,651 - Epoch: 0, Step: 3900, L:113, Loss: 0.9475821077823638
2021-05-19 20:32:48,893 - Epoch: 0, Step: 3910, L:323, Loss: 0.9583212494850158
2021-05-19 20:32:52,869 - Epoch: 0, Step: 3920, L:333, Loss: 0.919651472568512
2021-05-19 20:32:57,744 - Epoch: 0, Step: 3930, L:167, Loss: 1.0999652683734893
2021-05-19 20:33:00,040 - Epoch: 0, Step: 3940, L:138, Loss: 0.9379321575164795
2021-05-19 20:33:02,556 - Epoch: 0, Step: 3950, L:206, Loss: 1.0219997942447663
2021-05-19 20:33:09,102 - Epoch: 0, Step: 3960, L:211, Loss: 1.0456196784973144
2021-05-19 20:33:11,563 - Epoch: 0, Step: 3970, L:213, Loss: 1.0392839848995208
2021-05-19 20:33:14,079 - Epoch: 0, Step: 3980, L:321, Loss: 1.053333443403244
2021-05-19 20:33:16,186 - Epoch: 0, Step: 3990, L:149, Loss: 1.1376534044742583
2021-05-19 20:33:21,411 - Epoch: 0, Step: 4000, L:107, Loss: 1.0061854302883149
2021-05-19 20:33:25,992 - Epoch: 0, Step: 4010, L:346, Loss: 1.026919913291931
2021-05-19 20:33:28,161 - Epoch: 0, Step: 4020, L:275, Loss: 0.9796035706996917
2021-05-19 20:33:30,772 - Epoch: 0, Step: 4030, L:327, Loss: 1.0563145220279693
2021-05-19 20:33:34,397 - Epoch: 0, Step: 4040, L:394, Loss: 1.0976520836353303
2021-05-19 20:33:42,270 - Epoch: 0, Step: 4050, L:176, Loss: 1.0196772813796997
2021-05-19 20:33:44,324 - Epoch: 0, Step: 4060, L:194, Loss: 1.0664183616638183
2021-05-19 20:33:49,306 - Epoch: 0, Step: 4070, L:106, Loss: 1.0350927531719207
2021-05-19 20:33:51,650 - Epoch: 0, Step: 4080, L:454, Loss: 0.9229934006929398
2021-05-19 20:33:54,155 - Epoch: 0, Step: 4090, L:124, Loss: 0.9996482968330384
2021-05-19 20:33:59,349 - Epoch: 0, Step: 4100, L:393, Loss: 0.9503203779459
2021-05-19 20:34:01,991 - Epoch: 0, Step: 4110, L:198, Loss: 1.061806982755661
2021-05-19 20:34:04,561 - Epoch: 0, Step: 4120, L:167, Loss: 0.8664113402366638
2021-05-19 20:34:07,059 - Epoch: 0, Step: 4130, L:245, Loss: 1.0553703516721726
2021-05-19 20:34:08,971 - Epoch: 0, Step: 4140, L:166, Loss: 0.9461801052093506
2021-05-19 20:34:12,742 - Epoch: 0, Step: 4150, L:211, Loss: 0.9953893780708313
2021-05-19 20:34:19,378 - Epoch: 0, Step: 4160, L:202, Loss: 0.9314628392457962
2021-05-19 20:34:21,358 - Epoch: 0, Step: 4170, L:145, Loss: 0.9729737401008606
2021-05-19 20:34:25,090 - Epoch: 0, Step: 4180, L:206, Loss: 0.8561590909957886
2021-05-19 20:34:27,476 - Epoch: 0, Step: 4190, L:123, Loss: 1.0707249820232392
2021-05-19 20:34:32,994 - Epoch: 0, Step: 4200, L:183, Loss: 1.0863399744033813
2021-05-19 20:34:35,008 - Epoch: 0, Step: 4210, L:101, Loss: 1.055987399816513
2021-05-19 20:34:37,996 - Epoch: 0, Step: 4220, L:181, Loss: 1.0819547593593597
2021-05-19 20:34:41,467 - Epoch: 0, Step: 4230, L:113, Loss: 0.9654274463653565
2021-05-19 20:34:45,081 - Epoch: 0, Step: 4240, L:344, Loss: 0.9254996478557587
2021-05-19 20:34:47,402 - Epoch: 0, Step: 4250, L:203, Loss: 0.9841556131839753
2021-05-19 20:34:50,312 - Epoch: 0, Step: 4260, L:330, Loss: 0.8190256655216217
2021-05-19 20:34:52,162 - Epoch: 0, Step: 4270, L:155, Loss: 0.9772542774677276
2021-05-19 20:34:57,710 - Epoch: 0, Step: 4280, L:456, Loss: 0.9808044582605362
2021-05-19 20:35:00,326 - Epoch: 0, Step: 4290, L:122, Loss: 1.0966704308986663
2021-05-19 20:35:05,610 - Epoch: 0, Step: 4300, L:206, Loss: 1.0029138445854187
2021-05-19 20:35:08,113 - Epoch: 0, Step: 4310, L:238, Loss: 0.9787277519702912
2021-05-19 20:35:16,724 - Epoch: 0, Step: 4320, L:315, Loss: 0.876648622751236
2021-05-19 20:35:19,737 - Epoch: 0, Step: 4330, L:389, Loss: 0.938282135128975
2021-05-19 20:35:22,650 - Epoch: 0, Step: 4340, L:316, Loss: 0.9845079809427262
2021-05-19 20:35:24,902 - Epoch: 0, Step: 4350, L:142, Loss: 1.0845902860164642
2021-05-19 20:35:28,306 - Epoch: 0, Step: 4360, L:201, Loss: 1.0125085175037385
2021-05-19 20:35:30,440 - Epoch: 0, Step: 4370, L:169, Loss: 1.0408526003360747
2021-05-19 20:35:32,727 - Epoch: 0, Step: 4380, L:304, Loss: 1.01657495200634
2021-05-19 20:35:34,907 - Epoch: 0, Step: 4390, L:118, Loss: 1.0467649698257446
2021-05-19 20:35:37,203 - Epoch: 0, Step: 4400, L:115, Loss: 0.9744833588600159
2021-05-19 20:35:41,918 - Epoch: 0, Step: 4410, L:329, Loss: 0.9647453725337982
2021-05-19 20:35:48,557 - Epoch: 0, Step: 4420, L:111, Loss: 0.890636020898819
2021-05-19 20:35:51,624 - Epoch: 0, Step: 4430, L:207, Loss: 0.9170612812042236
2021-05-19 20:35:53,674 - Epoch: 0, Step: 4440, L:266, Loss: 1.0507037818431855
2021-05-19 20:35:55,789 - Epoch: 0, Step: 4450, L:184, Loss: 0.8626387923955917
2021-05-19 20:35:58,973 - Epoch: 0, Step: 4460, L:127, Loss: 1.0203524768352508
2021-05-19 20:36:04,198 - Epoch: 0, Step: 4470, L:415, Loss: 1.0278845310211182
2021-05-19 20:36:07,446 - Epoch: 0, Step: 4480, L:200, Loss: 0.9529088735580444
2021-05-19 20:36:12,677 - Epoch: 0, Step: 4490, L:222, Loss: 0.8002039104700088
2021-05-19 20:36:18,636 - Epoch: 0, Step: 4500, L:369, Loss: 0.9190312087535858
2021-05-19 20:36:21,297 - Epoch: 0, Step: 4510, L:314, Loss: 0.9038236737251282
2021-05-19 20:36:23,519 - Epoch: 0, Step: 4520, L:103, Loss: 1.0119883179664613
2021-05-19 20:36:27,158 - Epoch: 0, Step: 4530, L:189, Loss: 0.9640958666801452
2021-05-19 20:36:29,435 - Epoch: 0, Step: 4540, L:349, Loss: 0.9593281507492065
2021-05-19 20:36:32,484 - Epoch: 0, Step: 4550, L:425, Loss: 0.9589725136756897
2021-05-19 20:36:35,430 - Epoch: 0, Step: 4560, L:257, Loss: 1.0437486529350282
2021-05-19 20:36:41,543 - Epoch: 0, Step: 4570, L:214, Loss: 1.033994632959366
2021-05-19 20:36:44,459 - Epoch: 0, Step: 4580, L:290, Loss: 1.0909187555313111
2021-05-19 20:36:47,542 - Epoch: 0, Step: 4590, L:388, Loss: 0.8997204899787903
2021-05-19 20:36:49,712 - Epoch: 0, Step: 4600, L:133, Loss: 1.0772311091423035
2021-05-19 20:36:52,526 - Epoch: 0, Step: 4610, L:211, Loss: 1.0307564824819564
2021-05-19 20:36:57,871 - Epoch: 0, Step: 4620, L:394, Loss: 0.8546920120716095
2021-05-19 20:37:01,070 - Epoch: 0, Step: 4630, L:185, Loss: 0.9592948615550995
2021-05-19 20:37:05,267 - Epoch: 0, Step: 4640, L:276, Loss: 0.8825487494468689
2021-05-19 20:37:07,818 - Epoch: 0, Step: 4650, L:208, Loss: 1.0071309447288512
2021-05-19 20:37:11,065 - Epoch: 0, Step: 4660, L:231, Loss: 0.9902964174747467
2021-05-19 20:37:13,381 - Epoch: 0, Step: 4670, L:304, Loss: 1.0183291614055634
2021-05-19 20:37:23,362 - Epoch: 0, Step: 4680, L:185, Loss: 0.9343833863735199
2021-05-19 20:37:25,874 - Epoch: 0, Step: 4690, L:158, Loss: 0.8712757498025894
2021-05-19 20:37:28,074 - Epoch: 0, Step: 4700, L:116, Loss: 0.9567140758037567
2021-05-19 20:37:30,524 - Epoch: 0, Step: 4710, L:329, Loss: 1.0147454559803009
2021-05-19 20:37:37,063 - Epoch: 0, Step: 4720, L:167, Loss: 0.9444699138402939
2021-05-19 20:37:40,227 - Epoch: 0, Step: 4730, L:369, Loss: 0.9342470943927765
2021-05-19 20:37:42,773 - Epoch: 0, Step: 4740, L:309, Loss: 0.8854246079921723
2021-05-19 20:37:45,944 - Epoch: 0, Step: 4750, L:205, Loss: 0.9612011581659317
2021-05-19 20:37:49,602 - Epoch: 0, Step: 4760, L:468, Loss: 0.8930413216352463
2021-05-19 20:37:52,514 - Epoch: 0, Step: 4770, L:153, Loss: 1.0776592373847962
2021-05-19 20:38:00,217 - Epoch: 0, Step: 4780, L:224, Loss: 0.9533381879329681
2021-05-19 20:38:04,837 - Epoch: 0, Step: 4790, L:192, Loss: 0.9284505724906922
2021-05-19 20:38:08,211 - Epoch: 0, Step: 4800, L:345, Loss: 0.9376525700092315
2021-05-19 20:38:13,090 - Epoch: 0, Step: 4810, L:152, Loss: 0.957067334651947
2021-05-19 20:38:16,600 - Epoch: 0, Step: 4820, L:199, Loss: 0.931682676076889
2021-05-19 20:38:19,346 - Epoch: 0, Step: 4830, L:182, Loss: 0.9433366984128952
2021-05-19 20:38:22,775 - Epoch: 0, Step: 4840, L:187, Loss: 0.898925107717514
2021-05-19 20:38:24,912 - Epoch: 0, Step: 4850, L:282, Loss: 0.9645895451307297
2021-05-19 20:38:29,614 - Epoch: 0, Step: 4860, L:273, Loss: 1.0117900609970092
2021-05-19 20:38:31,823 - Epoch: 0, Step: 4870, L:199, Loss: 1.0568223297595978
2021-05-19 20:38:36,081 - Epoch: 0, Step: 4880, L:266, Loss: 1.0564899444580078
2021-05-19 20:38:39,428 - Epoch: 0, Step: 4890, L:370, Loss: 0.9626942932605743
2021-05-19 20:38:42,000 - Epoch: 0, Step: 4900, L:226, Loss: 1.1177162647247314
2021-05-19 20:38:47,149 - Epoch: 0, Step: 4910, L:452, Loss: 1.101848405599594
2021-05-19 20:38:49,610 - Epoch: 0, Step: 4920, L:130, Loss: 1.030570423603058
2021-05-19 20:38:52,486 - Epoch: 0, Step: 4930, L:298, Loss: 1.0782208800315858
2021-05-19 20:38:58,789 - Epoch: 0, Step: 4940, L:274, Loss: 0.9976151764392853
2021-05-19 20:39:01,748 - Epoch: 0, Step: 4950, L:367, Loss: 1.020411843061447
2021-05-19 20:39:03,211 - Epoch: 0, Step: 4960, L:121, Loss: 1.0085986524820327
2021-05-19 20:39:10,541 - Epoch: 0, Step: 4970, L:143, Loss: 0.9047616004943848
2021-05-19 20:39:17,738 - Epoch: 0, Step: 4980, L:423, Loss: 0.9466257214546203
2021-05-19 20:39:20,374 - Epoch: 0, Step: 4990, L:135, Loss: 0.9454554259777069
2021-05-19 20:39:25,954 - Epoch: 0, Step: 5000, L:390, Loss: 0.9134152382612228
2021-05-19 20:39:28,375 - Epoch: 0, Step: 5010, L:128, Loss: 0.9664567083120346
2021-05-19 20:39:31,235 - Epoch: 0, Step: 5020, L:393, Loss: 0.8819189667701721
2021-05-19 20:39:33,695 - Epoch: 0, Step: 5030, L:147, Loss: 1.008103573322296
2021-05-19 20:39:36,792 - Epoch: 0, Step: 5040, L:317, Loss: 0.9792204856872558
2021-05-19 20:39:39,759 - Epoch: 0, Step: 5050, L:271, Loss: 1.1106017768383025
2021-05-19 20:39:42,112 - Epoch: 0, Step: 5060, L:175, Loss: 0.875079807639122
2021-05-19 20:39:47,096 - Epoch: 0, Step: 5070, L:192, Loss: 0.9401207059621811
2021-05-19 20:39:49,745 - Epoch: 0, Step: 5080, L:322, Loss: 0.9440759629011154
2021-05-19 20:39:53,169 - Epoch: 0, Step: 5090, L:218, Loss: 0.9735880315303802
2021-05-19 20:39:57,092 - Epoch: 0, Step: 5100, L:384, Loss: 0.8254792332649231
2021-05-19 20:40:00,493 - Epoch: 0, Step: 5110, L:463, Loss: 0.9607900738716125
2021-05-19 20:40:03,007 - Epoch: 0, Step: 5120, L:327, Loss: 1.0599201798439026
2021-05-19 20:40:04,643 - Epoch: 0, Step: 5130, L:223, Loss: 1.1713151395320893
2021-05-19 20:40:09,484 - Epoch: 0, Step: 5140, L:100, Loss: 0.9866284489631653
2021-05-19 20:40:10,965 - Epoch: 0, Step: 5150, L:129, Loss: 1.151547020673752
2021-05-19 20:40:13,411 - Epoch: 0, Step: 5160, L:197, Loss: 1.0344830870628356
2021-05-19 20:40:19,643 - Epoch: 0, Step: 5170, L:459, Loss: 0.9956178307533264
2021-05-19 20:40:22,742 - Epoch: 0, Step: 5180, L:113, Loss: 1.0062047004699708
2021-05-19 20:40:25,700 - Epoch: 0, Step: 5190, L:260, Loss: 0.9358755648136139
2021-05-19 20:40:30,567 - Epoch: 0, Step: 5200, L:227, Loss: 1.1413974225521089
2021-05-19 20:40:32,595 - Epoch: 0, Step: 5210, L:167, Loss: 1.1154308378696443
2021-05-19 20:40:35,415 - Epoch: 0, Step: 5220, L:107, Loss: 1.0074983537197113
2021-05-19 20:40:39,499 - Epoch: 0, Step: 5230, L:178, Loss: 0.9004339396953582
2021-05-19 20:40:44,289 - Epoch: 0, Step: 5240, L:342, Loss: 1.027181512117386
2021-05-19 20:40:46,219 - Epoch: 0, Step: 5250, L:197, Loss: 1.0781917512416839
2021-05-19 20:40:49,050 - Epoch: 0, Step: 5260, L:444, Loss: 1.1036386847496034
2021-05-19 20:41:00,584 - Epoch: 0, Step: 5270, L:197, Loss: 0.8922653138637543
2021-05-19 20:41:02,828 - Epoch: 0, Step: 5280, L:210, Loss: 0.946130582690239
2021-05-19 20:41:06,514 - Epoch: 0, Step: 5290, L:230, Loss: 0.8741261422634125
2021-05-19 20:41:09,721 - Epoch: 0, Step: 5300, L:205, Loss: 0.9764045715332031
2021-05-19 20:41:12,819 - Epoch: 0, Step: 5310, L:195, Loss: 1.0008562862873078
2021-05-19 20:41:15,221 - Epoch: 0, Step: 5320, L:131, Loss: 1.0835622429847718
2021-05-19 20:41:23,531 - Epoch: 0, Step: 5330, L:429, Loss: 1.019442355632782
2021-05-19 20:41:27,090 - Epoch: 0, Step: 5340, L:332, Loss: 0.9030292391777038
2021-05-19 20:41:30,372 - Epoch: 0, Step: 5350, L:449, Loss: 0.9322855174541473
2021-05-19 20:41:33,288 - Epoch: 0, Step: 5360, L:392, Loss: 0.9666903913021088
2021-05-19 20:41:35,473 - Epoch: 0, Step: 5370, L:319, Loss: 0.9330608010292053
2021-05-19 20:41:39,367 - Epoch: 0, Step: 5380, L:124, Loss: 1.0015790641307831
2021-05-19 20:41:45,207 - Epoch: 0, Step: 5390, L:313, Loss: 1.0008292973041535
2021-05-19 20:41:47,877 - Epoch: 0, Step: 5400, L:213, Loss: 1.0351896166801453
2021-05-19 20:41:50,976 - Epoch: 0, Step: 5410, L:252, Loss: 0.9615937888622283
2021-05-19 20:41:53,714 - Epoch: 0, Step: 5420, L:125, Loss: 0.9925599038600922
2021-05-19 20:41:57,526 - Epoch: 0, Step: 5430, L:156, Loss: 0.9122478723526001
2021-05-19 20:42:05,813 - Epoch: 0, Step: 5440, L:140, Loss: 1.037682867050171
2021-05-19 20:42:08,200 - Epoch: 0, Step: 5450, L:118, Loss: 1.0281397938728332
2021-05-19 20:42:10,990 - Epoch: 0, Step: 5460, L:288, Loss: 0.9780755639076233
2021-05-19 20:42:13,123 - Epoch: 0, Step: 5470, L:211, Loss: 1.0396279871463776
2021-05-19 20:42:16,486 - Epoch: 0, Step: 5480, L:286, Loss: 0.9440070152282715
2021-05-19 20:42:21,348 - Epoch: 0, Step: 5490, L:373, Loss: 1.0762782633304595
2021-05-19 20:42:24,011 - Epoch: 0, Step: 5500, L:156, Loss: 1.018867802619934
2021-05-19 20:42:32,703 - Epoch: 0, Step: 5510, L:109, Loss: 0.9220531702041626
2021-05-19 20:42:34,824 - Epoch: 0, Step: 5520, L:390, Loss: 0.9749206066131592
2021-05-19 20:42:38,391 - Epoch: 0, Step: 5530, L:423, Loss: 0.9920183479785919
2021-05-19 20:42:41,234 - Epoch: 0, Step: 5540, L:231, Loss: 1.0251142740249635
2021-05-19 20:42:43,307 - Epoch: 0, Step: 5550, L:110, Loss: 1.0065546929836273
2021-05-19 20:42:45,975 - Epoch: 0, Step: 5560, L:308, Loss: 0.934896731376648
2021-05-19 20:42:50,257 - Epoch: 0, Step: 5570, L:366, Loss: 1.1314359426498413
2021-05-19 20:42:55,210 - Epoch: 0, Step: 5580, L:178, Loss: 0.8544712156057358
2021-05-19 20:42:58,557 - Epoch: 0, Step: 5590, L:144, Loss: 0.966189181804657
2021-05-19 20:43:01,841 - Epoch: 0, Step: 5600, L:259, Loss: 0.8195889413356781
2021-05-19 20:43:05,855 - Epoch: 0, Step: 5610, L:273, Loss: 0.9836124420166016
2021-05-19 20:43:12,591 - Epoch: 0, Step: 5620, L:374, Loss: 0.8244959712028503
2021-05-19 20:43:15,131 - Epoch: 0, Step: 5630, L:330, Loss: 0.9797306686639786
2021-05-19 20:43:17,339 - Epoch: 0, Step: 5640, L:175, Loss: 0.7848881870508194
2021-05-19 20:43:21,752 - Epoch: 0, Step: 5650, L:147, Loss: 0.9500088602304458
2021-05-19 20:43:23,828 - Epoch: 0, Step: 5660, L:154, Loss: 0.9383613288402557
2021-05-19 20:43:27,091 - Epoch: 0, Step: 5670, L:281, Loss: 0.9155695289373398
2021-05-19 20:43:29,288 - Epoch: 0, Step: 5680, L:226, Loss: 1.0827157557010652
2021-05-19 20:43:34,934 - Epoch: 0, Step: 5690, L:169, Loss: 1.05470370054245
2021-05-19 20:43:39,554 - Epoch: 0, Step: 5700, L:381, Loss: 1.0109813272953034
2021-05-19 20:43:42,417 - Epoch: 0, Step: 5710, L:110, Loss: 0.781856256723404
2021-05-19 20:43:46,726 - Epoch: 0, Step: 5720, L:202, Loss: 0.9074960827827454
2021-05-19 20:43:49,530 - Epoch: 0, Step: 5730, L:126, Loss: 0.9928812682628632
2021-05-19 20:43:51,785 - Epoch: 0, Step: 5740, L:122, Loss: 0.9773351192474365
2021-05-19 20:43:55,805 - Epoch: 0, Step: 5750, L:113, Loss: 0.9239975035190582
2021-05-19 20:43:59,495 - Epoch: 0, Step: 5760, L:127, Loss: 0.9584315776824951
2021-05-19 20:44:01,662 - Epoch: 0, Step: 5770, L:150, Loss: 1.026621413230896
2021-05-19 20:44:03,589 - Epoch: 0, Step: 5780, L:178, Loss: 1.0748580336570739
2021-05-19 20:44:13,805 - Epoch: 0, Step: 5790, L:184, Loss: 0.954171872138977
2021-05-19 20:44:16,904 - Epoch: 0, Step: 5800, L:356, Loss: 0.8504026621580124
2021-05-19 20:44:21,787 - Epoch: 0, Step: 5810, L:389, Loss: 0.73268021941185
2021-05-19 20:44:23,835 - Epoch: 0, Step: 5820, L:298, Loss: 1.0113888442516328
2021-05-19 20:44:25,474 - Epoch: 0, Step: 5830, L:153, Loss: 1.0707784295082092
2021-05-19 20:44:30,480 - Epoch: 0, Step: 5840, L:438, Loss: 0.8489160239696503
2021-05-19 20:44:32,248 - Epoch: 0, Step: 5850, L:142, Loss: 1.0399442195892334
2021-05-19 20:44:35,585 - Epoch: 0, Step: 5860, L:207, Loss: 1.0619666934013368
2021-05-19 20:44:39,346 - Epoch: 0, Step: 5870, L:220, Loss: 1.0439534068107605
2021-05-19 20:44:41,947 - Epoch: 0, Step: 5880, L:203, Loss: 0.9432611465454102
2021-05-19 20:44:44,064 - Epoch: 0, Step: 5890, L:250, Loss: 1.0931425988674164
2021-05-19 20:44:46,679 - Epoch: 0, Step: 5900, L:178, Loss: 0.9840137243270874
2021-05-19 20:44:49,692 - Epoch: 0, Step: 5910, L:236, Loss: 0.8351822555065155
2021-05-19 20:44:51,989 - Epoch: 0, Step: 5920, L:120, Loss: 1.0564150154590606
2021-05-19 20:44:53,649 - Epoch: 0, Step: 5930, L:157, Loss: 1.1291674733161927
2021-05-19 20:44:56,523 - Epoch: 0, Step: 5940, L:345, Loss: 0.963894110918045
2021-05-19 20:44:58,079 - Epoch: 0, Step: 5950, L:210, Loss: 1.0175321996212006
2021-05-19 20:45:05,067 - Epoch: 0, Step: 5960, L:453, Loss: 0.8881194293498993
2021-05-19 20:45:08,099 - Epoch: 0, Step: 5970, L:245, Loss: 0.9697018206119538
2021-05-19 20:45:10,858 - Epoch: 0, Step: 5980, L:423, Loss: 1.0572945773601532
2021-05-19 20:45:13,356 - Epoch: 0, Step: 5990, L:338, Loss: 1.000329738855362
2021-05-19 20:45:14,893 - Start evaluating...
2021-05-19 20:45:26,766 - Evaluation: 0 / 1219
2021-05-19 20:45:29,780 - Evaluation: 10 / 1219
2021-05-19 20:45:31,644 - Evaluation: 20 / 1219
2021-05-19 20:45:33,560 - Evaluation: 30 / 1219
2021-05-19 20:45:34,867 - Evaluation: 40 / 1219
2021-05-19 20:45:41,592 - Evaluation: 50 / 1219
2021-05-19 20:45:43,916 - Evaluation: 60 / 1219
2021-05-19 20:45:46,685 - Evaluation: 70 / 1219
2021-05-19 20:45:51,959 - Evaluation: 80 / 1219
2021-05-19 20:45:56,699 - Evaluation: 90 / 1219
2021-05-19 20:45:59,154 - Evaluation: 100 / 1219
2021-05-19 20:46:06,322 - Evaluation: 110 / 1219
2021-05-19 20:46:07,331 - Evaluation: 120 / 1219
2021-05-19 20:46:09,047 - Evaluation: 130 / 1219
2021-05-19 20:46:17,218 - Evaluation: 140 / 1219
2021-05-19 20:46:18,642 - Evaluation: 150 / 1219
2021-05-19 20:46:23,653 - Evaluation: 160 / 1219
2021-05-19 20:46:25,794 - Evaluation: 170 / 1219
2021-05-19 20:46:28,296 - Evaluation: 180 / 1219
2021-05-19 20:46:30,179 - Evaluation: 190 / 1219
2021-05-19 20:46:31,152 - Evaluation: 200 / 1219
2021-05-19 20:46:39,521 - Evaluation: 210 / 1219
2021-05-19 20:46:40,924 - Evaluation: 220 / 1219
2021-05-19 20:46:45,283 - Evaluation: 230 / 1219
2021-05-19 20:46:51,357 - Evaluation: 240 / 1219
2021-05-19 20:46:52,702 - Evaluation: 250 / 1219
2021-05-19 20:46:56,779 - Evaluation: 260 / 1219
2021-05-19 20:47:03,928 - Evaluation: 270 / 1219
2021-05-19 20:47:06,597 - Evaluation: 280 / 1219
2021-05-19 20:47:11,592 - Evaluation: 290 / 1219
2021-05-19 20:47:13,995 - Evaluation: 300 / 1219
2021-05-19 20:47:20,543 - Evaluation: 310 / 1219
2021-05-19 20:47:22,037 - Evaluation: 320 / 1219
2021-05-19 20:47:25,245 - Evaluation: 330 / 1219
2021-05-19 20:47:26,560 - Evaluation: 340 / 1219
2021-05-19 20:47:29,114 - Evaluation: 350 / 1219
2021-05-19 20:47:32,128 - Evaluation: 360 / 1219
2021-05-19 20:47:38,104 - Evaluation: 370 / 1219
2021-05-19 20:47:39,680 - Evaluation: 380 / 1219
2021-05-19 20:47:40,845 - Evaluation: 390 / 1219
2021-05-19 20:47:47,646 - Evaluation: 400 / 1219
2021-05-19 20:47:48,754 - Evaluation: 410 / 1219
2021-05-19 20:47:53,800 - Evaluation: 420 / 1219
2021-05-19 20:47:54,725 - Evaluation: 430 / 1219
2021-05-19 20:47:59,908 - Evaluation: 440 / 1219
2021-05-19 20:48:00,986 - Evaluation: 450 / 1219
2021-05-19 20:48:02,508 - Evaluation: 460 / 1219
2021-05-19 20:48:10,474 - Evaluation: 470 / 1219
2021-05-19 20:48:11,217 - Evaluation: 480 / 1219
2021-05-19 20:48:13,998 - Evaluation: 490 / 1219
2021-05-19 20:48:15,454 - Evaluation: 500 / 1219
2021-05-19 20:48:16,784 - Evaluation: 510 / 1219
2021-05-19 20:48:26,620 - Evaluation: 520 / 1219
2021-05-19 20:48:27,809 - Evaluation: 530 / 1219
2021-05-19 20:48:36,250 - Evaluation: 540 / 1219
2021-05-19 20:48:38,047 - Evaluation: 550 / 1219
2021-05-19 20:48:44,881 - Evaluation: 560 / 1219
2021-05-19 20:48:46,294 - Evaluation: 570 / 1219
2021-05-19 20:48:48,929 - Evaluation: 580 / 1219
2021-05-19 20:48:56,014 - Evaluation: 590 / 1219
2021-05-19 20:48:57,719 - Evaluation: 600 / 1219
2021-05-19 20:48:59,181 - Evaluation: 610 / 1219
2021-05-19 20:49:01,112 - Evaluation: 620 / 1219
2021-05-19 20:49:09,238 - Evaluation: 630 / 1219
2021-05-19 20:49:13,031 - Evaluation: 640 / 1219
2021-05-19 20:49:19,981 - Evaluation: 650 / 1219
2021-05-19 20:49:21,450 - Evaluation: 660 / 1219
2021-05-19 20:49:22,250 - Evaluation: 670 / 1219
2021-05-19 20:49:27,112 - Evaluation: 680 / 1219
2021-05-19 20:49:31,786 - Evaluation: 690 / 1219
2021-05-19 20:49:38,900 - Evaluation: 700 / 1219
2021-05-19 20:49:40,568 - Evaluation: 710 / 1219
2021-05-19 20:49:42,734 - Evaluation: 720 / 1219
