2021-06-12 12:37:52,674 - 20210612_123752_attention
2021-06-12 12:37:52,674 - {"model": "respre", "device": "cuda", "middle_layers": [5, 5, 5, 5, 5, 5, 5, 5, 5, 5, 5, 5, 5], "residual_layers": [[64, 64, 1, true], [64, 64, 1, true], [64, 64, 1, true], [64, 96, 1, true], [96, 96, 1, true], [96, 96, 1, true], [96, 96, 1, true], [96, 128, 2, true], [128, 128, 2, true], [128, 128, 2, true], [128, 128, 2, true], [128, 128, 2, true], [128, 128, 2, true], [128, 160, 4, true], [160, 160, 4, true], [160, 160, 4, true], [160, 160, 2, false], [160, 160, 1, false]], "batch_size": 1, "epochs": 60, "dropout_rate": 0.2, "validate_ratio": 0.1, "subset_ratio": 1.0, "log_freq": 10, "num_workers": 16, "start_epoch": 0, "resume": "/home/dingyueprp/protein/run/experiment_1/checkpoint.pth.tar", "class_weight": [1.0, 1.0, 1.0, 1.0, 1.0, 1.0, 1.0, 1.0, 1.0, 1.0], "loss_func": "cross", "long_length": null, "test_dir": "/home/dingyueprp/Data/test"}
2021-06-12 12:38:02,817 - Start evaluating...
2021-06-12 12:38:07,820 - Evaluation: 0 / 1266
2021-06-12 12:38:13,726 - Evaluation: 10 / 1266
2021-06-12 12:38:14,698 - Evaluation: 20 / 1266
2021-06-12 12:38:16,352 - Evaluation: 30 / 1266
2021-06-12 12:38:21,648 - Evaluation: 40 / 1266
2021-06-12 12:38:22,516 - Evaluation: 50 / 1266
2021-06-12 12:38:27,623 - Evaluation: 60 / 1266
2021-06-12 12:38:31,380 - Evaluation: 70 / 1266
2021-06-12 12:38:33,719 - Evaluation: 80 / 1266
2021-06-12 12:38:34,420 - Evaluation: 90 / 1266
2021-06-12 12:38:38,031 - Evaluation: 100 / 1266
2021-06-12 12:38:42,522 - Evaluation: 110 / 1266
2021-06-12 12:38:51,463 - Evaluation: 120 / 1266
2021-06-12 12:38:52,868 - Evaluation: 130 / 1266
2021-06-12 12:38:53,819 - Evaluation: 140 / 1266
2021-06-12 12:38:54,969 - Evaluation: 150 / 1266
2021-06-12 12:39:00,277 - Evaluation: 160 / 1266
2021-06-12 12:39:01,450 - Evaluation: 170 / 1266
2021-06-12 12:39:02,230 - Evaluation: 180 / 1266
2021-06-12 12:39:03,307 - Evaluation: 190 / 1266
2021-06-12 12:39:10,321 - Evaluation: 200 / 1266
2021-06-12 12:39:11,518 - Evaluation: 210 / 1266
2021-06-12 12:39:12,603 - Evaluation: 220 / 1266
2021-06-12 12:39:13,466 - Evaluation: 230 / 1266
2021-06-12 12:39:16,839 - Evaluation: 240 / 1266
2021-06-12 12:39:21,943 - Evaluation: 250 / 1266
2021-06-12 12:39:26,433 - Evaluation: 260 / 1266
2021-06-12 12:39:27,727 - Evaluation: 270 / 1266
2021-06-12 12:39:29,409 - Evaluation: 280 / 1266
2021-06-12 12:39:30,647 - Evaluation: 290 / 1266
2021-06-12 12:39:31,798 - Evaluation: 300 / 1266
2021-06-12 12:39:40,088 - Evaluation: 310 / 1266
2021-06-12 12:39:45,325 - Evaluation: 320 / 1266
2021-06-12 12:39:46,792 - Evaluation: 330 / 1266
2021-06-12 12:39:48,176 - Evaluation: 340 / 1266
2021-06-12 12:39:55,201 - Evaluation: 350 / 1266
2021-06-12 12:39:56,329 - Evaluation: 360 / 1266
2021-06-12 12:39:57,292 - Evaluation: 370 / 1266
2021-06-12 12:40:01,592 - Evaluation: 380 / 1266
2021-06-12 12:40:04,365 - Evaluation: 390 / 1266
2021-06-12 12:40:10,138 - Evaluation: 400 / 1266
2021-06-12 12:40:14,277 - Evaluation: 410 / 1266
2021-06-12 12:40:15,898 - Evaluation: 420 / 1266
2021-06-12 12:40:18,003 - Evaluation: 430 / 1266
2021-06-12 12:40:22,336 - Evaluation: 440 / 1266
2021-06-12 12:40:23,398 - Evaluation: 450 / 1266
2021-06-12 12:40:26,747 - Evaluation: 460 / 1266
2021-06-12 12:40:29,374 - Evaluation: 470 / 1266
2021-06-12 12:40:30,046 - Evaluation: 480 / 1266
2021-06-12 12:40:33,907 - Evaluation: 490 / 1266
2021-06-12 12:40:34,767 - Evaluation: 500 / 1266
2021-06-12 12:40:38,248 - Evaluation: 510 / 1266
2021-06-12 12:40:43,587 - Evaluation: 520 / 1266
2021-06-12 12:40:46,318 - Evaluation: 530 / 1266
2021-06-12 12:40:47,557 - Evaluation: 540 / 1266
2021-06-12 12:40:48,317 - Evaluation: 550 / 1266
2021-06-12 12:40:52,546 - Evaluation: 560 / 1266
2021-06-12 12:40:54,490 - Evaluation: 570 / 1266
2021-06-12 12:40:55,742 - Evaluation: 580 / 1266
2021-06-12 12:41:03,436 - Evaluation: 590 / 1266
2021-06-12 12:41:04,657 - Evaluation: 600 / 1266
2021-06-12 12:41:10,317 - Evaluation: 610 / 1266
2021-06-12 12:41:11,710 - Evaluation: 620 / 1266
2021-06-12 12:41:12,779 - Evaluation: 630 / 1266
2021-06-12 12:41:14,587 - Evaluation: 640 / 1266
2021-06-12 12:41:17,295 - Evaluation: 650 / 1266
2021-06-12 12:41:19,748 - Evaluation: 660 / 1266
2021-06-12 12:41:24,831 - Evaluation: 670 / 1266
2021-06-12 12:41:26,863 - Evaluation: 680 / 1266
2021-06-12 12:41:27,809 - Evaluation: 690 / 1266
2021-06-12 12:41:30,698 - Evaluation: 700 / 1266
2021-06-12 12:41:31,813 - Evaluation: 710 / 1266
2021-06-12 12:41:32,820 - Evaluation: 720 / 1266
2021-06-12 12:41:37,785 - Evaluation: 730 / 1266
2021-06-12 12:41:40,581 - Evaluation: 740 / 1266
2021-06-12 12:41:41,391 - Evaluation: 750 / 1266
2021-06-12 12:41:45,229 - Evaluation: 760 / 1266
2021-06-12 12:41:47,215 - Evaluation: 770 / 1266
2021-06-12 12:41:48,129 - Evaluation: 780 / 1266
2021-06-12 12:41:55,069 - Evaluation: 790 / 1266
2021-06-12 12:41:56,695 - Evaluation: 800 / 1266
2021-06-12 12:42:00,792 - Evaluation: 810 / 1266
2021-06-12 12:42:01,883 - Evaluation: 820 / 1266
2021-06-12 12:42:08,227 - Evaluation: 830 / 1266
2021-06-12 12:42:09,227 - Evaluation: 840 / 1266
2021-06-12 12:42:10,537 - Evaluation: 850 / 1266
2021-06-12 12:42:17,869 - Evaluation: 860 / 1266
2021-06-12 12:42:19,006 - Evaluation: 870 / 1266
2021-06-12 12:42:22,750 - Evaluation: 880 / 1266
2021-06-12 12:42:23,688 - Evaluation: 890 / 1266
2021-06-12 12:42:26,761 - Evaluation: 900 / 1266
2021-06-12 12:42:27,679 - Evaluation: 910 / 1266
2021-06-12 12:42:29,699 - Evaluation: 920 / 1266
2021-06-12 12:42:31,674 - Evaluation: 930 / 1266
2021-06-12 12:42:35,852 - Evaluation: 940 / 1266
2021-06-12 12:42:43,158 - Evaluation: 950 / 1266
2021-06-12 12:42:44,238 - Evaluation: 960 / 1266
2021-06-12 12:42:46,869 - Evaluation: 970 / 1266
2021-06-12 12:42:47,923 - Evaluation: 980 / 1266
2021-06-12 12:42:51,551 - Evaluation: 990 / 1266
2021-06-12 12:42:52,633 - Evaluation: 1000 / 1266
2021-06-12 12:43:00,069 - Evaluation: 1010 / 1266
2021-06-12 12:43:01,008 - Evaluation: 1020 / 1266
2021-06-12 12:43:05,738 - Evaluation: 1030 / 1266
2021-06-12 12:43:07,230 - Evaluation: 1040 / 1266
2021-06-12 12:43:07,953 - Evaluation: 1050 / 1266
2021-06-12 12:43:10,242 - Evaluation: 1060 / 1266
2021-06-12 12:43:16,638 - Evaluation: 1070 / 1266
2021-06-12 12:43:17,190 - Evaluation: 1080 / 1266
2021-06-12 12:43:19,380 - Evaluation: 1090 / 1266
2021-06-12 12:43:23,430 - Evaluation: 1100 / 1266
2021-06-12 12:43:29,324 - Evaluation: 1110 / 1266
2021-06-12 12:43:30,091 - Evaluation: 1120 / 1266
2021-06-12 12:43:35,012 - Evaluation: 1130 / 1266
2021-06-12 12:43:35,936 - Evaluation: 1140 / 1266
2021-06-12 12:43:40,843 - Evaluation: 1150 / 1266
2021-06-12 12:43:42,031 - Evaluation: 1160 / 1266
2021-06-12 12:43:42,778 - Evaluation: 1170 / 1266
2021-06-12 12:43:46,681 - Evaluation: 1180 / 1266
2021-06-12 12:43:49,404 - Evaluation: 1190 / 1266
2021-06-12 12:43:51,125 - Evaluation: 1200 / 1266
2021-06-12 12:43:51,991 - Evaluation: 1210 / 1266
2021-06-12 12:43:58,565 - Evaluation: 1220 / 1266
2021-06-12 12:43:59,634 - Evaluation: 1230 / 1266
2021-06-12 12:44:02,251 - Evaluation: 1240 / 1266
2021-06-12 12:44:03,803 - Evaluation: 1250 / 1266
2021-06-12 12:44:06,891 - Evaluation: 1260 / 1266
2021-06-12 12:44:09,526 - -----------------------EVAL---------------------
Evaluation Result: 16.47998046875
2021-06-12 12:44:09,526 - T10: 0.6728443503379822, T5: 0.6592928171157837, T2: 0.6182123422622681, T1: 0.5652366876602173
2021-06-12 12:44:09,526 - LT10: 0.48696112632751465, LT5: 0.4603329002857208, LT2: 0.41988837718963623, LT1: 0.3869553208351135
2021-06-12 12:44:09,527 - Short all result: [3.4228542e-03 5.4394394e-01 4.7154683e-01 4.0302235e-01 5.8160460e-01
 5.9309286e-01 6.3399446e-01 2.6424220e-01 3.7519748e-03 2.2568270e-04]
2021-06-12 12:44:09,528 - Short support: [0.00394459 0.07712172 0.12801461 0.15129884 0.28795135 0.18183857
 0.12689173 0.02961777 0.00658482 0.00673626]

