2021-06-12 12:23:01,179 - 20210612_122301_attention
2021-06-12 12:23:01,180 - {"model": "attention", "device": "cuda", "middle_layers": [5, 5, 5, 5, 5, 5, 5, 5, 5, 5, 5, 5, 5], "residual_layers": [[64, 64, 1, true], [64, 64, 1, true], [64, 64, 1, true], [64, 96, 1, true], [96, 96, 1, true], [96, 96, 1, true], [96, 96, 1, true], [96, 128, 2, true], [128, 128, 2, true], [128, 128, 2, true], [128, 128, 2, true], [128, 128, 2, true], [128, 128, 2, true], [128, 160, 4, true], [160, 160, 4, true], [160, 160, 4, true], [160, 160, 2, false], [160, 160, 1, false]], "batch_size": 1, "epochs": 60, "dropout_rate": 0.2, "validate_ratio": 0.1, "subset_ratio": 1.0, "log_freq": 10, "num_workers": 16, "start_epoch": 0, "resume": "run/experiment_24/best_model.pth.tar", "class_weight": [1.0, 1.0, 1.0, 1.0, 1.0, 1.0, 1.0, 1.0, 1.0, 1.0], "loss_func": "cross", "long_length": null, "test_dir": "/home/dingyueprp/Data/test"}
2021-06-12 12:23:11,115 - Start evaluating...
2021-06-12 12:23:15,470 - Evaluation: 0 / 1266
2021-06-12 12:23:24,114 - Evaluation: 10 / 1266
2021-06-12 12:23:25,992 - Evaluation: 20 / 1266
2021-06-12 12:23:28,260 - Evaluation: 30 / 1266
2021-06-12 12:23:30,507 - Evaluation: 40 / 1266
2021-06-12 12:23:32,453 - Evaluation: 50 / 1266
2021-06-12 12:23:37,928 - Evaluation: 60 / 1266
2021-06-12 12:23:41,220 - Evaluation: 70 / 1266
2021-06-12 12:23:43,233 - Evaluation: 80 / 1266
2021-06-12 12:23:44,703 - Evaluation: 90 / 1266
2021-06-12 12:23:46,652 - Evaluation: 100 / 1266
2021-06-12 12:23:52,131 - Evaluation: 110 / 1266
2021-06-12 12:23:59,648 - Evaluation: 120 / 1266
2021-06-12 12:24:02,305 - Evaluation: 130 / 1266
2021-06-12 12:24:04,181 - Evaluation: 140 / 1266
2021-06-12 12:24:06,422 - Evaluation: 150 / 1266
2021-06-12 12:24:08,884 - Evaluation: 160 / 1266
2021-06-12 12:24:11,139 - Evaluation: 170 / 1266
2021-06-12 12:24:12,889 - Evaluation: 180 / 1266
2021-06-12 12:24:15,622 - Evaluation: 190 / 1266
2021-06-12 12:24:18,390 - Evaluation: 200 / 1266
2021-06-12 12:24:20,749 - Evaluation: 210 / 1266
2021-06-12 12:24:22,786 - Evaluation: 220 / 1266
2021-06-12 12:24:24,641 - Evaluation: 230 / 1266
2021-06-12 12:24:27,000 - Evaluation: 240 / 1266
2021-06-12 12:24:30,140 - Evaluation: 250 / 1266
2021-06-12 12:24:33,160 - Evaluation: 260 / 1266
2021-06-12 12:24:36,028 - Evaluation: 270 / 1266
2021-06-12 12:24:41,821 - Evaluation: 280 / 1266
2021-06-12 12:24:44,108 - Evaluation: 290 / 1266
2021-06-12 12:24:46,310 - Evaluation: 300 / 1266
2021-06-12 12:24:49,436 - Evaluation: 310 / 1266
2021-06-12 12:24:54,999 - Evaluation: 320 / 1266
2021-06-12 12:24:57,809 - Evaluation: 330 / 1266
2021-06-12 12:25:00,687 - Evaluation: 340 / 1266
2021-06-12 12:25:03,887 - Evaluation: 350 / 1266
2021-06-12 12:25:06,206 - Evaluation: 360 / 1266
2021-06-12 12:25:08,243 - Evaluation: 370 / 1266
2021-06-12 12:25:12,877 - Evaluation: 380 / 1266
2021-06-12 12:25:15,082 - Evaluation: 390 / 1266
2021-06-12 12:25:18,385 - Evaluation: 400 / 1266
2021-06-12 12:25:22,445 - Evaluation: 410 / 1266
2021-06-12 12:25:25,233 - Evaluation: 420 / 1266
2021-06-12 12:25:27,173 - Evaluation: 430 / 1266
2021-06-12 12:25:30,724 - Evaluation: 440 / 1266
2021-06-12 12:25:32,725 - Evaluation: 450 / 1266
2021-06-12 12:25:36,978 - Evaluation: 460 / 1266
2021-06-12 12:25:39,609 - Evaluation: 470 / 1266
2021-06-12 12:25:41,015 - Evaluation: 480 / 1266
2021-06-12 12:25:43,252 - Evaluation: 490 / 1266
2021-06-12 12:25:45,127 - Evaluation: 500 / 1266
2021-06-12 12:25:47,947 - Evaluation: 510 / 1266
2021-06-12 12:25:55,633 - Evaluation: 520 / 1266
2021-06-12 12:25:58,092 - Evaluation: 530 / 1266
2021-06-12 12:26:00,584 - Evaluation: 540 / 1266
2021-06-12 12:26:02,125 - Evaluation: 550 / 1266
2021-06-12 12:26:04,445 - Evaluation: 560 / 1266
2021-06-12 12:26:06,389 - Evaluation: 570 / 1266
2021-06-12 12:26:09,149 - Evaluation: 580 / 1266
2021-06-12 12:26:14,497 - Evaluation: 590 / 1266
2021-06-12 12:26:17,012 - Evaluation: 600 / 1266
2021-06-12 12:26:19,865 - Evaluation: 610 / 1266
2021-06-12 12:26:22,757 - Evaluation: 620 / 1266
2021-06-12 12:26:25,253 - Evaluation: 630 / 1266
2021-06-12 12:26:27,698 - Evaluation: 640 / 1266
2021-06-12 12:26:30,220 - Evaluation: 650 / 1266
2021-06-12 12:26:32,606 - Evaluation: 660 / 1266
2021-06-12 12:26:37,266 - Evaluation: 670 / 1266
2021-06-12 12:26:40,272 - Evaluation: 680 / 1266
2021-06-12 12:26:42,106 - Evaluation: 690 / 1266
2021-06-12 12:26:44,669 - Evaluation: 700 / 1266
2021-06-12 12:26:46,645 - Evaluation: 710 / 1266
2021-06-12 12:26:48,628 - Evaluation: 720 / 1266
2021-06-12 12:26:50,365 - Evaluation: 730 / 1266
2021-06-12 12:26:54,811 - Evaluation: 740 / 1266
2021-06-12 12:26:56,602 - Evaluation: 750 / 1266
2021-06-12 12:26:58,907 - Evaluation: 760 / 1266
2021-06-12 12:27:01,519 - Evaluation: 770 / 1266
2021-06-12 12:27:03,400 - Evaluation: 780 / 1266
2021-06-12 12:27:07,235 - Evaluation: 790 / 1266
2021-06-12 12:27:10,364 - Evaluation: 800 / 1266
2021-06-12 12:27:14,262 - Evaluation: 810 / 1266
2021-06-12 12:27:16,543 - Evaluation: 820 / 1266
2021-06-12 12:27:21,790 - Evaluation: 830 / 1266
2021-06-12 12:27:23,953 - Evaluation: 840 / 1266
2021-06-12 12:27:26,691 - Evaluation: 850 / 1266
2021-06-12 12:27:31,050 - Evaluation: 860 / 1266
2021-06-12 12:27:33,089 - Evaluation: 870 / 1266
2021-06-12 12:27:36,980 - Evaluation: 880 / 1266
2021-06-12 12:27:38,882 - Evaluation: 890 / 1266
2021-06-12 12:27:40,868 - Evaluation: 900 / 1266
2021-06-12 12:27:42,622 - Evaluation: 910 / 1266
2021-06-12 12:27:45,194 - Evaluation: 920 / 1266
2021-06-12 12:27:47,311 - Evaluation: 930 / 1266
2021-06-12 12:27:51,038 - Evaluation: 940 / 1266
2021-06-12 12:27:55,831 - Evaluation: 950 / 1266
2021-06-12 12:27:58,049 - Evaluation: 960 / 1266
2021-06-12 12:28:00,251 - Evaluation: 970 / 1266
2021-06-12 12:28:02,474 - Evaluation: 980 / 1266
2021-06-12 12:28:05,432 - Evaluation: 990 / 1266
2021-06-12 12:28:07,647 - Evaluation: 1000 / 1266
2021-06-12 12:28:13,048 - Evaluation: 1010 / 1266
2021-06-12 12:28:15,069 - Evaluation: 1020 / 1266
2021-06-12 12:28:19,628 - Evaluation: 1030 / 1266
2021-06-12 12:28:22,473 - Evaluation: 1040 / 1266
2021-06-12 12:28:24,059 - Evaluation: 1050 / 1266
2021-06-12 12:28:26,087 - Evaluation: 1060 / 1266
2021-06-12 12:28:31,763 - Evaluation: 1070 / 1266
2021-06-12 12:28:33,117 - Evaluation: 1080 / 1266
2021-06-12 12:28:35,801 - Evaluation: 1090 / 1266
2021-06-12 12:28:38,671 - Evaluation: 1100 / 1266
2021-06-12 12:28:44,606 - Evaluation: 1110 / 1266
2021-06-12 12:28:46,315 - Evaluation: 1120 / 1266
2021-06-12 12:28:49,925 - Evaluation: 1130 / 1266
2021-06-12 12:28:51,793 - Evaluation: 1140 / 1266
2021-06-12 12:28:56,350 - Evaluation: 1150 / 1266
2021-06-12 12:28:58,591 - Evaluation: 1160 / 1266
2021-06-12 12:29:00,204 - Evaluation: 1170 / 1266
2021-06-12 12:29:02,538 - Evaluation: 1180 / 1266
2021-06-12 12:29:05,812 - Evaluation: 1190 / 1266
2021-06-12 12:29:08,231 - Evaluation: 1200 / 1266
2021-06-12 12:29:10,107 - Evaluation: 1210 / 1266
2021-06-12 12:29:13,510 - Evaluation: 1220 / 1266
2021-06-12 12:29:15,718 - Evaluation: 1230 / 1266
2021-06-12 12:29:17,983 - Evaluation: 1240 / 1266
2021-06-12 12:29:20,949 - Evaluation: 1250 / 1266
2021-06-12 12:29:23,198 - Evaluation: 1260 / 1266
2021-06-12 12:29:24,702 - -----------------------EVAL---------------------
Evaluation Result: 19.54885196685791
2021-06-12 12:29:24,702 - T10: 0.7918130159378052, T5: 0.7712534666061401, T2: 0.7062520980834961, T1: 0.6401048302650452
2021-06-12 12:29:24,702 - LT10: 0.5942374467849731, LT5: 0.5610930323600769, LT2: 0.5036129355430603, LT1: 0.4590159058570862
2021-06-12 12:29:24,703 - Short all result: [0.00210637 0.63494146 0.52370113 0.49869782 0.65888566 0.67439675
 0.7273709  0.24553908 0.00157978 0.        ]
2021-06-12 12:29:24,703 - Short support: [0.00556893 0.10688899 0.15350875 0.14939953 0.26407218 0.16328156
 0.12455877 0.02424774 0.0040554  0.00441822]

