2021-05-20 09:29:56,493 - 20210520_092956_resnet
2021-05-20 09:29:56,493 - [(64, 64, 7, 1, 1, False), (64, 64, 3, 2, 1, True), (64, 64, 3, 2, 1, True), (64, 64, 3, 2, 1, True), (64, 96, 3, 2, 1, True), (96, 96, 3, 2, 1, True), (96, 96, 3, 2, 1, True), (96, 96, 3, 2, 1, True), (96, 128, 3, 2, 2, True), (128, 128, 3, 2, 2, True), (128, 128, 3, 2, 2, True), (128, 128, 3, 2, 2, True), (128, 128, 3, 2, 2, True), (128, 128, 3, 2, 2, True), (128, 160, 3, 2, 4, True), (160, 160, 3, 2, 4, True), (160, 160, 3, 2, 4, True), (160, 160, 3, 2, 2, False), (160, 160, 3, 2, 1, False)]
2021-05-20 09:30:03,754 - Start training...
2021-05-20 09:30:06,312 - Epoch: 0, Step: 0, L:167, Loss: 1.4477938413619995
2021-05-20 09:30:09,421 - Epoch: 0, Step: 10, L:162, Loss: 17.336749029159545
2021-05-20 09:30:22,865 - Epoch: 0, Step: 20, L:394, Loss: 1.632547950744629
2021-05-20 09:30:29,914 - Epoch: 0, Step: 30, L:228, Loss: 1.1280186295509338
2021-05-20 09:30:39,685 - Epoch: 0, Step: 40, L:376, Loss: 0.9465078055858612
2021-05-20 09:30:43,235 - Epoch: 0, Step: 50, L:195, Loss: 0.9894606292247772
2021-05-20 09:30:49,459 - Epoch: 0, Step: 60, L:128, Loss: 0.9678117096424103
2021-05-20 09:31:03,524 - Epoch: 0, Step: 70, L:453, Loss: 1.026507169008255
2021-05-20 09:31:08,121 - Epoch: 0, Step: 80, L:271, Loss: 1.1108194291591644
2021-05-20 09:31:12,581 - Epoch: 0, Step: 90, L:174, Loss: 1.0006888389587403
2021-05-20 09:31:25,499 - Epoch: 0, Step: 100, L:106, Loss: 1.0570494472980498
2021-05-20 09:31:31,318 - Epoch: 0, Step: 110, L:218, Loss: 0.9567731261253357
2021-05-20 09:31:36,218 - Epoch: 0, Step: 120, L:264, Loss: 0.9366471886634826
2021-05-20 09:31:47,887 - Epoch: 0, Step: 130, L:120, Loss: 0.9943079650402069
2021-05-20 09:32:00,725 - Epoch: 0, Step: 140, L:202, Loss: 1.0648654282093049
2021-05-20 09:32:04,091 - Epoch: 0, Step: 150, L:149, Loss: 1.0629310309886932
2021-05-20 09:32:19,140 - Epoch: 0, Step: 160, L:388, Loss: 1.0080472648143768
2021-05-20 09:32:24,790 - Epoch: 0, Step: 170, L:165, Loss: 1.1102182149887085
2021-05-20 09:32:32,939 - Epoch: 0, Step: 180, L:190, Loss: 0.9065398573875427
2021-05-20 09:32:36,942 - Epoch: 0, Step: 190, L:194, Loss: 1.0242523789405822
2021-05-20 09:32:43,239 - Epoch: 0, Step: 200, L:100, Loss: 0.9522089779376983
2021-05-20 09:32:55,407 - Epoch: 0, Step: 210, L:480, Loss: 0.900099116563797
2021-05-20 09:32:59,456 - Epoch: 0, Step: 220, L:149, Loss: 0.9157399892807007
2021-05-20 09:33:02,634 - Epoch: 0, Step: 230, L:194, Loss: 1.0528083741664886
2021-05-20 09:33:06,255 - Epoch: 0, Step: 240, L:252, Loss: 1.0504842698574066
2021-05-20 09:33:13,131 - Epoch: 0, Step: 250, L:124, Loss: 0.9812541782855988
2021-05-20 09:33:22,619 - Epoch: 0, Step: 260, L:117, Loss: 0.9823878884315491
2021-05-20 09:33:27,725 - Epoch: 0, Step: 270, L:210, Loss: 0.8477152615785599
2021-05-20 09:33:34,814 - Epoch: 0, Step: 280, L:106, Loss: 0.953130555152893
2021-05-20 09:33:49,974 - Epoch: 0, Step: 290, L:333, Loss: 0.8704814314842224
2021-05-20 09:33:56,156 - Epoch: 0, Step: 300, L:178, Loss: 0.815556651353836
2021-05-20 09:34:00,064 - Epoch: 0, Step: 310, L:140, Loss: 0.9890153884887696
2021-05-20 09:34:12,033 - Epoch: 0, Step: 320, L:279, Loss: 0.8219238489866256
2021-05-20 09:34:23,280 - Epoch: 0, Step: 330, L:319, Loss: 0.8771563470363617
2021-05-20 09:34:28,467 - Epoch: 0, Step: 340, L:144, Loss: 1.0029631018638612
2021-05-20 09:34:34,441 - Epoch: 0, Step: 350, L:129, Loss: 0.9284038364887237
2021-05-20 09:34:43,093 - Epoch: 0, Step: 360, L:138, Loss: 0.9833345830440521
2021-05-20 09:34:46,864 - Epoch: 0, Step: 370, L:107, Loss: 0.8389605104923248
2021-05-20 09:34:58,322 - Epoch: 0, Step: 380, L:214, Loss: 0.8819457620382309
2021-05-20 09:35:06,827 - Epoch: 0, Step: 390, L:332, Loss: 1.0517197728157044
2021-05-20 09:35:11,287 - Epoch: 0, Step: 400, L:153, Loss: 0.986601459980011
2021-05-20 09:35:18,075 - Epoch: 0, Step: 410, L:104, Loss: 0.9112559974193573
2021-05-20 09:35:24,605 - Epoch: 0, Step: 420, L:281, Loss: 0.8623423337936401
2021-05-20 09:35:37,302 - Epoch: 0, Step: 430, L:289, Loss: 0.871309220790863
2021-05-20 09:35:40,878 - Epoch: 0, Step: 440, L:163, Loss: 1.024711412191391
2021-05-20 09:35:47,843 - Epoch: 0, Step: 450, L:320, Loss: 0.944365668296814
2021-05-20 09:35:52,263 - Epoch: 0, Step: 460, L:223, Loss: 1.0074038743972777
2021-05-20 09:35:58,668 - Epoch: 0, Step: 470, L:152, Loss: 0.8294340193271637
2021-05-20 09:36:07,170 - Epoch: 0, Step: 480, L:482, Loss: 0.8665363937616348
2021-05-20 09:36:11,869 - Epoch: 0, Step: 490, L:322, Loss: 0.9873086035251617
2021-05-20 09:36:21,361 - Epoch: 0, Step: 500, L:133, Loss: 0.8283778876066208
2021-05-20 09:36:31,449 - Epoch: 0, Step: 510, L:171, Loss: 0.793245542049408
2021-05-20 09:36:41,146 - Epoch: 0, Step: 520, L:498, Loss: 0.8872434914112091
2021-05-20 09:36:47,361 - Epoch: 0, Step: 530, L:417, Loss: 0.8683472633361816
2021-05-20 09:36:51,157 - Epoch: 0, Step: 540, L:205, Loss: 1.0658872187137605
2021-05-20 09:36:57,703 - Epoch: 0, Step: 550, L:376, Loss: 0.7943939864635468
2021-05-20 09:37:05,859 - Epoch: 0, Step: 560, L:166, Loss: 1.0030508249998094
2021-05-20 09:37:11,315 - Epoch: 0, Step: 570, L:410, Loss: 0.9604288101196289
2021-05-20 09:37:15,552 - Epoch: 0, Step: 580, L:236, Loss: 1.0678617537021637
2021-05-20 09:37:26,347 - Epoch: 0, Step: 590, L:472, Loss: 0.8828813791275024
2021-05-20 09:37:41,195 - Epoch: 0, Step: 600, L:231, Loss: 0.8558711647987366
2021-05-20 09:37:47,193 - Epoch: 0, Step: 610, L:184, Loss: 0.8825233608484269
2021-05-20 09:37:53,148 - Epoch: 0, Step: 620, L:323, Loss: 0.881949108839035
2021-05-20 09:37:59,434 - Epoch: 0, Step: 630, L:126, Loss: 0.9570097625255585
2021-05-20 09:38:04,746 - Epoch: 0, Step: 640, L:202, Loss: 0.9367202758789063
2021-05-20 09:38:12,457 - Epoch: 0, Step: 650, L:346, Loss: 0.9059841692447662
2021-05-20 09:38:26,372 - Epoch: 0, Step: 660, L:140, Loss: 0.8085672616958618
2021-05-20 09:38:31,215 - Epoch: 0, Step: 670, L:115, Loss: 0.9857982099056244
2021-05-20 09:38:46,126 - Epoch: 0, Step: 680, L:489, Loss: 0.8762615352869034
2021-05-20 09:38:50,839 - Epoch: 0, Step: 690, L:344, Loss: 0.8495156168937683
2021-05-20 09:38:55,984 - Epoch: 0, Step: 700, L:177, Loss: 0.9966663300991059
2021-05-20 09:39:05,359 - Epoch: 0, Step: 710, L:441, Loss: 0.9398754149675369
2021-05-20 09:39:12,357 - Epoch: 0, Step: 720, L:483, Loss: 0.9198246836662293
2021-05-20 09:39:21,657 - Epoch: 0, Step: 730, L:119, Loss: 1.0007475554943084
2021-05-20 09:39:26,065 - Epoch: 0, Step: 740, L:222, Loss: 1.071584403514862
2021-05-20 09:39:33,702 - Epoch: 0, Step: 750, L:265, Loss: 0.9626268208026886
2021-05-20 09:39:37,467 - Epoch: 0, Step: 760, L:280, Loss: 1.0852409899234772
2021-05-20 09:39:42,035 - Epoch: 0, Step: 770, L:258, Loss: 1.1036150813102723
2021-05-20 09:39:50,604 - Epoch: 0, Step: 780, L:384, Loss: 0.8774904638528824
2021-05-20 09:39:54,984 - Epoch: 0, Step: 790, L:245, Loss: 0.996503347158432
2021-05-20 09:39:59,344 - Epoch: 0, Step: 800, L:166, Loss: 0.9320016711950302
2021-05-20 09:40:02,466 - Epoch: 0, Step: 810, L:238, Loss: 0.9620428323745728
2021-05-20 09:40:14,281 - Epoch: 0, Step: 820, L:147, Loss: 0.942550927400589
2021-05-20 09:40:22,115 - Epoch: 0, Step: 830, L:246, Loss: 0.8833900421857834
2021-05-20 09:40:33,350 - Epoch: 0, Step: 840, L:207, Loss: 0.9388847708702087
2021-05-20 09:40:40,962 - Epoch: 0, Step: 850, L:464, Loss: 0.994158285856247
2021-05-20 09:40:45,363 - Epoch: 0, Step: 860, L:240, Loss: 0.9278937399387359
2021-05-20 09:40:53,498 - Epoch: 0, Step: 870, L:301, Loss: 0.8657946467399598
2021-05-20 09:41:05,655 - Epoch: 0, Step: 880, L:432, Loss: 0.9394655525684357
2021-05-20 09:41:15,972 - Epoch: 0, Step: 890, L:153, Loss: 1.0489125669002533
2021-05-20 09:41:20,463 - Epoch: 0, Step: 900, L:125, Loss: 1.0251282393932342
2021-05-20 09:41:27,130 - Epoch: 0, Step: 910, L:366, Loss: 0.952954787015915
2021-05-20 09:41:37,461 - Epoch: 0, Step: 920, L:472, Loss: 0.864739865064621
2021-05-20 09:41:46,177 - Epoch: 0, Step: 930, L:374, Loss: 0.890795785188675
2021-05-20 09:41:58,711 - Epoch: 0, Step: 940, L:450, Loss: 0.9145687758922577
2021-05-20 09:42:04,930 - Epoch: 0, Step: 950, L:162, Loss: 0.9643671989440918
2021-05-20 09:42:11,162 - Epoch: 0, Step: 960, L:306, Loss: 0.8822618395090103
2021-05-20 09:42:16,873 - Epoch: 0, Step: 970, L:286, Loss: 1.0145674288272857
2021-05-20 09:42:22,011 - Epoch: 0, Step: 980, L:195, Loss: 0.9812220573425293
2021-05-20 09:42:35,190 - Epoch: 0, Step: 990, L:169, Loss: 0.9200516700744629
2021-05-20 09:42:39,089 - Epoch: 0, Step: 1000, L:133, Loss: 1.0331145763397216
2021-05-20 09:42:52,444 - Epoch: 0, Step: 1010, L:419, Loss: 0.8795469731092453
2021-05-20 09:42:57,206 - Epoch: 0, Step: 1020, L:207, Loss: 1.089170551300049
2021-05-20 09:43:02,277 - Epoch: 0, Step: 1030, L:105, Loss: 0.9897068798542022
2021-05-20 09:43:07,417 - Epoch: 0, Step: 1040, L:143, Loss: 0.8664388060569763
2021-05-20 09:43:10,898 - Epoch: 0, Step: 1050, L:280, Loss: 1.0407695174217224
2021-05-20 09:43:25,851 - Epoch: 0, Step: 1060, L:307, Loss: 0.9288584172725678
2021-05-20 09:43:31,170 - Epoch: 0, Step: 1070, L:322, Loss: 1.0507513582706451
2021-05-20 09:43:41,383 - Epoch: 0, Step: 1080, L:485, Loss: 0.8600185513496399
2021-05-20 09:43:50,278 - Epoch: 0, Step: 1090, L:384, Loss: 0.7990406602621078
2021-05-20 09:43:54,682 - Epoch: 0, Step: 1100, L:123, Loss: 0.9727989315986634
2021-05-20 09:44:01,084 - Epoch: 0, Step: 1110, L:384, Loss: 0.8409117817878723
2021-05-20 09:44:09,524 - Epoch: 0, Step: 1120, L:379, Loss: 0.9803959369659424
2021-05-20 09:44:20,273 - Epoch: 0, Step: 1130, L:222, Loss: 0.9894656747579574
2021-05-20 09:44:32,631 - Epoch: 0, Step: 1140, L:312, Loss: 1.0044254601001739
2021-05-20 09:44:39,660 - Epoch: 0, Step: 1150, L:102, Loss: 1.1491704165935517
2021-05-20 09:44:46,222 - Epoch: 0, Step: 1160, L:151, Loss: 1.0028630912303924
2021-05-20 09:44:50,300 - Epoch: 0, Step: 1170, L:214, Loss: 0.9797440588474273
2021-05-20 09:44:57,305 - Epoch: 0, Step: 1180, L:177, Loss: 0.7999864161014557
2021-05-20 09:44:59,895 - Epoch: 0, Step: 1190, L:118, Loss: 0.9642078220844269
2021-05-20 09:45:08,949 - Epoch: 0, Step: 1200, L:349, Loss: 1.1045825719833373
2021-05-20 09:45:18,566 - Epoch: 0, Step: 1210, L:250, Loss: 0.9013284265995025
2021-05-20 09:45:27,672 - Epoch: 0, Step: 1220, L:458, Loss: 0.8793862164020538
2021-05-20 09:45:32,567 - Epoch: 0, Step: 1230, L:218, Loss: 1.0211994290351867
2021-05-20 09:45:39,831 - Epoch: 0, Step: 1240, L:136, Loss: 0.9783477365970612
2021-05-20 09:45:47,592 - Epoch: 0, Step: 1250, L:116, Loss: 0.9730926990509033
2021-05-20 09:45:57,138 - Epoch: 0, Step: 1260, L:247, Loss: 0.9822886109352111
2021-05-20 09:46:05,624 - Epoch: 0, Step: 1270, L:148, Loss: 0.7989900887012482
2021-05-20 09:46:10,350 - Epoch: 0, Step: 1280, L:287, Loss: 1.0241069495677948
2021-05-20 09:46:22,279 - Epoch: 0, Step: 1290, L:281, Loss: 0.9090824365615845
2021-05-20 09:46:26,388 - Epoch: 0, Step: 1300, L:168, Loss: 0.9952346682548523
2021-05-20 09:46:30,863 - Epoch: 0, Step: 1310, L:128, Loss: 0.9957779049873352
2021-05-20 09:46:44,372 - Epoch: 0, Step: 1320, L:456, Loss: 0.858569759130478
2021-05-20 09:46:50,259 - Epoch: 0, Step: 1330, L:336, Loss: 0.9745366275310516
2021-05-20 09:46:55,394 - Epoch: 0, Step: 1340, L:225, Loss: 0.9423886775970459
2021-05-20 09:47:05,330 - Epoch: 0, Step: 1350, L:393, Loss: 1.0638328313827514
2021-05-20 09:47:10,404 - Epoch: 0, Step: 1360, L:201, Loss: 1.1255640089511871
2021-05-20 09:47:14,771 - Epoch: 0, Step: 1370, L:194, Loss: 0.9391817390918732
2021-05-20 09:47:23,867 - Epoch: 0, Step: 1380, L:411, Loss: 1.0289246082305907
2021-05-20 09:47:36,083 - Epoch: 0, Step: 1390, L:343, Loss: 0.9429430305957794
2021-05-20 09:47:40,020 - Epoch: 0, Step: 1400, L:322, Loss: 1.0327710866928101
2021-05-20 09:47:45,489 - Epoch: 0, Step: 1410, L:375, Loss: 0.9644713282585144
2021-05-20 09:47:55,240 - Epoch: 0, Step: 1420, L:165, Loss: 0.8546408206224442
2021-05-20 09:48:04,567 - Epoch: 0, Step: 1430, L:202, Loss: 0.9037351667881012
2021-05-20 09:48:14,746 - Epoch: 0, Step: 1440, L:182, Loss: 1.0260384529829025
2021-05-20 09:48:19,827 - Epoch: 0, Step: 1450, L:230, Loss: 0.9647567868232727
2021-05-20 09:48:27,658 - Epoch: 0, Step: 1460, L:153, Loss: 1.1014895737171173
2021-05-20 09:48:31,798 - Epoch: 0, Step: 1470, L:104, Loss: 1.0970225632190704
2021-05-20 09:48:44,187 - Epoch: 0, Step: 1480, L:302, Loss: 0.9553848266601562
2021-05-20 09:48:48,641 - Epoch: 0, Step: 1490, L:139, Loss: 1.0721562087535859
2021-05-20 09:48:56,148 - Epoch: 0, Step: 1500, L:205, Loss: 1.0066357374191284
2021-05-20 09:49:02,111 - Epoch: 0, Step: 1510, L:226, Loss: 0.9557496070861816
2021-05-20 09:49:12,070 - Epoch: 0, Step: 1520, L:107, Loss: 0.9003804564476013
2021-05-20 09:49:15,494 - Epoch: 0, Step: 1530, L:113, Loss: 1.0359100639820098
2021-05-20 09:49:21,070 - Epoch: 0, Step: 1540, L:172, Loss: 0.9916666805744171
2021-05-20 09:49:25,359 - Epoch: 0, Step: 1550, L:118, Loss: 1.0863060653209686
2021-05-20 09:49:33,379 - Epoch: 0, Step: 1560, L:264, Loss: 0.9390650570392609
2021-05-20 09:49:37,761 - Epoch: 0, Step: 1570, L:176, Loss: 0.93484907746315
2021-05-20 09:49:55,611 - Epoch: 0, Step: 1580, L:453, Loss: 0.8054632604122162
2021-05-20 09:49:59,722 - Epoch: 0, Step: 1590, L:129, Loss: 1.0666606903076172
2021-05-20 09:50:03,292 - Epoch: 0, Step: 1600, L:204, Loss: 0.987538194656372
2021-05-20 09:50:15,118 - Epoch: 0, Step: 1610, L:223, Loss: 0.9706677556037903
2021-05-20 09:50:23,205 - Epoch: 0, Step: 1620, L:129, Loss: 1.0294411599636077
2021-05-20 09:50:30,522 - Epoch: 0, Step: 1630, L:146, Loss: 0.9396050870418549
2021-05-20 09:50:36,678 - Epoch: 0, Step: 1640, L:148, Loss: 0.8665183663368226
2021-05-20 09:50:44,089 - Epoch: 0, Step: 1650, L:103, Loss: 1.022245854139328
2021-05-20 09:50:57,207 - Epoch: 0, Step: 1660, L:470, Loss: 0.9561323195695877
2021-05-20 09:51:05,004 - Epoch: 0, Step: 1670, L:240, Loss: 0.9281241834163666
2021-05-20 09:51:11,913 - Epoch: 0, Step: 1680, L:249, Loss: 0.8715791702270508
2021-05-20 09:51:19,367 - Epoch: 0, Step: 1690, L:298, Loss: 0.8944925546646119
2021-05-20 09:51:25,717 - Epoch: 0, Step: 1700, L:213, Loss: 0.9740195155143738
2021-05-20 09:51:30,773 - Epoch: 0, Step: 1710, L:321, Loss: 1.1096122026443482
2021-05-20 09:51:40,714 - Epoch: 0, Step: 1720, L:217, Loss: 0.932797235250473
2021-05-20 09:51:55,378 - Epoch: 0, Step: 1730, L:367, Loss: 0.8669323742389679
2021-05-20 09:52:00,456 - Epoch: 0, Step: 1740, L:289, Loss: 0.947530734539032
2021-05-20 09:52:06,927 - Epoch: 0, Step: 1750, L:105, Loss: 1.0550646126270293
2021-05-20 09:52:11,803 - Epoch: 0, Step: 1760, L:110, Loss: 1.021444022655487
2021-05-20 09:52:16,824 - Epoch: 0, Step: 1770, L:297, Loss: 0.9905587017536164
2021-05-20 09:52:26,592 - Epoch: 0, Step: 1780, L:385, Loss: 0.9061341226100922
2021-05-20 09:52:32,627 - Epoch: 0, Step: 1790, L:137, Loss: 1.0677279472351073
2021-05-20 09:52:40,273 - Epoch: 0, Step: 1800, L:452, Loss: 0.8556330084800721
2021-05-20 09:52:46,389 - Epoch: 0, Step: 1810, L:302, Loss: 0.9352391719818115
2021-05-20 09:52:56,628 - Epoch: 0, Step: 1820, L:177, Loss: 0.9108040988445282
2021-05-20 09:53:02,868 - Epoch: 0, Step: 1830, L:345, Loss: 0.9571444779634476
2021-05-20 09:53:11,585 - Epoch: 0, Step: 1840, L:340, Loss: 0.9256311357021332
2021-05-20 09:53:15,552 - Epoch: 0, Step: 1850, L:345, Loss: 1.0406975448131561
2021-05-20 09:53:20,197 - Epoch: 0, Step: 1860, L:196, Loss: 1.0268842458724976
2021-05-20 09:53:30,678 - Epoch: 0, Step: 1870, L:219, Loss: 0.9836661100387574
2021-05-20 09:53:34,771 - Epoch: 0, Step: 1880, L:225, Loss: 1.0075137972831727
2021-05-20 09:53:45,450 - Epoch: 0, Step: 1890, L:343, Loss: 1.0076844334602355
2021-05-20 09:53:50,564 - Epoch: 0, Step: 1900, L:123, Loss: 0.8123595297336579
2021-05-20 09:53:57,800 - Epoch: 0, Step: 1910, L:155, Loss: 0.9215696215629577
2021-05-20 09:54:02,875 - Epoch: 0, Step: 1920, L:219, Loss: 0.9325756013393403
2021-05-20 09:54:06,799 - Epoch: 0, Step: 1930, L:234, Loss: 0.9651029646396637
2021-05-20 09:54:12,904 - Epoch: 0, Step: 1940, L:161, Loss: 0.9983462572097779
2021-05-20 09:54:20,298 - Epoch: 0, Step: 1950, L:132, Loss: 1.0059920012950898
2021-05-20 09:54:28,984 - Epoch: 0, Step: 1960, L:467, Loss: 0.9950868308544158
2021-05-20 09:54:34,602 - Epoch: 0, Step: 1970, L:129, Loss: 0.9706098288297653
2021-05-20 09:54:49,278 - Epoch: 0, Step: 1980, L:232, Loss: 1.0052881717681885
2021-05-20 09:54:55,591 - Epoch: 0, Step: 1990, L:349, Loss: 0.9891551971435547
2021-05-20 09:55:00,423 - Epoch: 0, Step: 2000, L:376, Loss: 1.0224091351032256
2021-05-20 09:55:09,405 - Epoch: 0, Step: 2010, L:123, Loss: 0.9630453824996948
2021-05-20 09:55:16,230 - Epoch: 0, Step: 2020, L:180, Loss: 1.0695242702960968
2021-05-20 09:55:20,081 - Epoch: 0, Step: 2030, L:105, Loss: 1.1057508885860443
2021-05-20 09:55:27,052 - Epoch: 0, Step: 2040, L:327, Loss: 0.9737001776695251
2021-05-20 09:55:33,324 - Epoch: 0, Step: 2050, L:224, Loss: 0.9067583620548249
2021-05-20 09:55:42,661 - Epoch: 0, Step: 2060, L:316, Loss: 0.8422038733959198
2021-05-20 09:55:48,713 - Epoch: 0, Step: 2070, L:153, Loss: 0.8539394974708557
2021-05-20 09:55:56,733 - Epoch: 0, Step: 2080, L:400, Loss: 0.973610270023346
2021-05-20 09:56:05,440 - Epoch: 0, Step: 2090, L:163, Loss: 1.0088870704174042
2021-05-20 09:56:10,782 - Epoch: 0, Step: 2100, L:136, Loss: 1.0448060154914856
2021-05-20 09:56:22,964 - Epoch: 0, Step: 2110, L:128, Loss: 1.056833988428116
2021-05-20 09:56:27,135 - Epoch: 0, Step: 2120, L:110, Loss: 1.0300625622272492
2021-05-20 09:56:32,153 - Epoch: 0, Step: 2130, L:252, Loss: 0.8952487945556641
2021-05-20 09:56:37,382 - Epoch: 0, Step: 2140, L:310, Loss: 0.9202003479003906
2021-05-20 09:56:42,716 - Epoch: 0, Step: 2150, L:108, Loss: 0.9262317776679992
2021-05-20 09:56:45,959 - Epoch: 0, Step: 2160, L:155, Loss: 1.0864780306816102
2021-05-20 09:56:58,302 - Epoch: 0, Step: 2170, L:240, Loss: 0.9202936232089997
2021-05-20 09:57:03,217 - Epoch: 0, Step: 2180, L:161, Loss: 0.9458960771560669
2021-05-20 09:57:14,498 - Epoch: 0, Step: 2190, L:347, Loss: 0.8579531908035278
2021-05-20 09:57:19,304 - Epoch: 0, Step: 2200, L:118, Loss: 0.951897257566452
2021-05-20 09:57:24,991 - Epoch: 0, Step: 2210, L:185, Loss: 1.0580731451511383
2021-05-20 09:57:31,186 - Epoch: 0, Step: 2220, L:151, Loss: 1.071731334924698
2021-05-20 09:57:35,310 - Epoch: 0, Step: 2230, L:123, Loss: 1.1084365904331208
2021-05-20 09:57:46,847 - Epoch: 0, Step: 2240, L:154, Loss: 0.9662899613380432
2021-05-20 09:57:51,931 - Epoch: 0, Step: 2250, L:188, Loss: 0.9240092992782593
2021-05-20 09:57:55,069 - Epoch: 0, Step: 2260, L:100, Loss: 1.1341451287269593
2021-05-20 09:58:01,285 - Epoch: 0, Step: 2270, L:200, Loss: 0.9474070370197296
2021-05-20 09:58:11,122 - Epoch: 0, Step: 2280, L:420, Loss: 0.9602249205112457
2021-05-20 09:58:14,601 - Epoch: 0, Step: 2290, L:156, Loss: 1.0426336705684662
2021-05-20 09:58:20,526 - Epoch: 0, Step: 2300, L:244, Loss: 0.9511456370353699
2021-05-20 09:58:24,422 - Epoch: 0, Step: 2310, L:146, Loss: 0.9870695173740387
2021-05-20 09:58:28,632 - Epoch: 0, Step: 2320, L:197, Loss: 1.0447763681411744
2021-05-20 09:58:32,585 - Epoch: 0, Step: 2330, L:203, Loss: 0.9734120070934296
2021-05-20 09:58:36,378 - Epoch: 0, Step: 2340, L:157, Loss: 0.9654895961284637
2021-05-20 09:58:40,274 - Epoch: 0, Step: 2350, L:149, Loss: 1.0203530311584472
2021-05-20 09:58:43,709 - Epoch: 0, Step: 2360, L:113, Loss: 1.0694967210292816
2021-05-20 09:58:56,447 - Epoch: 0, Step: 2370, L:292, Loss: 0.9871776461601257
2021-05-20 09:59:01,431 - Epoch: 0, Step: 2380, L:118, Loss: 0.9918204128742218
2021-05-20 09:59:09,037 - Epoch: 0, Step: 2390, L:276, Loss: 0.9237129658460617
2021-05-20 09:59:12,824 - Epoch: 0, Step: 2400, L:192, Loss: 0.9316649198532104
2021-05-20 09:59:19,555 - Epoch: 0, Step: 2410, L:235, Loss: 0.9348085045814514
2021-05-20 09:59:30,719 - Epoch: 0, Step: 2420, L:192, Loss: 0.951228266954422
2021-05-20 09:59:35,568 - Epoch: 0, Step: 2430, L:114, Loss: 0.9543935477733612
2021-05-20 09:59:46,173 - Epoch: 0, Step: 2440, L:185, Loss: 0.852898359298706
2021-05-20 09:59:57,828 - Epoch: 0, Step: 2450, L:386, Loss: 0.8658996880054474
2021-05-20 10:00:06,040 - Epoch: 0, Step: 2460, L:297, Loss: 0.9233382165431976
2021-05-20 10:00:12,097 - Epoch: 0, Step: 2470, L:275, Loss: 0.884411358833313
2021-05-20 10:00:17,296 - Epoch: 0, Step: 2480, L:214, Loss: 1.0553723096847534
2021-05-20 10:00:24,571 - Epoch: 0, Step: 2490, L:215, Loss: 0.9909292578697204
2021-05-20 10:00:29,893 - Epoch: 0, Step: 2500, L:167, Loss: 1.0037104189395905
2021-05-20 10:00:34,661 - Epoch: 0, Step: 2510, L:345, Loss: 1.0018176078796386
2021-05-20 10:00:39,649 - Epoch: 0, Step: 2520, L:131, Loss: 0.8563278883695602
2021-05-20 10:00:43,680 - Epoch: 0, Step: 2530, L:119, Loss: 1.0073212087154388
2021-05-20 10:00:55,408 - Epoch: 0, Step: 2540, L:211, Loss: 0.8546390861272812
2021-05-20 10:01:01,636 - Epoch: 0, Step: 2550, L:152, Loss: 0.8534554928541184
2021-05-20 10:01:07,746 - Epoch: 0, Step: 2560, L:269, Loss: 0.8258649706840515
2021-05-20 10:01:12,102 - Epoch: 0, Step: 2570, L:216, Loss: 1.0337620675563812
2021-05-20 10:01:20,676 - Epoch: 0, Step: 2580, L:140, Loss: 0.9943482160568238
2021-05-20 10:01:28,111 - Epoch: 0, Step: 2590, L:391, Loss: 0.8402603656053543
2021-05-20 10:01:43,392 - Epoch: 0, Step: 2600, L:193, Loss: 0.9575117230415344
2021-05-20 10:01:48,104 - Epoch: 0, Step: 2610, L:319, Loss: 0.8560412555932999
2021-05-20 10:01:52,060 - Epoch: 0, Step: 2620, L:269, Loss: 1.035804918408394
2021-05-20 10:01:59,061 - Epoch: 0, Step: 2630, L:185, Loss: 0.9739323735237122
2021-05-20 10:02:04,658 - Epoch: 0, Step: 2640, L:110, Loss: 1.0049642026424408
2021-05-20 10:02:17,853 - Epoch: 0, Step: 2650, L:217, Loss: 0.8943224102258682
2021-05-20 10:02:23,201 - Epoch: 0, Step: 2660, L:197, Loss: 1.0450124323368073
2021-05-20 10:02:33,128 - Epoch: 0, Step: 2670, L:376, Loss: 1.036653596162796
2021-05-20 10:02:37,522 - Epoch: 0, Step: 2680, L:139, Loss: 1.040479689836502
2021-05-20 10:02:41,884 - Epoch: 0, Step: 2690, L:312, Loss: 1.0514840602874755
2021-05-20 10:02:51,119 - Epoch: 0, Step: 2700, L:280, Loss: 0.9050973415374756
2021-05-20 10:02:58,789 - Epoch: 0, Step: 2710, L:129, Loss: 0.9817227482795715
2021-05-20 10:03:09,354 - Epoch: 0, Step: 2720, L:189, Loss: 0.9429435789585113
2021-05-20 10:03:16,637 - Epoch: 0, Step: 2730, L:178, Loss: 0.9743901371955872
2021-05-20 10:03:21,872 - Epoch: 0, Step: 2740, L:124, Loss: 1.0462010324001312
2021-05-20 10:03:35,729 - Epoch: 0, Step: 2750, L:319, Loss: 0.9954878330230713
2021-05-20 10:03:44,422 - Epoch: 0, Step: 2760, L:265, Loss: 1.0503395527601243
2021-05-20 10:03:54,970 - Epoch: 0, Step: 2770, L:316, Loss: 0.8896924436092377
2021-05-20 10:03:59,963 - Epoch: 0, Step: 2780, L:256, Loss: 0.886675488948822
2021-05-20 10:04:04,527 - Epoch: 0, Step: 2790, L:265, Loss: 0.9589261621236801
2021-05-20 10:04:08,627 - Epoch: 0, Step: 2800, L:184, Loss: 1.0812221586704254
2021-05-20 10:04:21,626 - Epoch: 0, Step: 2810, L:246, Loss: 1.1428706228733063
2021-05-20 10:04:28,904 - Epoch: 0, Step: 2820, L:115, Loss: 0.956331479549408
2021-05-20 10:04:36,333 - Epoch: 0, Step: 2830, L:163, Loss: 0.8834410309791565
2021-05-20 10:04:40,672 - Epoch: 0, Step: 2840, L:224, Loss: 1.0125628292560578
2021-05-20 10:04:44,035 - Epoch: 0, Step: 2850, L:216, Loss: 1.1311442494392394
2021-05-20 10:04:48,046 - Epoch: 0, Step: 2860, L:247, Loss: 1.0327991545200348
2021-05-20 10:04:58,751 - Epoch: 0, Step: 2870, L:325, Loss: 0.9983674824237824
2021-05-20 10:05:04,907 - Epoch: 0, Step: 2880, L:282, Loss: 0.9017792403697967
2021-05-20 10:05:10,630 - Epoch: 0, Step: 2890, L:101, Loss: 0.8777342200279236
2021-05-20 10:05:16,996 - Epoch: 0, Step: 2900, L:458, Loss: 1.1106832444667816
2021-05-20 10:05:32,070 - Epoch: 0, Step: 2910, L:236, Loss: 0.8564564913511277
2021-05-20 10:05:39,512 - Epoch: 0, Step: 2920, L:259, Loss: 0.8586297869682312
2021-05-20 10:05:47,418 - Epoch: 0, Step: 2930, L:110, Loss: 0.9713633388280869
2021-05-20 10:05:51,945 - Epoch: 0, Step: 2940, L:165, Loss: 0.9928159356117249
2021-05-20 10:06:02,804 - Epoch: 0, Step: 2950, L:284, Loss: 0.9342479407787323
2021-05-20 10:06:08,002 - Epoch: 0, Step: 2960, L:164, Loss: 1.0925287306308746
2021-05-20 10:06:14,925 - Epoch: 0, Step: 2970, L:217, Loss: 0.9271679639816284
2021-05-20 10:06:18,949 - Epoch: 0, Step: 2980, L:234, Loss: 1.0314937859773636
2021-05-20 10:06:30,374 - Epoch: 0, Step: 2990, L:264, Loss: 0.914065033197403
2021-05-20 10:06:41,545 - Start evaluating...
2021-05-20 10:06:43,471 - Evaluation: 0 / 1219
2021-05-20 10:06:49,152 - Evaluation: 10 / 1219
2021-05-20 10:06:51,000 - Evaluation: 20 / 1219
2021-05-20 10:07:06,090 - Evaluation: 30 / 1219
2021-05-20 10:07:11,189 - Evaluation: 40 / 1219
2021-05-20 10:07:12,990 - Evaluation: 50 / 1219
2021-05-20 10:07:20,508 - Evaluation: 60 / 1219
2021-05-20 10:07:25,257 - Evaluation: 70 / 1219
2021-05-20 10:07:32,787 - Evaluation: 80 / 1219
2021-05-20 10:07:42,412 - Evaluation: 90 / 1219
2021-05-20 10:07:45,423 - Evaluation: 100 / 1219
2021-05-20 10:07:59,677 - Evaluation: 110 / 1219
2021-05-20 10:08:04,547 - Evaluation: 120 / 1219
2021-05-20 10:08:10,399 - Evaluation: 130 / 1219
2021-05-20 10:08:23,506 - Evaluation: 140 / 1219
2021-05-20 10:08:26,661 - Evaluation: 150 / 1219
2021-05-20 10:08:31,008 - Evaluation: 160 / 1219
2021-05-20 10:08:37,264 - Evaluation: 170 / 1219
2021-05-20 10:08:44,350 - Evaluation: 180 / 1219
2021-05-20 10:08:48,641 - Evaluation: 190 / 1219
2021-05-20 10:08:55,337 - Evaluation: 200 / 1219
2021-05-20 10:09:05,800 - Evaluation: 210 / 1219
2021-05-20 10:09:10,661 - Evaluation: 220 / 1219
2021-05-20 10:09:16,501 - Evaluation: 230 / 1219
2021-05-20 10:09:18,547 - Evaluation: 240 / 1219
2021-05-20 10:09:32,527 - Evaluation: 250 / 1219
2021-05-20 10:09:35,332 - Evaluation: 260 / 1219
2021-05-20 10:09:42,859 - Evaluation: 270 / 1219
2021-05-20 10:09:52,122 - Evaluation: 280 / 1219
2021-05-20 10:09:54,913 - Evaluation: 290 / 1219
2021-05-20 10:10:02,557 - Evaluation: 300 / 1219
2021-05-20 10:10:09,186 - Evaluation: 310 / 1219
2021-05-20 10:10:11,112 - Evaluation: 320 / 1219
2021-05-20 10:10:20,871 - Evaluation: 330 / 1219
2021-05-20 10:10:23,138 - Evaluation: 340 / 1219
2021-05-20 10:10:27,380 - Evaluation: 350 / 1219
2021-05-20 10:10:35,563 - Evaluation: 360 / 1219
2021-05-20 10:10:44,872 - Evaluation: 370 / 1219
2021-05-20 10:10:48,632 - Evaluation: 380 / 1219
2021-05-20 10:10:57,732 - Evaluation: 390 / 1219
2021-05-20 10:11:02,906 - Evaluation: 400 / 1219
2021-05-20 10:11:05,589 - Evaluation: 410 / 1219
2021-05-20 10:11:11,070 - Evaluation: 420 / 1219
2021-05-20 10:11:20,391 - Evaluation: 430 / 1219
2021-05-20 10:11:25,879 - Evaluation: 440 / 1219
2021-05-20 10:11:35,621 - Evaluation: 450 / 1219
2021-05-20 10:11:41,268 - Evaluation: 460 / 1219
2021-05-20 10:11:47,601 - Evaluation: 470 / 1219
2021-05-20 10:11:52,870 - Evaluation: 480 / 1219
2021-05-20 10:11:58,515 - Evaluation: 490 / 1219
2021-05-20 10:12:01,147 - Evaluation: 500 / 1219
2021-05-20 10:12:04,106 - Evaluation: 510 / 1219
2021-05-20 10:12:11,288 - Evaluation: 520 / 1219
2021-05-20 10:12:17,552 - Evaluation: 530 / 1219
2021-05-20 10:12:23,731 - Evaluation: 540 / 1219
2021-05-20 10:12:29,518 - Evaluation: 550 / 1219
2021-05-20 10:12:41,173 - Evaluation: 560 / 1219
2021-05-20 10:12:45,685 - Evaluation: 570 / 1219
2021-05-20 10:12:50,953 - Evaluation: 580 / 1219
2021-05-20 10:12:58,161 - Evaluation: 590 / 1219
2021-05-20 10:13:00,411 - Evaluation: 600 / 1219
2021-05-20 10:13:07,281 - Evaluation: 610 / 1219
2021-05-20 10:13:20,095 - Evaluation: 620 / 1219
2021-05-20 10:13:29,282 - Evaluation: 630 / 1219
2021-05-20 10:13:32,595 - Evaluation: 640 / 1219
2021-05-20 10:13:39,880 - Evaluation: 650 / 1219
2021-05-20 10:13:43,093 - Evaluation: 660 / 1219
2021-05-20 10:13:49,833 - Evaluation: 670 / 1219
2021-05-20 10:13:53,087 - Evaluation: 680 / 1219
2021-05-20 10:14:00,871 - Evaluation: 690 / 1219
2021-05-20 10:14:08,149 - Evaluation: 700 / 1219
2021-05-20 10:14:13,737 - Evaluation: 710 / 1219
2021-05-20 10:14:15,939 - Evaluation: 720 / 1219
2021-05-20 10:14:29,244 - Evaluation: 730 / 1219
2021-05-20 10:14:34,535 - Evaluation: 740 / 1219
2021-05-20 10:14:40,542 - Evaluation: 750 / 1219
2021-05-20 10:14:43,512 - Evaluation: 760 / 1219
2021-05-20 10:14:45,806 - Evaluation: 770 / 1219
2021-05-20 10:14:54,840 - Evaluation: 780 / 1219
2021-05-20 10:15:02,623 - Evaluation: 790 / 1219
2021-05-20 10:15:15,684 - Evaluation: 800 / 1219
2021-05-20 10:15:18,971 - Evaluation: 810 / 1219
2021-05-20 10:15:22,624 - Evaluation: 820 / 1219
2021-05-20 10:15:24,226 - Evaluation: 830 / 1219
2021-05-20 10:15:32,795 - Evaluation: 840 / 1219
2021-05-20 10:15:34,441 - Evaluation: 850 / 1219
2021-05-20 10:15:39,100 - Evaluation: 860 / 1219
2021-05-20 10:15:51,023 - Evaluation: 870 / 1219
2021-05-20 10:15:53,211 - Evaluation: 880 / 1219
2021-05-20 10:15:58,077 - Evaluation: 890 / 1219
2021-05-20 10:16:01,393 - Evaluation: 900 / 1219
2021-05-20 10:16:08,027 - Evaluation: 910 / 1219
2021-05-20 10:16:11,730 - Evaluation: 920 / 1219
2021-05-20 10:16:22,578 - Evaluation: 930 / 1219
2021-05-20 10:16:25,279 - Evaluation: 940 / 1219
2021-05-20 10:16:31,970 - Evaluation: 950 / 1219
2021-05-20 10:16:36,256 - Evaluation: 960 / 1219
2021-05-20 10:16:43,001 - Evaluation: 970 / 1219
2021-05-20 10:16:52,160 - Evaluation: 980 / 1219
2021-05-20 10:17:02,373 - Evaluation: 990 / 1219
2021-05-20 10:17:04,314 - Evaluation: 1000 / 1219
2021-05-20 10:17:10,565 - Evaluation: 1010 / 1219
2021-05-20 10:17:19,879 - Evaluation: 1020 / 1219
2021-05-20 10:17:26,923 - Evaluation: 1030 / 1219
2021-05-20 10:17:35,436 - Evaluation: 1040 / 1219
2021-05-20 10:17:40,484 - Evaluation: 1050 / 1219
2021-05-20 10:17:42,862 - Evaluation: 1060 / 1219
2021-05-20 10:17:54,069 - Evaluation: 1070 / 1219
2021-05-20 10:17:55,770 - Evaluation: 1080 / 1219
2021-05-20 10:18:01,032 - Evaluation: 1090 / 1219
2021-05-20 10:18:08,658 - Evaluation: 1100 / 1219
2021-05-20 10:18:11,641 - Evaluation: 1110 / 1219
2021-05-20 10:18:13,709 - Evaluation: 1120 / 1219
2021-05-20 10:18:23,609 - Evaluation: 1130 / 1219
2021-05-20 10:18:30,016 - Evaluation: 1140 / 1219
2021-05-20 10:18:33,171 - Evaluation: 1150 / 1219
2021-05-20 10:18:37,385 - Evaluation: 1160 / 1219
2021-05-20 10:18:47,407 - Evaluation: 1170 / 1219
2021-05-20 10:18:49,977 - Evaluation: 1180 / 1219
2021-05-20 10:18:59,150 - Evaluation: 1190 / 1219
2021-05-20 10:19:01,966 - Evaluation: 1200 / 1219
2021-05-20 10:19:12,059 - Evaluation: 1210 / 1219
2021-05-20 10:19:14,218 - -----------------------EVAL---------------------
Evaluation Result: 19.82465410232544
2021-05-20 10:19:14,218 - T10: 0.5967462062835693, T5: 0.5968325734138489, T2: 0.5746449828147888, T1: 0.5510627627372742
2021-05-20 10:19:14,218 - LT10: 0.6412779688835144, LT5: 0.6286696195602417, LT2: 0.6013083457946777, LT1: 0.5777969360351562
2021-05-20 10:19:14,219 - Short all result: [0.       0.       0.       0.       0.       0.       0.       0.
 0.       0.720886]

2021-05-20 10:19:14,966 - Epoch: 0, Step: 3000, L:323, Loss: 0.8503697335720062
2021-05-20 10:19:21,010 - Epoch: 0, Step: 3010, L:340, Loss: 0.9695393800735473
2021-05-20 10:19:27,013 - Epoch: 0, Step: 3020, L:371, Loss: 0.9547568500041962
2021-05-20 10:19:31,669 - Epoch: 0, Step: 3030, L:261, Loss: 1.072464543581009
2021-05-20 10:19:43,207 - Epoch: 0, Step: 3040, L:254, Loss: 0.9601297557353974
2021-05-20 10:19:47,681 - Epoch: 0, Step: 3050, L:282, Loss: 0.9189804136753082
2021-05-20 10:19:55,634 - Epoch: 0, Step: 3060, L:365, Loss: 1.0197559416294097
2021-05-20 10:20:02,189 - Epoch: 0, Step: 3070, L:137, Loss: 1.0708979189395904
2021-05-20 10:20:08,565 - Epoch: 0, Step: 3080, L:269, Loss: 1.016273421049118
2021-05-20 10:20:21,654 - Epoch: 0, Step: 3090, L:192, Loss: 0.9930107712745666
2021-05-20 10:20:26,396 - Epoch: 0, Step: 3100, L:281, Loss: 1.1167694866657256
2021-05-20 10:20:37,236 - Epoch: 0, Step: 3110, L:438, Loss: 0.9768682718276978
2021-05-20 10:20:41,717 - Epoch: 0, Step: 3120, L:166, Loss: 0.9115857362747193
2021-05-20 10:20:48,346 - Epoch: 0, Step: 3130, L:293, Loss: 0.9731951117515564
2021-05-20 10:20:54,724 - Epoch: 0, Step: 3140, L:337, Loss: 0.873741802573204
2021-05-20 10:21:05,813 - Epoch: 0, Step: 3150, L:361, Loss: 0.8685164958238601
2021-05-20 10:21:19,166 - Epoch: 0, Step: 3160, L:306, Loss: 0.9569565296173096
2021-05-20 10:21:28,095 - Epoch: 0, Step: 3170, L:373, Loss: 0.8565607249736786
2021-05-20 10:21:37,190 - Epoch: 0, Step: 3180, L:179, Loss: 0.7969095945358277
2021-05-20 10:21:42,677 - Epoch: 0, Step: 3190, L:237, Loss: 0.7622971355915069
2021-05-20 10:21:47,579 - Epoch: 0, Step: 3200, L:231, Loss: 0.9373142510652542
2021-05-20 10:21:55,741 - Epoch: 0, Step: 3210, L:161, Loss: 0.91310755610466
2021-05-20 10:22:02,375 - Epoch: 0, Step: 3220, L:339, Loss: 0.9777860403060913
2021-05-20 10:22:09,874 - Epoch: 0, Step: 3230, L:420, Loss: 0.9680525898933411
2021-05-20 10:22:21,225 - Epoch: 0, Step: 3240, L:312, Loss: 0.9180009603500366
2021-05-20 10:22:27,412 - Epoch: 0, Step: 3250, L:126, Loss: 0.9847287535667419
2021-05-20 10:22:33,480 - Epoch: 0, Step: 3260, L:252, Loss: 0.9295070111751557
2021-05-20 10:22:40,330 - Epoch: 0, Step: 3270, L:331, Loss: 1.0313299417495727
2021-05-20 10:22:50,667 - Epoch: 0, Step: 3280, L:163, Loss: 0.8304079547524452
2021-05-20 10:22:56,126 - Epoch: 0, Step: 3290, L:341, Loss: 0.9611740648746491
2021-05-20 10:23:07,629 - Epoch: 0, Step: 3300, L:371, Loss: 0.8726468086242676
2021-05-20 10:23:11,887 - Epoch: 0, Step: 3310, L:124, Loss: 0.9330155253410339
2021-05-20 10:23:19,334 - Epoch: 0, Step: 3320, L:223, Loss: 0.8904485881328583
2021-05-20 10:23:22,871 - Epoch: 0, Step: 3330, L:193, Loss: 0.9768060237169266
2021-05-20 10:23:33,254 - Epoch: 0, Step: 3340, L:117, Loss: 0.9560722410678864
2021-05-20 10:23:37,388 - Epoch: 0, Step: 3350, L:182, Loss: 0.9488635897636414
2021-05-20 10:23:43,179 - Epoch: 0, Step: 3360, L:358, Loss: 0.953115952014923
2021-05-20 10:23:53,031 - Epoch: 0, Step: 3370, L:240, Loss: 1.0730513513088227
2021-05-20 10:23:59,457 - Epoch: 0, Step: 3380, L:296, Loss: 0.9137752056121826
2021-05-20 10:24:09,197 - Epoch: 0, Step: 3390, L:138, Loss: 1.005527091026306
2021-05-20 10:24:20,884 - Epoch: 0, Step: 3400, L:179, Loss: 1.0521805107593536
2021-05-20 10:24:26,281 - Epoch: 0, Step: 3410, L:164, Loss: 0.9577167391777038
2021-05-20 10:24:31,740 - Epoch: 0, Step: 3420, L:117, Loss: 0.976351523399353
2021-05-20 10:24:37,115 - Epoch: 0, Step: 3430, L:114, Loss: 0.9438110888004303
2021-05-20 10:24:43,853 - Epoch: 0, Step: 3440, L:293, Loss: 1.0195514738559723
2021-05-20 10:24:50,514 - Epoch: 0, Step: 3450, L:272, Loss: 0.9534684419631958
2021-05-20 10:24:56,179 - Epoch: 0, Step: 3460, L:307, Loss: 0.9423420339822769
2021-05-20 10:25:01,828 - Epoch: 0, Step: 3470, L:257, Loss: 0.9406708955764771
2021-05-20 10:25:08,636 - Epoch: 0, Step: 3480, L:246, Loss: 0.9801477909088134
2021-05-20 10:25:13,440 - Epoch: 0, Step: 3490, L:326, Loss: 0.9899973034858703
2021-05-20 10:25:27,122 - Epoch: 0, Step: 3500, L:379, Loss: 0.9875051081180573
2021-05-20 10:25:32,710 - Epoch: 0, Step: 3510, L:127, Loss: 0.9976481080055237
2021-05-20 10:25:39,569 - Epoch: 0, Step: 3520, L:334, Loss: 0.9972493827342988
2021-05-20 10:25:52,274 - Epoch: 0, Step: 3530, L:117, Loss: 0.9765788733959198
2021-05-20 10:25:56,027 - Epoch: 0, Step: 3540, L:283, Loss: 0.9698964387178421
2021-05-20 10:26:06,264 - Epoch: 0, Step: 3550, L:437, Loss: 0.8381637513637543
2021-05-20 10:26:13,411 - Epoch: 0, Step: 3560, L:262, Loss: 0.9862535178661347
2021-05-20 10:26:21,314 - Epoch: 0, Step: 3570, L:221, Loss: 0.8949071645736695
2021-05-20 10:26:29,756 - Epoch: 0, Step: 3580, L:191, Loss: 0.9418708920478821
2021-05-20 10:26:40,196 - Epoch: 0, Step: 3590, L:175, Loss: 0.9643821775913238
2021-05-20 10:26:54,617 - Epoch: 0, Step: 3600, L:261, Loss: 0.9874250531196594
2021-05-20 10:26:58,213 - Epoch: 0, Step: 3610, L:119, Loss: 1.1241940677165985
2021-05-20 10:27:10,321 - Epoch: 0, Step: 3620, L:164, Loss: 0.9912049353122712
2021-05-20 10:27:21,884 - Epoch: 0, Step: 3630, L:483, Loss: 0.8322473466396332
2021-05-20 10:27:26,821 - Epoch: 0, Step: 3640, L:229, Loss: 0.9250016659498215
2021-05-20 10:27:33,246 - Epoch: 0, Step: 3650, L:187, Loss: 0.8557038962841034
2021-05-20 10:27:36,761 - Epoch: 0, Step: 3660, L:135, Loss: 0.9730354815721511
2021-05-20 10:27:49,332 - Epoch: 0, Step: 3670, L:321, Loss: 0.8882664442062378
2021-05-20 10:27:53,722 - Epoch: 0, Step: 3680, L:242, Loss: 0.8655046790838241
2021-05-20 10:27:59,220 - Epoch: 0, Step: 3690, L:270, Loss: 0.8103564739227295
2021-05-20 10:28:08,699 - Epoch: 0, Step: 3700, L:462, Loss: 0.9057556748390198
2021-05-20 10:28:12,577 - Epoch: 0, Step: 3710, L:189, Loss: 1.0623318195343017
2021-05-20 10:28:17,169 - Epoch: 0, Step: 3720, L:200, Loss: 1.0574976205825806
2021-05-20 10:28:25,261 - Epoch: 0, Step: 3730, L:108, Loss: 1.035483193397522
2021-05-20 10:28:33,341 - Epoch: 0, Step: 3740, L:148, Loss: 0.8634519636631012
2021-05-20 10:28:37,607 - Epoch: 0, Step: 3750, L:103, Loss: 1.0634459197521209
2021-05-20 10:28:49,585 - Epoch: 0, Step: 3760, L:436, Loss: 0.9651414185762406
2021-05-20 10:28:54,407 - Epoch: 0, Step: 3770, L:337, Loss: 0.8855954796075821
2021-05-20 10:28:58,027 - Epoch: 0, Step: 3780, L:219, Loss: 1.1866696536540986
2021-05-20 10:29:13,071 - Epoch: 0, Step: 3790, L:395, Loss: 0.8689126074314117
2021-05-20 10:29:17,232 - Epoch: 0, Step: 3800, L:112, Loss: 0.9416940778493881
2021-05-20 10:29:23,608 - Epoch: 0, Step: 3810, L:280, Loss: 0.9818908378481865
2021-05-20 10:29:31,295 - Epoch: 0, Step: 3820, L:169, Loss: 0.9911780297756195
2021-05-20 10:29:37,775 - Epoch: 0, Step: 3830, L:210, Loss: 0.8111016899347305
2021-05-20 10:29:46,445 - Epoch: 0, Step: 3840, L:171, Loss: 0.949101060628891
2021-05-20 10:29:54,670 - Epoch: 0, Step: 3850, L:393, Loss: 0.8986100733280182
2021-05-20 10:30:00,420 - Epoch: 0, Step: 3860, L:391, Loss: 0.8807955622673035
2021-05-20 10:30:09,777 - Epoch: 0, Step: 3870, L:153, Loss: 0.8743799418210983
2021-05-20 10:30:14,089 - Epoch: 0, Step: 3880, L:108, Loss: 1.0753226280212402
2021-05-20 10:30:17,554 - Epoch: 0, Step: 3890, L:151, Loss: 1.1127405345439911
2021-05-20 10:30:28,199 - Epoch: 0, Step: 3900, L:401, Loss: 0.8409003853797913
2021-05-20 10:30:39,012 - Epoch: 0, Step: 3910, L:268, Loss: 1.017445719242096
2021-05-20 10:30:43,822 - Epoch: 0, Step: 3920, L:392, Loss: 1.030671203136444
2021-05-20 10:30:57,158 - Epoch: 0, Step: 3930, L:203, Loss: 0.8921263694763184
2021-05-20 10:31:03,771 - Epoch: 0, Step: 3940, L:243, Loss: 0.9883334934711456
2021-05-20 10:31:07,325 - Epoch: 0, Step: 3950, L:144, Loss: 0.9453090965747833
2021-05-20 10:31:20,165 - Epoch: 0, Step: 3960, L:382, Loss: 0.8653462916612625
2021-05-20 10:31:25,650 - Epoch: 0, Step: 3970, L:424, Loss: 0.8658864438533783
2021-05-20 10:31:29,556 - Epoch: 0, Step: 3980, L:130, Loss: 1.2000255048274995
2021-05-20 10:31:47,487 - Epoch: 0, Step: 3990, L:498, Loss: 0.9975730657577515
2021-05-20 10:31:54,477 - Epoch: 0, Step: 4000, L:310, Loss: 0.9422824144363403
2021-05-20 10:32:01,019 - Epoch: 0, Step: 4010, L:170, Loss: 0.8697376668453216
2021-05-20 10:32:11,799 - Epoch: 0, Step: 4020, L:101, Loss: 1.0040480554103852
2021-05-20 10:32:20,685 - Epoch: 0, Step: 4030, L:371, Loss: 0.9379707872867584
2021-05-20 10:32:31,020 - Epoch: 0, Step: 4040, L:146, Loss: 0.9751903653144837
2021-05-20 10:32:34,137 - Epoch: 0, Step: 4050, L:249, Loss: 1.0562649428844453
2021-05-20 10:32:39,959 - Epoch: 0, Step: 4060, L:175, Loss: 0.9830624341964722
2021-05-20 10:32:45,260 - Epoch: 0, Step: 4070, L:279, Loss: 1.0894392013549805
2021-05-20 10:32:49,637 - Epoch: 0, Step: 4080, L:188, Loss: 1.042736291885376
2021-05-20 10:33:02,597 - Epoch: 0, Step: 4090, L:437, Loss: 0.8934929966926575
2021-05-20 10:33:07,099 - Epoch: 0, Step: 4100, L:138, Loss: 1.0007257252931594
2021-05-20 10:33:11,657 - Epoch: 0, Step: 4110, L:151, Loss: 0.955874639749527
2021-05-20 10:33:24,452 - Epoch: 0, Step: 4120, L:324, Loss: 0.9531985819339752
2021-05-20 10:33:32,007 - Epoch: 0, Step: 4130, L:359, Loss: 0.9689151048660278
2021-05-20 10:33:40,816 - Epoch: 0, Step: 4140, L:177, Loss: 1.0428917169570924
2021-05-20 10:33:44,664 - Epoch: 0, Step: 4150, L:126, Loss: 0.9677621275186539
2021-05-20 10:33:51,081 - Epoch: 0, Step: 4160, L:178, Loss: 1.0823240220546722
2021-05-20 10:33:58,840 - Epoch: 0, Step: 4170, L:210, Loss: 0.9279814898967743
2021-05-20 10:34:08,321 - Epoch: 0, Step: 4180, L:260, Loss: 0.854483562707901
2021-05-20 10:34:13,593 - Epoch: 0, Step: 4190, L:157, Loss: 0.9929368197917938
2021-05-20 10:34:18,771 - Epoch: 0, Step: 4200, L:174, Loss: 0.9986006319522858
2021-05-20 10:34:26,459 - Epoch: 0, Step: 4210, L:161, Loss: 1.0277505099773407
2021-05-20 10:34:30,065 - Epoch: 0, Step: 4220, L:200, Loss: 0.9217713952064515
2021-05-20 10:34:39,910 - Epoch: 0, Step: 4230, L:140, Loss: 1.000611460208893
2021-05-20 10:34:44,451 - Epoch: 0, Step: 4240, L:278, Loss: 0.8959840565919877
2021-05-20 10:34:55,385 - Epoch: 0, Step: 4250, L:157, Loss: 0.9809845089912415
2021-05-20 10:35:01,974 - Epoch: 0, Step: 4260, L:118, Loss: 0.9018617421388626
2021-05-20 10:35:06,049 - Epoch: 0, Step: 4270, L:145, Loss: 1.027441966533661
2021-05-20 10:35:14,367 - Epoch: 0, Step: 4280, L:369, Loss: 0.9001388490200043
2021-05-20 10:35:20,432 - Epoch: 0, Step: 4290, L:192, Loss: 0.9439104080200196
2021-05-20 10:35:32,704 - Epoch: 0, Step: 4300, L:217, Loss: 0.9190411508083344
2021-05-20 10:35:39,012 - Epoch: 0, Step: 4310, L:277, Loss: 0.8604410886764526
2021-05-20 10:35:44,375 - Epoch: 0, Step: 4320, L:215, Loss: 0.9509997248649598
2021-05-20 10:35:47,793 - Epoch: 0, Step: 4330, L:101, Loss: 1.0512338042259217
2021-05-20 10:36:00,321 - Epoch: 0, Step: 4340, L:180, Loss: 0.8930006265640259
2021-05-20 10:36:07,582 - Epoch: 0, Step: 4350, L:209, Loss: 0.9268573164939881
2021-05-20 10:36:13,092 - Epoch: 0, Step: 4360, L:329, Loss: 0.8890066087245941
2021-05-20 10:36:18,134 - Epoch: 0, Step: 4370, L:166, Loss: 0.9295763492584228
2021-05-20 10:36:24,397 - Epoch: 0, Step: 4380, L:198, Loss: 0.9382277309894562
2021-05-20 10:36:42,185 - Epoch: 0, Step: 4390, L:403, Loss: 0.9420533955097199
2021-05-20 10:36:47,441 - Epoch: 0, Step: 4400, L:209, Loss: 1.0518610239028932
2021-05-20 10:36:51,466 - Epoch: 0, Step: 4410, L:100, Loss: 1.0105863213539124
2021-05-20 10:37:00,920 - Epoch: 0, Step: 4420, L:405, Loss: 0.8953391313552856
2021-05-20 10:37:06,513 - Epoch: 0, Step: 4430, L:291, Loss: 0.9891427159309387
2021-05-20 10:37:15,828 - Epoch: 0, Step: 4440, L:170, Loss: 0.9680950164794921
2021-05-20 10:37:25,613 - Epoch: 0, Step: 4450, L:385, Loss: 0.8696574807167053
2021-05-20 10:37:32,067 - Epoch: 0, Step: 4460, L:253, Loss: 0.943746292591095
2021-05-20 10:37:36,528 - Epoch: 0, Step: 4470, L:143, Loss: 0.9280960977077484
2021-05-20 10:37:50,206 - Epoch: 0, Step: 4480, L:265, Loss: 0.987212347984314
2021-05-20 10:37:56,796 - Epoch: 0, Step: 4490, L:343, Loss: 0.9938902854919434
2021-05-20 10:38:03,183 - Epoch: 0, Step: 4500, L:164, Loss: 0.9044938504695892
2021-05-20 10:38:08,083 - Epoch: 0, Step: 4510, L:355, Loss: 1.0442146182060241
2021-05-20 10:38:16,038 - Epoch: 0, Step: 4520, L:351, Loss: 0.7419696807861328
2021-05-20 10:38:27,374 - Epoch: 0, Step: 4530, L:424, Loss: 1.035727435350418
2021-05-20 10:38:32,339 - Epoch: 0, Step: 4540, L:103, Loss: 0.880941566824913
2021-05-20 10:38:40,768 - Epoch: 0, Step: 4550, L:154, Loss: 1.0107820510864258
2021-05-20 10:38:44,279 - Epoch: 0, Step: 4560, L:201, Loss: 0.9838309407234191
2021-05-20 10:38:59,544 - Epoch: 0, Step: 4570, L:109, Loss: 0.9500839531421661
2021-05-20 10:39:04,894 - Epoch: 0, Step: 4580, L:240, Loss: 0.8798641413450241
2021-05-20 10:39:12,927 - Epoch: 0, Step: 4590, L:114, Loss: 0.9781896352767945
2021-05-20 10:39:20,227 - Epoch: 0, Step: 4600, L:315, Loss: 0.8712690711021424
2021-05-20 10:39:33,242 - Epoch: 0, Step: 4610, L:289, Loss: 1.0252582669258117
2021-05-20 10:39:36,656 - Epoch: 0, Step: 4620, L:119, Loss: 0.9849154055118561
2021-05-20 10:39:43,346 - Epoch: 0, Step: 4630, L:165, Loss: 0.979124116897583
2021-05-20 10:39:53,413 - Epoch: 0, Step: 4640, L:108, Loss: 0.9405303597450256
2021-05-20 10:40:02,686 - Epoch: 0, Step: 4650, L:395, Loss: 0.9891895115375519
2021-05-20 10:40:08,035 - Epoch: 0, Step: 4660, L:176, Loss: 0.9654500007629394
2021-05-20 10:40:12,960 - Epoch: 0, Step: 4670, L:142, Loss: 1.008392557501793
2021-05-20 10:40:23,961 - Epoch: 0, Step: 4680, L:129, Loss: 0.8628633916378021
2021-05-20 10:40:32,014 - Epoch: 0, Step: 4690, L:172, Loss: 0.996595710515976
2021-05-20 10:40:37,275 - Epoch: 0, Step: 4700, L:344, Loss: 0.9826841473579406
2021-05-20 10:40:47,488 - Epoch: 0, Step: 4710, L:390, Loss: 0.932896363735199
2021-05-20 10:40:52,581 - Epoch: 0, Step: 4720, L:252, Loss: 0.8898258864879608
2021-05-20 10:41:04,728 - Epoch: 0, Step: 4730, L:414, Loss: 1.0308984994888306
2021-05-20 10:41:11,751 - Epoch: 0, Step: 4740, L:344, Loss: 0.9977288186550141
2021-05-20 10:41:19,383 - Epoch: 0, Step: 4750, L:398, Loss: 0.9931813955307007
2021-05-20 10:41:24,934 - Epoch: 0, Step: 4760, L:439, Loss: 0.9848386824131012
2021-05-20 10:41:30,394 - Epoch: 0, Step: 4770, L:155, Loss: 1.1061662495136262
2021-05-20 10:41:38,167 - Epoch: 0, Step: 4780, L:356, Loss: 0.8782238125801086
2021-05-20 10:41:41,567 - Epoch: 0, Step: 4790, L:162, Loss: 1.163518065214157
2021-05-20 10:41:57,985 - Epoch: 0, Step: 4800, L:330, Loss: 0.8578238591551781
2021-05-20 10:42:02,282 - Epoch: 0, Step: 4810, L:260, Loss: 1.041525799036026
2021-05-20 10:42:12,718 - Epoch: 0, Step: 4820, L:475, Loss: 0.8756527155637741
2021-05-20 10:42:21,361 - Epoch: 0, Step: 4830, L:355, Loss: 0.8784352302551269
2021-05-20 10:42:25,169 - Epoch: 0, Step: 4840, L:165, Loss: 1.0719242691993713
2021-05-20 10:42:33,627 - Epoch: 0, Step: 4850, L:159, Loss: 1.0368034839630127
2021-05-20 10:42:47,104 - Epoch: 0, Step: 4860, L:369, Loss: 0.88839390873909
2021-05-20 10:42:52,344 - Epoch: 0, Step: 4870, L:352, Loss: 1.0770677864551543
2021-05-20 10:42:57,118 - Epoch: 0, Step: 4880, L:158, Loss: 1.0612318873405457
2021-05-20 10:43:05,626 - Epoch: 0, Step: 4890, L:124, Loss: 1.012955939769745
2021-05-20 10:43:17,221 - Epoch: 0, Step: 4900, L:333, Loss: 0.8556284189224244
2021-05-20 10:43:21,429 - Epoch: 0, Step: 4910, L:245, Loss: 0.9620885252952576
2021-05-20 10:43:29,086 - Epoch: 0, Step: 4920, L:134, Loss: 0.8988788247108459
2021-05-20 10:43:37,656 - Epoch: 0, Step: 4930, L:209, Loss: 0.8477400243282318
2021-05-20 10:43:44,390 - Epoch: 0, Step: 4940, L:312, Loss: 0.9334880203008652
2021-05-20 10:43:54,834 - Epoch: 0, Step: 4950, L:348, Loss: 0.904167753458023
2021-05-20 10:44:02,325 - Epoch: 0, Step: 4960, L:164, Loss: 0.9425254702568054
2021-05-20 10:44:09,110 - Epoch: 0, Step: 4970, L:148, Loss: 0.9678924679756165
2021-05-20 10:44:14,447 - Epoch: 0, Step: 4980, L:352, Loss: 1.047058391571045
2021-05-20 10:44:17,957 - Epoch: 0, Step: 4990, L:170, Loss: 1.0878780782222748
2021-05-20 10:44:30,602 - Epoch: 0, Step: 5000, L:271, Loss: 0.8999950230121613
2021-05-20 10:44:34,834 - Epoch: 0, Step: 5010, L:335, Loss: 0.9831020087003708
2021-05-20 10:44:46,244 - Epoch: 0, Step: 5020, L:417, Loss: 1.0709330022335053
2021-05-20 10:44:51,249 - Epoch: 0, Step: 5030, L:129, Loss: 1.1252362608909607
2021-05-20 10:44:56,732 - Epoch: 0, Step: 5040, L:125, Loss: 1.0429303050041199
2021-05-20 10:45:06,155 - Epoch: 0, Step: 5050, L:131, Loss: 1.018276470899582
2021-05-20 10:45:13,872 - Epoch: 0, Step: 5060, L:298, Loss: 1.027204567193985
2021-05-20 10:45:27,630 - Epoch: 0, Step: 5070, L:256, Loss: 0.7731741547584534
2021-05-20 10:45:32,889 - Epoch: 0, Step: 5080, L:187, Loss: 0.9821404218673706
2021-05-20 10:45:39,039 - Epoch: 0, Step: 5090, L:286, Loss: 0.8638868391513824
2021-05-20 10:45:43,575 - Epoch: 0, Step: 5100, L:101, Loss: 1.0673426687717438
2021-05-20 10:45:52,530 - Epoch: 0, Step: 5110, L:306, Loss: 0.8805055171251297
2021-05-20 10:45:56,570 - Epoch: 0, Step: 5120, L:137, Loss: 0.9908745765686036
2021-05-20 10:46:16,369 - Epoch: 0, Step: 5130, L:330, Loss: 0.953465747833252
2021-05-20 10:46:21,578 - L=367
2021-05-20 10:46:21,579 - CUDA out of memory. Tried to allocate 740.00 MiB (GPU 0; 10.76 GiB total capacity; 3.28 GiB already allocated; 506.56 MiB free; 4.06 GiB reserved in total by PyTorch)
2021-05-20 10:46:33,647 - Epoch: 0, Step: 5150, L:150, Loss: 1.0744610491551851
2021-05-20 10:46:47,446 - Epoch: 0, Step: 5160, L:444, Loss: 0.8986241817474365
2021-05-20 10:46:57,845 - Epoch: 0, Step: 5170, L:188, Loss: 0.8757713258266449
2021-05-20 10:47:06,099 - Epoch: 0, Step: 5180, L:188, Loss: 0.9212496280670166
2021-05-20 10:47:16,799 - Epoch: 0, Step: 5190, L:364, Loss: 0.9859034150838852
2021-05-20 10:47:36,528 - Epoch: 0, Step: 5200, L:180, Loss: 1.058562994003296
2021-05-20 10:47:42,681 - Epoch: 0, Step: 5210, L:160, Loss: 0.946534538269043
2021-05-20 10:48:02,835 - Epoch: 0, Step: 5220, L:356, Loss: 0.9728802919387818
2021-05-20 10:48:12,698 - Epoch: 0, Step: 5230, L:187, Loss: 0.8578138798475266
2021-05-20 10:48:20,294 - Epoch: 0, Step: 5240, L:192, Loss: 0.9733087003231049
2021-05-20 10:48:31,312 - Epoch: 0, Step: 5250, L:434, Loss: 0.9462758064270019
2021-05-20 10:48:39,652 - Epoch: 0, Step: 5260, L:242, Loss: 0.9569592833518982
2021-05-20 10:48:48,142 - Epoch: 0, Step: 5270, L:158, Loss: 1.025519222021103
2021-05-20 10:48:59,662 - Epoch: 0, Step: 5280, L:332, Loss: 0.8661486089229584
2021-05-20 10:49:09,867 - Epoch: 0, Step: 5290, L:207, Loss: 1.0681941866874696
2021-05-20 10:49:19,181 - Epoch: 0, Step: 5300, L:130, Loss: 0.9306130111217499
2021-05-20 10:49:23,790 - Epoch: 0, Step: 5310, L:256, Loss: 0.9845918536186218
2021-05-20 10:49:34,341 - Epoch: 0, Step: 5320, L:477, Loss: 1.0228655993938447
2021-05-20 10:49:41,734 - Epoch: 0, Step: 5330, L:108, Loss: 1.015091097354889
2021-05-20 10:49:53,753 - Epoch: 0, Step: 5340, L:196, Loss: 1.033652651309967
2021-05-20 10:50:03,346 - Epoch: 0, Step: 5350, L:333, Loss: 0.9685878574848175
2021-05-20 10:50:10,586 - Epoch: 0, Step: 5360, L:350, Loss: 1.0513563930988312
2021-05-20 10:50:21,124 - Epoch: 0, Step: 5370, L:444, Loss: 0.8997856497764587
2021-05-20 10:50:29,540 - Epoch: 0, Step: 5380, L:297, Loss: 0.9245956778526306
2021-05-20 10:50:44,844 - Epoch: 0, Step: 5390, L:267, Loss: 0.8443026840686798
2021-05-20 10:50:50,566 - Epoch: 0, Step: 5400, L:103, Loss: 1.0024219095706939
2021-05-20 10:50:55,930 - Epoch: 0, Step: 5410, L:147, Loss: 1.0484711468219756
2021-05-20 10:51:03,421 - Epoch: 0, Step: 5420, L:231, Loss: 1.0039061963558198
2021-05-20 10:51:10,704 - Epoch: 0, Step: 5430, L:114, Loss: 0.9489676833152771
2021-05-20 10:51:27,054 - Epoch: 0, Step: 5440, L:139, Loss: 1.0926258385181427
2021-05-20 10:51:37,217 - Epoch: 0, Step: 5450, L:134, Loss: 0.9972857892513275
2021-05-20 10:51:50,923 - Epoch: 0, Step: 5460, L:112, Loss: 0.8564188063144684
2021-05-20 10:52:00,303 - Epoch: 0, Step: 5470, L:175, Loss: 1.0101194083690643
2021-05-20 10:52:08,173 - Epoch: 0, Step: 5480, L:264, Loss: 0.9479901492595673
2021-05-20 10:52:15,654 - Epoch: 0, Step: 5490, L:138, Loss: 0.9816272735595704
2021-05-20 10:52:23,987 - Epoch: 0, Step: 5500, L:344, Loss: 0.9121119737625122
2021-05-20 10:52:32,762 - Epoch: 0, Step: 5510, L:230, Loss: 0.9058452785015106
2021-05-20 10:52:38,250 - Epoch: 0, Step: 5520, L:287, Loss: 1.1200581550598145
2021-05-20 10:52:50,137 - Epoch: 0, Step: 5530, L:288, Loss: 0.889684396982193
2021-05-20 10:53:00,168 - Epoch: 0, Step: 5540, L:470, Loss: 1.0406832575798035
2021-05-20 10:53:06,315 - L=423
2021-05-20 10:53:06,315 - CUDA out of memory. Tried to allocate 984.00 MiB (GPU 0; 10.76 GiB total capacity; 4.33 GiB already allocated; 782.56 MiB free; 5.30 GiB reserved in total by PyTorch)
2021-05-20 10:53:08,729 - Epoch: 0, Step: 5550, L:247, Loss: 0.8731805384159088
2021-05-20 10:53:14,041 - Epoch: 0, Step: 5560, L:219, Loss: 1.0837850868701935
2021-05-20 10:53:27,991 - Epoch: 0, Step: 5570, L:158, Loss: 0.9253322541713714
2021-05-20 10:53:35,341 - Epoch: 0, Step: 5580, L:340, Loss: 1.011894279718399
2021-05-20 10:53:49,197 - Epoch: 0, Step: 5590, L:149, Loss: 0.9816585659980774
2021-05-20 10:53:56,636 - Epoch: 0, Step: 5600, L:146, Loss: 0.896666944026947
2021-05-20 10:54:04,078 - Epoch: 0, Step: 5610, L:169, Loss: 0.9155984818935394
2021-05-20 10:54:10,657 - Epoch: 0, Step: 5620, L:117, Loss: 0.9861842125654221
2021-05-20 10:54:27,228 - Epoch: 0, Step: 5630, L:335, Loss: 0.9839717239141464
2021-05-20 10:54:35,009 - Epoch: 0, Step: 5640, L:233, Loss: 0.9583302021026612
2021-05-20 10:54:49,786 - Epoch: 0, Step: 5650, L:325, Loss: 1.0010414659976958
2021-05-20 10:54:57,312 - Epoch: 0, Step: 5660, L:257, Loss: 1.0068566858768464
2021-05-20 10:55:11,840 - Epoch: 0, Step: 5670, L:126, Loss: 0.9383085489273071
2021-05-20 10:55:19,834 - Epoch: 0, Step: 5680, L:251, Loss: 0.9323953568935395
2021-05-20 10:55:30,077 - Epoch: 0, Step: 5690, L:327, Loss: 0.9372041821479797
2021-05-20 10:55:39,441 - Epoch: 0, Step: 5700, L:219, Loss: 0.9119218409061431
2021-05-20 10:55:46,551 - Epoch: 0, Step: 5710, L:333, Loss: 1.0069850146770478
2021-05-20 10:55:58,804 - Epoch: 0, Step: 5720, L:116, Loss: 0.9923770695924758
2021-05-20 10:56:11,925 - Epoch: 0, Step: 5730, L:273, Loss: 0.9222537159919739
2021-05-20 10:56:17,964 - Epoch: 0, Step: 5740, L:232, Loss: 1.0655858933925628
2021-05-20 10:56:34,329 - Epoch: 0, Step: 5750, L:380, Loss: 0.8090661376714706
2021-05-20 10:56:40,863 - Epoch: 0, Step: 5760, L:137, Loss: 0.9860793232917786
2021-05-20 10:56:47,015 - Epoch: 0, Step: 5770, L:183, Loss: 0.9978065133094788
2021-05-20 10:56:58,556 - Epoch: 0, Step: 5780, L:145, Loss: 1.0609273254871368
2021-05-20 10:57:07,726 - Epoch: 0, Step: 5790, L:319, Loss: 0.9283230364322662
2021-05-20 10:57:18,053 - Epoch: 0, Step: 5800, L:162, Loss: 0.9614994406700135
2021-05-20 10:57:27,216 - Epoch: 0, Step: 5810, L:279, Loss: 0.9083254039287567
2021-05-20 10:57:36,062 - Epoch: 0, Step: 5820, L:303, Loss: 0.9527851313352584
2021-05-20 10:57:42,035 - Epoch: 0, Step: 5830, L:145, Loss: 1.024262672662735
2021-05-20 10:57:55,001 - Epoch: 0, Step: 5840, L:344, Loss: 0.8335061103105545
2021-05-20 10:58:02,323 - Epoch: 0, Step: 5850, L:267, Loss: 1.0049447059631347
2021-05-20 10:58:15,960 - Epoch: 0, Step: 5860, L:308, Loss: 0.9594079375267028
2021-05-20 10:58:29,489 - Epoch: 0, Step: 5870, L:440, Loss: 0.8280476152896881
2021-05-20 10:58:37,854 - Epoch: 0, Step: 5880, L:263, Loss: 0.9192082822322846
2021-05-20 10:58:46,554 - Epoch: 0, Step: 5890, L:163, Loss: 0.9942416071891784
2021-05-20 10:58:57,198 - Epoch: 0, Step: 5900, L:181, Loss: 0.916892695426941
2021-05-20 10:59:13,021 - Epoch: 0, Step: 5910, L:456, Loss: 0.8452516794204712
2021-05-20 10:59:30,249 - Epoch: 0, Step: 5920, L:254, Loss: 0.9868275940418243
2021-05-20 10:59:41,026 - Epoch: 0, Step: 5930, L:494, Loss: 0.9475440502166748
2021-05-20 10:59:49,533 - Epoch: 0, Step: 5940, L:127, Loss: 0.972624683380127
2021-05-20 11:00:01,737 - Epoch: 0, Step: 5950, L:393, Loss: 0.8693563759326934
2021-05-20 11:00:13,157 - Epoch: 0, Step: 5960, L:107, Loss: 0.9975455641746521
2021-05-20 11:00:19,369 - Epoch: 0, Step: 5970, L:147, Loss: 1.049564379453659
2021-05-20 11:00:26,699 - Epoch: 0, Step: 5980, L:178, Loss: 0.9522832810878754
2021-05-20 11:00:35,940 - Epoch: 0, Step: 5990, L:216, Loss: 0.8490607887506485
2021-05-20 11:00:53,730 - Start evaluating...
2021-05-20 11:00:55,497 - Evaluation: 0 / 1219
2021-05-20 11:01:03,662 - Evaluation: 10 / 1219
2021-05-20 11:01:05,999 - Evaluation: 20 / 1219
2021-05-20 11:01:24,268 - Evaluation: 30 / 1219
2021-05-20 11:01:32,221 - Evaluation: 40 / 1219
2021-05-20 11:01:35,076 - Evaluation: 50 / 1219
2021-05-20 11:01:43,383 - Evaluation: 60 / 1219
2021-05-20 11:01:49,729 - Evaluation: 70 / 1219
2021-05-20 11:01:57,928 - Evaluation: 80 / 1219
2021-05-20 11:02:10,276 - Evaluation: 90 / 1219
2021-05-20 11:02:16,653 - Evaluation: 100 / 1219
2021-05-20 11:02:28,451 - Evaluation: 110 / 1219
2021-05-20 11:02:39,029 - Evaluation: 120 / 1219
2021-05-20 11:02:43,864 - Evaluation: 130 / 1219
2021-05-20 11:02:57,914 - Evaluation: 140 / 1219
2021-05-20 11:03:06,660 - Evaluation: 150 / 1219
2021-05-20 11:03:11,173 - Evaluation: 160 / 1219
2021-05-20 11:03:24,157 - Evaluation: 170 / 1219
2021-05-20 11:03:27,601 - Evaluation: 180 / 1219
2021-05-20 11:03:35,232 - Evaluation: 190 / 1219
2021-05-20 11:03:44,893 - Evaluation: 200 / 1219
2021-05-20 11:04:05,972 - Evaluation: 210 / 1219
2021-05-20 11:04:12,569 - Evaluation: 220 / 1219
2021-05-20 11:04:18,661 - Evaluation: 230 / 1219
2021-05-20 11:04:22,770 - Evaluation: 240 / 1219
2021-05-20 11:04:35,125 - Evaluation: 250 / 1219
2021-05-20 11:04:41,324 - Evaluation: 260 / 1219
2021-05-20 11:04:47,483 - Evaluation: 270 / 1219
2021-05-20 11:04:59,964 - Evaluation: 280 / 1219
2021-05-20 11:05:05,757 - Evaluation: 290 / 1219
2021-05-20 11:05:20,074 - Evaluation: 300 / 1219
2021-05-20 11:05:23,112 - Evaluation: 310 / 1219
2021-05-20 11:05:24,882 - Evaluation: 320 / 1219
2021-05-20 11:05:36,200 - Evaluation: 330 / 1219
2021-05-20 11:05:38,660 - Evaluation: 340 / 1219
2021-05-20 11:05:45,909 - Evaluation: 350 / 1219
2021-05-20 11:05:56,014 - Evaluation: 360 / 1219
2021-05-20 11:06:05,299 - Evaluation: 370 / 1219
2021-05-20 11:06:12,145 - Evaluation: 380 / 1219
2021-05-20 11:06:22,770 - Evaluation: 390 / 1219
2021-05-20 11:06:29,485 - Evaluation: 400 / 1219
2021-05-20 11:06:36,682 - Evaluation: 410 / 1219
2021-05-20 11:06:43,383 - Evaluation: 420 / 1219
2021-05-20 11:06:57,218 - Evaluation: 430 / 1219
2021-05-20 11:07:10,039 - Evaluation: 440 / 1219
2021-05-20 11:07:15,666 - Evaluation: 450 / 1219
2021-05-20 11:07:24,521 - Evaluation: 460 / 1219
2021-05-20 11:07:42,571 - Evaluation: 470 / 1219
2021-05-20 11:07:45,657 - Evaluation: 480 / 1219
2021-05-20 11:07:52,421 - Evaluation: 490 / 1219
2021-05-20 11:08:00,769 - Evaluation: 500 / 1219
2021-05-20 11:08:04,718 - Evaluation: 510 / 1219
2021-05-20 11:08:11,507 - Evaluation: 520 / 1219
2021-05-20 11:08:19,722 - Evaluation: 530 / 1219
2021-05-20 11:08:26,488 - Evaluation: 540 / 1219
2021-05-20 11:08:32,941 - Evaluation: 550 / 1219
2021-05-20 11:08:46,276 - Evaluation: 560 / 1219
2021-05-20 11:08:52,782 - Evaluation: 570 / 1219
2021-05-20 11:09:00,110 - Evaluation: 580 / 1219
2021-05-20 11:09:13,087 - Evaluation: 590 / 1219
2021-05-20 11:09:19,185 - Evaluation: 600 / 1219
2021-05-20 11:09:23,144 - Evaluation: 610 / 1219
2021-05-20 11:09:37,295 - Evaluation: 620 / 1219
2021-05-20 11:09:49,318 - Evaluation: 630 / 1219
2021-05-20 11:09:54,337 - Evaluation: 640 / 1219
