2021-06-12 12:30:24,129 - 20210612_123024_attention
2021-06-12 12:30:24,130 - {"model": "dilation", "device": "cuda", "middle_layers": [5, 5, 5, 5, 5, 5, 5, 5, 5, 5, 5, 5, 5], "residual_layers": [[64, 64, 1, true], [64, 64, 1, true], [64, 64, 1, true], [64, 96, 1, true], [96, 96, 1, true], [96, 96, 1, true], [96, 96, 1, true], [96, 128, 2, true], [128, 128, 2, true], [128, 128, 2, true], [128, 128, 2, true], [128, 128, 2, true], [128, 128, 2, true], [128, 160, 4, true], [160, 160, 4, true], [160, 160, 4, true], [160, 160, 2, false], [160, 160, 1, false]], "batch_size": 1, "epochs": 60, "dropout_rate": 0.2, "validate_ratio": 0.1, "subset_ratio": 1.0, "log_freq": 10, "num_workers": 16, "start_epoch": 0, "resume": "/home/dingyueprp/protein/run/experiment_23/best_model.pth.tar", "class_weight": [1.0, 1.0, 1.0, 1.0, 1.0, 1.0, 1.0, 1.0, 1.0, 1.0], "loss_func": "cross", "long_length": null, "test_dir": "/home/dingyueprp/Data/test"}
2021-06-12 12:30:34,614 - Start evaluating...
2021-06-12 12:30:40,004 - Evaluation: 0 / 1266
2021-06-12 12:30:47,102 - Evaluation: 10 / 1266
2021-06-12 12:30:49,006 - Evaluation: 20 / 1266
2021-06-12 12:30:51,707 - Evaluation: 30 / 1266
2021-06-12 12:30:54,022 - Evaluation: 40 / 1266
2021-06-12 12:30:56,054 - Evaluation: 50 / 1266
2021-06-12 12:31:02,129 - Evaluation: 60 / 1266
2021-06-12 12:31:05,175 - Evaluation: 70 / 1266
2021-06-12 12:31:07,326 - Evaluation: 80 / 1266
2021-06-12 12:31:08,970 - Evaluation: 90 / 1266
2021-06-12 12:31:11,043 - Evaluation: 100 / 1266
2021-06-12 12:31:17,131 - Evaluation: 110 / 1266
2021-06-12 12:31:24,182 - Evaluation: 120 / 1266
2021-06-12 12:31:26,895 - Evaluation: 130 / 1266
2021-06-12 12:31:28,793 - Evaluation: 140 / 1266
2021-06-12 12:31:31,146 - Evaluation: 150 / 1266
2021-06-12 12:31:33,604 - Evaluation: 160 / 1266
2021-06-12 12:31:35,889 - Evaluation: 170 / 1266
2021-06-12 12:31:37,743 - Evaluation: 180 / 1266
2021-06-12 12:31:41,320 - Evaluation: 190 / 1266
2021-06-12 12:31:45,027 - Evaluation: 200 / 1266
2021-06-12 12:31:47,529 - Evaluation: 210 / 1266
2021-06-12 12:31:49,543 - Evaluation: 220 / 1266
2021-06-12 12:31:51,431 - Evaluation: 230 / 1266
2021-06-12 12:31:53,652 - Evaluation: 240 / 1266
2021-06-12 12:31:58,579 - Evaluation: 250 / 1266
2021-06-12 12:32:02,370 - Evaluation: 260 / 1266
2021-06-12 12:32:04,856 - Evaluation: 270 / 1266
2021-06-12 12:32:06,993 - Evaluation: 280 / 1266
2021-06-12 12:32:09,269 - Evaluation: 290 / 1266
2021-06-12 12:32:11,379 - Evaluation: 300 / 1266
2021-06-12 12:32:16,755 - Evaluation: 310 / 1266
2021-06-12 12:32:22,021 - Evaluation: 320 / 1266
2021-06-12 12:32:24,886 - Evaluation: 330 / 1266
2021-06-12 12:32:27,545 - Evaluation: 340 / 1266
2021-06-12 12:32:31,085 - Evaluation: 350 / 1266
2021-06-12 12:32:33,414 - Evaluation: 360 / 1266
2021-06-12 12:32:35,422 - Evaluation: 370 / 1266
2021-06-12 12:32:39,475 - Evaluation: 380 / 1266
2021-06-12 12:32:41,679 - Evaluation: 390 / 1266
2021-06-12 12:32:45,910 - Evaluation: 400 / 1266
2021-06-12 12:32:51,404 - Evaluation: 410 / 1266
2021-06-12 12:32:54,199 - Evaluation: 420 / 1266
2021-06-12 12:32:55,917 - Evaluation: 430 / 1266
2021-06-12 12:32:59,240 - Evaluation: 440 / 1266
2021-06-12 12:33:01,361 - Evaluation: 450 / 1266
2021-06-12 12:33:05,775 - Evaluation: 460 / 1266
2021-06-12 12:33:08,297 - Evaluation: 470 / 1266
2021-06-12 12:33:09,814 - Evaluation: 480 / 1266
2021-06-12 12:33:12,022 - Evaluation: 490 / 1266
2021-06-12 12:33:14,056 - Evaluation: 500 / 1266
2021-06-12 12:33:16,792 - Evaluation: 510 / 1266
2021-06-12 12:33:22,587 - Evaluation: 520 / 1266
2021-06-12 12:33:26,073 - Evaluation: 530 / 1266
2021-06-12 12:33:28,448 - Evaluation: 540 / 1266
2021-06-12 12:33:29,935 - Evaluation: 550 / 1266
2021-06-12 12:33:32,311 - Evaluation: 560 / 1266
2021-06-12 12:33:35,084 - Evaluation: 570 / 1266
2021-06-12 12:33:37,335 - Evaluation: 580 / 1266
2021-06-12 12:33:43,082 - Evaluation: 590 / 1266
2021-06-12 12:33:45,499 - Evaluation: 600 / 1266
2021-06-12 12:33:49,406 - Evaluation: 610 / 1266
2021-06-12 12:33:52,110 - Evaluation: 620 / 1266
2021-06-12 12:33:54,241 - Evaluation: 630 / 1266
2021-06-12 12:33:56,523 - Evaluation: 640 / 1266
2021-06-12 12:33:58,980 - Evaluation: 650 / 1266
2021-06-12 12:34:00,827 - Evaluation: 660 / 1266
2021-06-12 12:34:06,580 - Evaluation: 670 / 1266
2021-06-12 12:34:09,730 - Evaluation: 680 / 1266
2021-06-12 12:34:11,569 - Evaluation: 690 / 1266
2021-06-12 12:34:14,022 - Evaluation: 700 / 1266
2021-06-12 12:34:16,007 - Evaluation: 710 / 1266
2021-06-12 12:34:18,055 - Evaluation: 720 / 1266
2021-06-12 12:34:19,847 - Evaluation: 730 / 1266
2021-06-12 12:34:24,728 - Evaluation: 740 / 1266
2021-06-12 12:34:26,585 - Evaluation: 750 / 1266
2021-06-12 12:34:29,055 - Evaluation: 760 / 1266
2021-06-12 12:34:31,647 - Evaluation: 770 / 1266
2021-06-12 12:34:33,673 - Evaluation: 780 / 1266
2021-06-12 12:34:37,350 - Evaluation: 790 / 1266
2021-06-12 12:34:40,539 - Evaluation: 800 / 1266
2021-06-12 12:34:44,475 - Evaluation: 810 / 1266
2021-06-12 12:34:46,859 - Evaluation: 820 / 1266
2021-06-12 12:34:52,531 - Evaluation: 830 / 1266
2021-06-12 12:34:54,579 - Evaluation: 840 / 1266
2021-06-12 12:34:57,215 - Evaluation: 850 / 1266
2021-06-12 12:35:02,506 - Evaluation: 860 / 1266
2021-06-12 12:35:04,603 - Evaluation: 870 / 1266
2021-06-12 12:35:08,116 - Evaluation: 880 / 1266
2021-06-12 12:35:10,096 - Evaluation: 890 / 1266
2021-06-12 12:35:12,056 - Evaluation: 900 / 1266
2021-06-12 12:35:13,828 - Evaluation: 910 / 1266
2021-06-12 12:35:16,206 - Evaluation: 920 / 1266
2021-06-12 12:35:18,339 - Evaluation: 930 / 1266
2021-06-12 12:35:22,421 - Evaluation: 940 / 1266
2021-06-12 12:35:26,492 - Evaluation: 950 / 1266
2021-06-12 12:35:29,845 - Evaluation: 960 / 1266
2021-06-12 12:35:31,876 - Evaluation: 970 / 1266
2021-06-12 12:35:33,976 - Evaluation: 980 / 1266
2021-06-12 12:35:36,473 - Evaluation: 990 / 1266
2021-06-12 12:35:38,638 - Evaluation: 1000 / 1266
2021-06-12 12:35:45,300 - Evaluation: 1010 / 1266
2021-06-12 12:35:47,203 - Evaluation: 1020 / 1266
2021-06-12 12:35:52,076 - Evaluation: 1030 / 1266
2021-06-12 12:35:54,918 - Evaluation: 1040 / 1266
2021-06-12 12:35:56,466 - Evaluation: 1050 / 1266
2021-06-12 12:35:58,451 - Evaluation: 1060 / 1266
2021-06-12 12:36:05,256 - Evaluation: 1070 / 1266
2021-06-12 12:36:06,556 - Evaluation: 1080 / 1266
2021-06-12 12:36:09,250 - Evaluation: 1090 / 1266
2021-06-12 12:36:12,269 - Evaluation: 1100 / 1266
2021-06-12 12:36:16,423 - Evaluation: 1110 / 1266
2021-06-12 12:36:18,224 - Evaluation: 1120 / 1266
2021-06-12 12:36:21,351 - Evaluation: 1130 / 1266
2021-06-12 12:36:23,367 - Evaluation: 1140 / 1266
2021-06-12 12:36:27,727 - Evaluation: 1150 / 1266
2021-06-12 12:36:29,830 - Evaluation: 1160 / 1266
2021-06-12 12:36:31,481 - Evaluation: 1170 / 1266
2021-06-12 12:36:33,698 - Evaluation: 1180 / 1266
2021-06-12 12:36:37,557 - Evaluation: 1190 / 1266
2021-06-12 12:36:39,667 - Evaluation: 1200 / 1266
2021-06-12 12:36:41,383 - Evaluation: 1210 / 1266
2021-06-12 12:36:46,739 - Evaluation: 1220 / 1266
2021-06-12 12:36:48,888 - Evaluation: 1230 / 1266
2021-06-12 12:36:51,065 - Evaluation: 1240 / 1266
2021-06-12 12:36:53,856 - Evaluation: 1250 / 1266
2021-06-12 12:36:56,232 - Evaluation: 1260 / 1266
2021-06-12 12:36:57,741 - -----------------------EVAL---------------------
Evaluation Result: 19.119982719421387
2021-06-12 12:36:57,741 - T10: 0.7594613432884216, T5: 0.7358773946762085, T2: 0.6850371360778809, T1: 0.6300264596939087
2021-06-12 12:36:57,741 - LT10: 0.5817194581031799, LT5: 0.5518313050270081, LT2: 0.5004562139511108, LT1: 0.45623403787612915
2021-06-12 12:36:57,742 - Short all result: [0.00558565 0.5993719  0.53095204 0.4802382  0.6432101  0.6332913
 0.6966033  0.39932534 0.01327202 0.        ]
2021-06-12 12:36:57,742 - Short support: [0.00403081 0.08240125 0.12585437 0.14070776 0.28002995 0.18411113
 0.13527891 0.03485101 0.00613345 0.00660143]

