2021-05-10 23:13:54,164 - 20210510_231354
2021-05-10 23:13:54,165 - [(64, 64, 7, 1, 1, False), (64, 64, 3, 2, 1, True), (64, 64, 3, 2, 1, True), (64, 64, 3, 2, 1, True), (64, 96, 3, 2, 1, True), (96, 96, 3, 2, 1, True), (96, 96, 3, 2, 1, True), (96, 96, 3, 2, 1, True), (96, 128, 3, 2, 2, True), (128, 128, 3, 2, 2, True), (128, 128, 3, 2, 2, True), (128, 128, 3, 2, 2, True), (128, 128, 3, 2, 2, True), (128, 128, 3, 2, 2, True), (128, 160, 3, 2, 4, True), (160, 160, 3, 2, 4, True), (160, 160, 3, 2, 4, True), (160, 160, 3, 2, 2, True), (160, 160, 3, 2, 1, False)]
2021-05-10 23:14:00,896 - Start training...
2021-05-10 23:14:05,308 - Epoch: 0, Step: 0, L:167, Loss: 1.4479929208755493
2021-05-10 23:14:09,232 - Epoch: 0, Step: 10, L:162, Loss: 1.4947761297225952
2021-05-10 23:14:27,650 - Epoch: 0, Step: 20, L:394, Loss: 0.9126696586608887
2021-05-10 23:14:35,459 - Epoch: 0, Step: 30, L:228, Loss: 0.9113112092018127
2021-05-10 23:14:46,166 - Epoch: 0, Step: 40, L:376, Loss: 0.7764766216278076
2021-05-10 23:14:51,034 - Epoch: 0, Step: 50, L:195, Loss: 0.7134174108505249
2021-05-10 23:14:57,847 - Epoch: 0, Step: 60, L:128, Loss: 0.8392397165298462
2021-05-10 23:15:04,985 - Epoch: 0, Step: 70, L:453, Loss: 0.7467151284217834
2021-05-10 23:15:09,928 - Epoch: 0, Step: 80, L:271, Loss: 1.036729097366333
2021-05-10 23:15:16,374 - Epoch: 0, Step: 90, L:174, Loss: 0.6019859313964844
2021-05-10 23:15:24,141 - Epoch: 0, Step: 100, L:106, Loss: 1.4368412494659424
2021-05-10 23:15:30,620 - Epoch: 0, Step: 110, L:218, Loss: 1.1595498323440552
2021-05-10 23:15:35,682 - Epoch: 0, Step: 120, L:264, Loss: 0.9891394376754761
2021-05-10 23:15:42,060 - Epoch: 0, Step: 130, L:120, Loss: 0.7782073616981506
2021-05-10 23:15:49,221 - Epoch: 0, Step: 140, L:202, Loss: 1.1272327899932861
2021-05-10 23:15:53,811 - Epoch: 0, Step: 150, L:149, Loss: 1.2803934812545776
2021-05-10 23:16:04,025 - Epoch: 0, Step: 160, L:388, Loss: 0.8338735103607178
2021-05-10 23:16:10,258 - Epoch: 0, Step: 170, L:165, Loss: 0.9194474816322327
2021-05-10 23:16:17,151 - Epoch: 0, Step: 180, L:190, Loss: 0.8442861437797546
2021-05-10 23:16:21,548 - Epoch: 0, Step: 190, L:194, Loss: 1.3258293867111206
2021-05-10 23:16:26,535 - Epoch: 0, Step: 200, L:100, Loss: 1.3434703350067139
2021-05-10 23:16:33,371 - Epoch: 0, Step: 210, L:480, Loss: 0.7270944118499756
2021-05-10 23:16:37,654 - Epoch: 0, Step: 220, L:149, Loss: 0.7491947412490845
2021-05-10 23:16:41,224 - Epoch: 0, Step: 230, L:194, Loss: 1.1764334440231323
2021-05-10 23:16:45,073 - Epoch: 0, Step: 240, L:252, Loss: 0.9508710503578186
2021-05-10 23:16:50,820 - Epoch: 0, Step: 250, L:124, Loss: 1.038801908493042
2021-05-10 23:16:58,082 - Epoch: 0, Step: 260, L:117, Loss: 1.4046601057052612
2021-05-10 23:17:03,903 - Epoch: 0, Step: 270, L:210, Loss: 1.1449475288391113
2021-05-10 23:17:10,942 - Epoch: 0, Step: 280, L:106, Loss: 0.5282654762268066
2021-05-10 23:17:19,219 - Epoch: 0, Step: 290, L:333, Loss: 0.8601906895637512
2021-05-10 23:17:25,695 - Epoch: 0, Step: 300, L:178, Loss: 1.029590368270874
2021-05-10 23:17:30,807 - Epoch: 0, Step: 310, L:140, Loss: 1.2922388315200806
2021-05-10 23:17:42,156 - Epoch: 0, Step: 320, L:279, Loss: 0.3153706192970276
2021-05-10 23:17:52,003 - Epoch: 0, Step: 330, L:319, Loss: 0.9197791218757629
2021-05-10 23:17:57,424 - Epoch: 0, Step: 340, L:144, Loss: 1.1669859886169434
2021-05-10 23:18:03,654 - Epoch: 0, Step: 350, L:129, Loss: 1.1452388763427734
2021-05-10 23:18:08,570 - Epoch: 0, Step: 360, L:138, Loss: 1.4540656805038452
2021-05-10 23:18:13,628 - Epoch: 0, Step: 370, L:107, Loss: 0.5763174295425415
2021-05-10 23:18:19,150 - Epoch: 0, Step: 380, L:214, Loss: 0.9410580396652222
2021-05-10 23:18:28,863 - Epoch: 0, Step: 390, L:332, Loss: 0.8959442973136902
2021-05-10 23:18:33,705 - Epoch: 0, Step: 400, L:153, Loss: 1.2817604541778564
2021-05-10 23:18:42,941 - Epoch: 0, Step: 410, L:104, Loss: 1.1415153741836548
2021-05-10 23:18:49,854 - Epoch: 0, Step: 420, L:281, Loss: 0.5836650133132935
2021-05-10 23:18:58,186 - Epoch: 0, Step: 430, L:289, Loss: 0.9149206876754761
2021-05-10 23:19:02,058 - Epoch: 0, Step: 440, L:163, Loss: 0.9401418566703796
2021-05-10 23:19:10,055 - Epoch: 0, Step: 450, L:320, Loss: 0.7069588899612427
2021-05-10 23:19:14,756 - Epoch: 0, Step: 460, L:223, Loss: 1.0845341682434082
2021-05-10 23:19:22,367 - Epoch: 0, Step: 470, L:152, Loss: 1.0017508268356323
2021-05-10 23:19:29,719 - Epoch: 0, Step: 480, L:482, Loss: 0.5998324751853943
2021-05-10 23:19:35,070 - Epoch: 0, Step: 490, L:322, Loss: 0.8061359524726868
2021-05-10 23:19:42,683 - Epoch: 0, Step: 500, L:133, Loss: 1.232101321220398
2021-05-10 23:19:52,134 - Epoch: 0, Step: 510, L:171, Loss: 0.990070104598999
2021-05-10 23:20:00,885 - Epoch: 0, Step: 520, L:498, Loss: 0.6174283623695374
2021-05-10 23:20:07,958 - Epoch: 0, Step: 530, L:417, Loss: 0.6714419722557068
2021-05-10 23:20:11,879 - Epoch: 0, Step: 540, L:205, Loss: 0.9631765484809875
2021-05-10 23:20:17,037 - Epoch: 0, Step: 550, L:376, Loss: 0.8431310653686523
2021-05-10 23:20:23,136 - Epoch: 0, Step: 560, L:166, Loss: 1.164723515510559
2021-05-10 23:20:29,649 - Epoch: 0, Step: 570, L:410, Loss: 0.6152777075767517
2021-05-10 23:20:34,476 - Epoch: 0, Step: 580, L:236, Loss: 1.043581247329712
2021-05-10 23:20:44,781 - Epoch: 0, Step: 590, L:472, Loss: 0.7171012759208679
2021-05-10 23:20:52,775 - Epoch: 0, Step: 600, L:231, Loss: 1.0030182600021362
2021-05-10 23:20:59,611 - Epoch: 0, Step: 610, L:184, Loss: 1.122307538986206
2021-05-10 23:21:06,351 - Epoch: 0, Step: 620, L:323, Loss: 0.7750012874603271
2021-05-10 23:21:10,883 - Epoch: 0, Step: 630, L:126, Loss: 0.9350981116294861
2021-05-10 23:21:17,424 - Epoch: 0, Step: 640, L:202, Loss: 0.8692881464958191
2021-05-10 23:21:26,183 - Epoch: 0, Step: 650, L:346, Loss: 0.7953464388847351
2021-05-10 23:21:35,859 - Epoch: 0, Step: 660, L:140, Loss: 1.08661949634552
2021-05-10 23:21:40,940 - Epoch: 0, Step: 670, L:115, Loss: 1.2209209203720093
2021-05-10 23:21:49,833 - Epoch: 0, Step: 680, L:489, Loss: 0.6194972991943359
2021-05-10 23:21:55,045 - Epoch: 0, Step: 690, L:344, Loss: 0.8829165101051331
2021-05-10 23:22:00,641 - Epoch: 0, Step: 700, L:177, Loss: 0.923641562461853
2021-05-10 23:22:10,699 - Epoch: 0, Step: 710, L:441, Loss: 0.3187619745731354
2021-05-10 23:22:16,178 - Epoch: 0, Step: 720, L:483, Loss: 0.4591667056083679
2021-05-10 23:22:24,687 - Epoch: 0, Step: 730, L:119, Loss: 1.0409654378890991
2021-05-10 23:22:29,041 - Epoch: 0, Step: 740, L:222, Loss: 0.8557796478271484
2021-05-10 23:22:35,718 - Epoch: 0, Step: 750, L:265, Loss: 1.0107142925262451
2021-05-10 23:22:39,961 - Epoch: 0, Step: 760, L:280, Loss: 0.5807320475578308
2021-05-10 23:22:44,297 - Epoch: 0, Step: 770, L:258, Loss: 0.8950045704841614
2021-05-10 23:22:51,127 - Epoch: 0, Step: 780, L:384, Loss: 0.7912123203277588
2021-05-10 23:22:55,988 - Epoch: 0, Step: 790, L:245, Loss: 0.8879131078720093
2021-05-10 23:23:01,950 - Epoch: 0, Step: 800, L:166, Loss: 1.0340107679367065
2021-05-10 23:23:06,345 - Epoch: 0, Step: 810, L:238, Loss: 0.9909669756889343
2021-05-10 23:23:13,491 - Epoch: 0, Step: 820, L:147, Loss: 0.8695937991142273
2021-05-10 23:23:19,608 - Epoch: 0, Step: 830, L:246, Loss: 0.8472957015037537
2021-05-10 23:23:27,472 - Epoch: 0, Step: 840, L:207, Loss: 1.092880129814148
2021-05-10 23:23:37,242 - Epoch: 0, Step: 850, L:464, Loss: 0.6286482214927673
2021-05-10 23:23:42,559 - Epoch: 0, Step: 860, L:240, Loss: 1.076489806175232
2021-05-10 23:23:49,698 - Epoch: 0, Step: 870, L:301, Loss: 0.41576123237609863
2021-05-10 23:23:58,328 - Epoch: 0, Step: 880, L:432, Loss: 0.7948694825172424
2021-05-10 23:24:04,897 - Epoch: 0, Step: 890, L:153, Loss: 1.291587471961975
2021-05-10 23:24:09,942 - Epoch: 0, Step: 900, L:125, Loss: 1.1282533407211304
2021-05-10 23:24:18,200 - Epoch: 0, Step: 910, L:366, Loss: 0.8562077879905701
2021-05-10 23:24:26,455 - Epoch: 0, Step: 920, L:472, Loss: 0.5958048701286316
2021-05-10 23:24:35,205 - Epoch: 0, Step: 930, L:374, Loss: 0.7239012718200684
2021-05-10 23:24:44,379 - Epoch: 0, Step: 940, L:450, Loss: 0.7395389676094055
2021-05-10 23:24:51,014 - Epoch: 0, Step: 950, L:162, Loss: 1.0295449495315552
2021-05-10 23:24:58,293 - Epoch: 0, Step: 960, L:306, Loss: 0.8754899501800537
2021-05-10 23:25:05,047 - Epoch: 0, Step: 970, L:286, Loss: 0.9137425422668457
2021-05-10 23:25:10,158 - Epoch: 0, Step: 980, L:195, Loss: 1.0059088468551636
2021-05-10 23:25:19,017 - Epoch: 0, Step: 990, L:169, Loss: 1.2747193574905396
2021-05-10 23:25:22,728 - Epoch: 0, Step: 1000, L:133, Loss: 0.8768239617347717
2021-05-10 23:25:31,276 - Epoch: 0, Step: 1010, L:419, Loss: 0.7905658483505249
2021-05-10 23:25:36,264 - Epoch: 0, Step: 1020, L:207, Loss: 0.9249991178512573
2021-05-10 23:25:41,076 - Epoch: 0, Step: 1030, L:105, Loss: 1.2783204317092896
2021-05-10 23:25:48,750 - Epoch: 0, Step: 1040, L:143, Loss: 1.065818428993225
2021-05-10 23:25:52,736 - Epoch: 0, Step: 1050, L:280, Loss: 0.9209563136100769
2021-05-10 23:26:01,281 - Epoch: 0, Step: 1060, L:307, Loss: 0.9569205045700073
2021-05-10 23:26:07,421 - Epoch: 0, Step: 1070, L:322, Loss: 0.8322452306747437
2021-05-10 23:26:14,705 - Epoch: 0, Step: 1080, L:485, Loss: 0.6073264479637146
2021-05-10 23:26:22,371 - Epoch: 0, Step: 1090, L:384, Loss: 0.6565093994140625
2021-05-10 23:26:27,102 - Epoch: 0, Step: 1100, L:123, Loss: 1.1801283359527588
2021-05-10 23:26:32,738 - Epoch: 0, Step: 1110, L:384, Loss: 0.6614619493484497
2021-05-10 23:26:40,559 - Epoch: 0, Step: 1120, L:379, Loss: 0.6790786385536194
2021-05-10 23:26:49,232 - Epoch: 0, Step: 1130, L:222, Loss: 1.046600341796875
2021-05-10 23:26:55,866 - Epoch: 0, Step: 1140, L:312, Loss: 0.8112708330154419
2021-05-10 23:27:04,538 - Epoch: 0, Step: 1150, L:102, Loss: 1.3138515949249268
2021-05-10 23:27:11,305 - Epoch: 0, Step: 1160, L:151, Loss: 1.1689202785491943
2021-05-10 23:27:15,749 - Epoch: 0, Step: 1170, L:214, Loss: 0.452732115983963
2021-05-10 23:27:23,090 - Epoch: 0, Step: 1180, L:177, Loss: 0.8543617725372314
2021-05-10 23:27:26,389 - Epoch: 0, Step: 1190, L:118, Loss: 1.2769094705581665
2021-05-10 23:27:34,076 - Epoch: 0, Step: 1200, L:349, Loss: 0.808951735496521
2021-05-10 23:27:41,296 - Epoch: 0, Step: 1210, L:250, Loss: 0.8904608488082886
2021-05-10 23:27:49,016 - Epoch: 0, Step: 1220, L:458, Loss: 0.7822503447532654
2021-05-10 23:27:54,521 - Epoch: 0, Step: 1230, L:218, Loss: 1.0436376333236694
2021-05-10 23:27:59,487 - Epoch: 0, Step: 1240, L:136, Loss: 1.074175238609314
2021-05-10 23:28:07,820 - Epoch: 0, Step: 1250, L:116, Loss: 1.1923422813415527
2021-05-10 23:28:14,182 - Epoch: 0, Step: 1260, L:247, Loss: 0.7039713263511658
2021-05-10 23:28:20,769 - Epoch: 0, Step: 1270, L:148, Loss: 1.138890027999878
2021-05-10 23:28:25,445 - Epoch: 0, Step: 1280, L:287, Loss: 0.9140690565109253
2021-05-10 23:28:33,562 - Epoch: 0, Step: 1290, L:281, Loss: 0.8246943354606628
2021-05-10 23:28:37,973 - Epoch: 0, Step: 1300, L:168, Loss: 0.5217683911323547
2021-05-10 23:28:42,495 - Epoch: 0, Step: 1310, L:128, Loss: 1.0801596641540527
2021-05-10 23:28:51,992 - Epoch: 0, Step: 1320, L:456, Loss: 0.6010733842849731
2021-05-10 23:28:59,085 - Epoch: 0, Step: 1330, L:336, Loss: 0.942340612411499
2021-05-10 23:29:05,254 - Epoch: 0, Step: 1340, L:225, Loss: 0.7842090725898743
2021-05-10 23:29:10,890 - Epoch: 0, Step: 1350, L:393, Loss: 0.6406574249267578
2021-05-10 23:29:16,574 - Epoch: 0, Step: 1360, L:201, Loss: 0.9161542057991028
2021-05-10 23:29:21,636 - Epoch: 0, Step: 1370, L:194, Loss: 1.1492316722869873
2021-05-10 23:29:27,467 - Epoch: 0, Step: 1380, L:411, Loss: 0.7266092896461487
2021-05-10 23:29:35,787 - Epoch: 0, Step: 1390, L:343, Loss: 0.8962795734405518
2021-05-10 23:29:40,724 - Epoch: 0, Step: 1400, L:322, Loss: 0.8525944352149963
2021-05-10 23:29:46,482 - Epoch: 0, Step: 1410, L:375, Loss: 0.8613130450248718
2021-05-10 23:29:52,756 - Epoch: 0, Step: 1420, L:165, Loss: 0.8648212552070618
2021-05-10 23:29:59,928 - Epoch: 0, Step: 1430, L:202, Loss: 1.0143053531646729
2021-05-10 23:30:08,233 - Epoch: 0, Step: 1440, L:182, Loss: 1.1569733619689941
2021-05-10 23:30:14,718 - Epoch: 0, Step: 1450, L:230, Loss: 0.9558554887771606
2021-05-10 23:30:20,459 - Epoch: 0, Step: 1460, L:153, Loss: 1.0476953983306885
2021-05-10 23:30:24,745 - Epoch: 0, Step: 1470, L:104, Loss: 1.3326696157455444
2021-05-10 23:30:32,247 - Epoch: 0, Step: 1480, L:302, Loss: 0.8716386556625366
2021-05-10 23:30:36,632 - Epoch: 0, Step: 1490, L:139, Loss: 0.8453271389007568
2021-05-10 23:30:43,256 - Epoch: 0, Step: 1500, L:205, Loss: 0.9793293476104736
2021-05-10 23:30:48,929 - Epoch: 0, Step: 1510, L:226, Loss: 0.868236780166626
2021-05-10 23:30:57,086 - Epoch: 0, Step: 1520, L:107, Loss: 1.0779471397399902
2021-05-10 23:31:00,708 - Epoch: 0, Step: 1530, L:113, Loss: 1.2227227687835693
2021-05-10 23:31:05,698 - Epoch: 0, Step: 1540, L:172, Loss: 0.797528862953186
2021-05-10 23:31:12,702 - Epoch: 0, Step: 1550, L:118, Loss: 1.3977789878845215
2021-05-10 23:31:19,001 - Epoch: 0, Step: 1560, L:264, Loss: 0.548243522644043
2021-05-10 23:31:24,212 - Epoch: 0, Step: 1570, L:176, Loss: 0.8508618474006653
2021-05-10 23:31:32,106 - Epoch: 0, Step: 1580, L:453, Loss: 0.707804262638092
2021-05-10 23:31:36,902 - Epoch: 0, Step: 1590, L:129, Loss: 1.0343817472457886
2021-05-10 23:31:42,846 - Epoch: 0, Step: 1600, L:204, Loss: 0.8348087072372437
2021-05-10 23:31:52,154 - Epoch: 0, Step: 1610, L:223, Loss: 0.8725724816322327
2021-05-10 23:32:07,485 - Epoch: 0, Step: 1620, L:129, Loss: 1.2061058282852173
2021-05-10 23:32:15,422 - Epoch: 0, Step: 1630, L:146, Loss: 1.0609149932861328
2021-05-10 23:32:21,892 - Epoch: 0, Step: 1640, L:148, Loss: 1.0512044429779053
2021-05-10 23:32:30,204 - Epoch: 0, Step: 1650, L:103, Loss: 1.3043322563171387
2021-05-10 23:32:38,474 - Epoch: 0, Step: 1660, L:470, Loss: 0.5143911242485046
2021-05-10 23:32:47,459 - Epoch: 0, Step: 1670, L:240, Loss: 0.9532288908958435
2021-05-10 23:32:54,955 - Epoch: 0, Step: 1680, L:249, Loss: 0.8335243463516235
2021-05-10 23:33:03,138 - Epoch: 0, Step: 1690, L:298, Loss: 0.841849684715271
2021-05-10 23:33:10,109 - Epoch: 0, Step: 1700, L:213, Loss: 1.174203872680664
2021-05-10 23:33:15,154 - Epoch: 0, Step: 1710, L:321, Loss: 0.808733344078064
2021-05-10 23:33:23,914 - Epoch: 0, Step: 1720, L:217, Loss: 1.054845929145813
2021-05-10 23:33:33,989 - Epoch: 0, Step: 1730, L:367, Loss: 0.7434228658676147
2021-05-10 23:33:39,711 - Epoch: 0, Step: 1740, L:289, Loss: 0.8410519361495972
2021-05-10 23:33:44,671 - Epoch: 0, Step: 1750, L:105, Loss: 1.3523333072662354
2021-05-10 23:33:49,588 - Epoch: 0, Step: 1760, L:110, Loss: 1.1471495628356934
2021-05-10 23:33:55,754 - Epoch: 0, Step: 1770, L:297, Loss: 0.7323685884475708
2021-05-10 23:34:06,337 - Epoch: 0, Step: 1780, L:385, Loss: 0.7209357619285583
2021-05-10 23:34:12,063 - Epoch: 0, Step: 1790, L:137, Loss: 1.4468169212341309
2021-05-10 23:34:18,622 - Epoch: 0, Step: 1800, L:452, Loss: 0.7067360281944275
2021-05-10 23:34:25,891 - Epoch: 0, Step: 1810, L:302, Loss: 0.7010141611099243
2021-05-10 23:34:32,275 - Epoch: 0, Step: 1820, L:177, Loss: 0.9368046522140503
2021-05-10 23:34:39,531 - Epoch: 0, Step: 1830, L:345, Loss: 0.7954979538917542
2021-05-10 23:34:47,420 - Epoch: 0, Step: 1840, L:340, Loss: 0.7759442329406738
2021-05-10 23:34:53,173 - Epoch: 0, Step: 1850, L:345, Loss: 0.8890743255615234
2021-05-10 23:34:58,595 - Epoch: 0, Step: 1860, L:196, Loss: 1.0542681217193604
2021-05-10 23:35:05,870 - Epoch: 0, Step: 1870, L:219, Loss: 1.0874457359313965
2021-05-10 23:35:10,518 - Epoch: 0, Step: 1880, L:225, Loss: 0.9046297669410706
2021-05-10 23:35:18,033 - Epoch: 0, Step: 1890, L:343, Loss: 0.8666560649871826
2021-05-10 23:35:23,508 - Epoch: 0, Step: 1900, L:123, Loss: 0.6601477861404419
2021-05-10 23:35:29,539 - Epoch: 0, Step: 1910, L:155, Loss: 1.0362187623977661
2021-05-10 23:35:36,176 - Epoch: 0, Step: 1920, L:219, Loss: 0.5233055949211121
2021-05-10 23:35:40,448 - Epoch: 0, Step: 1930, L:234, Loss: 0.6309431195259094
2021-05-10 23:35:45,504 - Epoch: 0, Step: 1940, L:161, Loss: 0.9540907144546509
2021-05-10 23:35:52,726 - Epoch: 0, Step: 1950, L:132, Loss: 1.1337345838546753
2021-05-10 23:35:59,680 - Epoch: 0, Step: 1960, L:467, Loss: 0.5375909209251404
2021-05-10 23:36:05,347 - Epoch: 0, Step: 1970, L:129, Loss: 1.4235998392105103
2021-05-10 23:36:12,309 - Epoch: 0, Step: 1980, L:232, Loss: 0.9798830151557922
2021-05-10 23:36:18,000 - Epoch: 0, Step: 1990, L:349, Loss: 0.765135645866394
2021-05-10 23:36:25,529 - Epoch: 0, Step: 2000, L:376, Loss: 0.6132892370223999
2021-05-10 23:36:31,498 - Epoch: 0, Step: 2010, L:123, Loss: 0.6235551834106445
2021-05-10 23:36:38,049 - Epoch: 0, Step: 2020, L:180, Loss: 1.0188779830932617
2021-05-10 23:36:42,628 - Epoch: 0, Step: 2030, L:105, Loss: 1.4485324621200562
2021-05-10 23:36:49,154 - Epoch: 0, Step: 2040, L:327, Loss: 0.7118592262268066
2021-05-10 23:36:55,771 - Epoch: 0, Step: 2050, L:224, Loss: 0.8963260054588318
2021-05-10 23:37:01,299 - Epoch: 0, Step: 2060, L:316, Loss: 0.5235562920570374
2021-05-10 23:37:09,180 - Epoch: 0, Step: 2070, L:153, Loss: 1.1304892301559448
2021-05-10 23:37:15,506 - Epoch: 0, Step: 2080, L:400, Loss: 0.7934554219245911
2021-05-10 23:37:23,143 - Epoch: 0, Step: 2090, L:163, Loss: 1.0262200832366943
2021-05-10 23:37:28,080 - Epoch: 0, Step: 2100, L:136, Loss: 0.8271403312683105
2021-05-10 23:37:33,593 - Epoch: 0, Step: 2110, L:128, Loss: 0.9777555465698242
2021-05-10 23:37:38,238 - Epoch: 0, Step: 2120, L:110, Loss: 1.3109900951385498
2021-05-10 23:37:44,209 - Epoch: 0, Step: 2130, L:252, Loss: 0.8663939833641052
2021-05-10 23:37:50,544 - Epoch: 0, Step: 2140, L:310, Loss: 0.6273596882820129
2021-05-10 23:37:57,871 - Epoch: 0, Step: 2150, L:108, Loss: 1.2583292722702026
2021-05-10 23:38:02,104 - Epoch: 0, Step: 2160, L:155, Loss: 0.968844473361969
2021-05-10 23:38:10,871 - Epoch: 0, Step: 2170, L:240, Loss: 0.8475669026374817
2021-05-10 23:38:16,105 - Epoch: 0, Step: 2180, L:161, Loss: 0.6081981062889099
2021-05-10 23:38:23,606 - Epoch: 0, Step: 2190, L:347, Loss: 0.7081929445266724
2021-05-10 23:38:28,455 - Epoch: 0, Step: 2200, L:118, Loss: 1.106784701347351
2021-05-10 23:38:34,533 - Epoch: 0, Step: 2210, L:185, Loss: 1.1269859075546265
2021-05-10 23:38:40,344 - Epoch: 0, Step: 2220, L:151, Loss: 1.1265044212341309
2021-05-10 23:38:44,585 - Epoch: 0, Step: 2230, L:123, Loss: 1.180641531944275
2021-05-10 23:38:52,388 - Epoch: 0, Step: 2240, L:154, Loss: 1.0981910228729248
2021-05-10 23:38:58,154 - Epoch: 0, Step: 2250, L:188, Loss: 0.8109642863273621
2021-05-10 23:39:01,869 - Epoch: 0, Step: 2260, L:100, Loss: 1.037008285522461
2021-05-10 23:39:08,315 - Epoch: 0, Step: 2270, L:200, Loss: 1.1440223455429077
2021-05-10 23:39:16,775 - Epoch: 0, Step: 2280, L:420, Loss: 0.534581184387207
2021-05-10 23:39:22,136 - Epoch: 0, Step: 2290, L:156, Loss: 1.068515419960022
2021-05-10 23:39:28,145 - Epoch: 0, Step: 2300, L:244, Loss: 0.8850632905960083
2021-05-10 23:39:33,062 - Epoch: 0, Step: 2310, L:146, Loss: 1.0100406408309937
2021-05-10 23:39:37,848 - Epoch: 0, Step: 2320, L:197, Loss: 1.1615771055221558
2021-05-10 23:39:42,304 - Epoch: 0, Step: 2330, L:203, Loss: 0.9900798797607422
2021-05-10 23:39:46,642 - Epoch: 0, Step: 2340, L:157, Loss: 1.0360056161880493
2021-05-10 23:39:51,340 - Epoch: 0, Step: 2350, L:149, Loss: 0.9421840310096741
2021-05-10 23:39:55,472 - Epoch: 0, Step: 2360, L:113, Loss: 1.4568082094192505
2021-05-10 23:40:04,538 - Epoch: 0, Step: 2370, L:292, Loss: 0.9056187272071838
2021-05-10 23:40:10,304 - Epoch: 0, Step: 2380, L:118, Loss: 1.0591669082641602
2021-05-10 23:40:16,380 - Epoch: 0, Step: 2390, L:276, Loss: 1.0690059661865234
2021-05-10 23:40:20,694 - Epoch: 0, Step: 2400, L:192, Loss: 0.6461843848228455
2021-05-10 23:40:27,127 - Epoch: 0, Step: 2410, L:235, Loss: 1.0057536363601685
2021-05-10 23:40:34,341 - Epoch: 0, Step: 2420, L:192, Loss: 1.2210968732833862
2021-05-10 23:40:39,625 - Epoch: 0, Step: 2430, L:114, Loss: 1.217118501663208
2021-05-10 23:40:45,730 - Epoch: 0, Step: 2440, L:185, Loss: 0.9766311645507812
2021-05-10 23:40:55,901 - Epoch: 0, Step: 2450, L:386, Loss: 0.7295781373977661
2021-05-10 23:41:02,509 - Epoch: 0, Step: 2460, L:297, Loss: 0.7897647619247437
2021-05-10 23:41:09,800 - Epoch: 0, Step: 2470, L:275, Loss: 0.9189503192901611
2021-05-10 23:41:15,122 - Epoch: 0, Step: 2480, L:214, Loss: 0.8549389243125916
2021-05-10 23:41:21,103 - Epoch: 0, Step: 2490, L:215, Loss: 1.1391888856887817
2021-05-10 23:41:26,981 - Epoch: 0, Step: 2500, L:167, Loss: 1.0821913480758667
2021-05-10 23:41:34,767 - Epoch: 0, Step: 2510, L:345, Loss: 0.8046185970306396
2021-05-10 23:41:40,625 - Epoch: 0, Step: 2520, L:131, Loss: 0.9895614385604858
2021-05-10 23:41:47,996 - Epoch: 0, Step: 2530, L:119, Loss: 0.8794018030166626
2021-05-10 23:41:56,063 - Epoch: 0, Step: 2540, L:211, Loss: 0.9410222172737122
2021-05-10 23:42:02,505 - Epoch: 0, Step: 2550, L:152, Loss: 1.0772603750228882
2021-05-10 23:42:08,729 - Epoch: 0, Step: 2560, L:269, Loss: 0.7397021651268005
2021-05-10 23:42:15,736 - Epoch: 0, Step: 2570, L:216, Loss: 0.7965439558029175
2021-05-10 23:42:22,845 - Epoch: 0, Step: 2580, L:140, Loss: 1.1056803464889526
2021-05-10 23:42:33,684 - Epoch: 0, Step: 2590, L:391, Loss: 0.6741848587989807
2021-05-10 23:42:42,666 - Epoch: 0, Step: 2600, L:193, Loss: 0.9256861805915833
2021-05-10 23:42:47,596 - Epoch: 0, Step: 2610, L:319, Loss: 0.6857475638389587
2021-05-10 23:42:51,206 - Epoch: 0, Step: 2620, L:269, Loss: 0.9651775360107422
2021-05-10 23:42:59,028 - Epoch: 0, Step: 2630, L:185, Loss: 0.8602799773216248
2021-05-10 23:43:04,276 - Epoch: 0, Step: 2640, L:110, Loss: 1.0779651403427124
2021-05-10 23:43:13,157 - Epoch: 0, Step: 2650, L:217, Loss: 0.9139022827148438
2021-05-10 23:43:18,596 - Epoch: 0, Step: 2660, L:197, Loss: 0.98143470287323
2021-05-10 23:43:25,160 - Epoch: 0, Step: 2670, L:376, Loss: 0.7518868446350098
2021-05-10 23:43:30,570 - Epoch: 0, Step: 2680, L:139, Loss: 1.002136468887329
2021-05-10 23:43:34,721 - Epoch: 0, Step: 2690, L:312, Loss: 0.7013961672782898
2021-05-10 23:43:42,407 - Epoch: 0, Step: 2700, L:280, Loss: 0.8660655617713928
2021-05-10 23:43:47,702 - Epoch: 0, Step: 2710, L:129, Loss: 1.2509434223175049
2021-05-10 23:43:57,431 - Epoch: 0, Step: 2720, L:189, Loss: 1.076480746269226
2021-05-10 23:44:04,900 - Epoch: 0, Step: 2730, L:178, Loss: 1.0169074535369873
2021-05-10 23:44:10,658 - Epoch: 0, Step: 2740, L:124, Loss: 1.0074576139450073
2021-05-10 23:44:20,287 - Epoch: 0, Step: 2750, L:319, Loss: 0.7076057195663452
2021-05-10 23:44:26,197 - Epoch: 0, Step: 2760, L:265, Loss: 0.8805975317955017
2021-05-10 23:44:34,167 - Epoch: 0, Step: 2770, L:316, Loss: 0.5593412518501282
2021-05-10 23:44:41,394 - Epoch: 0, Step: 2780, L:256, Loss: 0.4753079414367676
2021-05-10 23:44:46,472 - Epoch: 0, Step: 2790, L:265, Loss: 0.9514491558074951
2021-05-10 23:44:50,892 - Epoch: 0, Step: 2800, L:184, Loss: 1.0301762819290161
2021-05-10 23:44:57,438 - Epoch: 0, Step: 2810, L:246, Loss: 0.7635623812675476
2021-05-10 23:45:05,674 - Epoch: 0, Step: 2820, L:115, Loss: 0.9685449600219727
2021-05-10 23:45:16,738 - Epoch: 0, Step: 2830, L:163, Loss: 0.9688529372215271
2021-05-10 23:45:22,445 - Epoch: 0, Step: 2840, L:224, Loss: 0.9526965022087097
2021-05-10 23:45:27,713 - Epoch: 0, Step: 2850, L:216, Loss: 0.8771300911903381
2021-05-10 23:45:32,500 - Epoch: 0, Step: 2860, L:247, Loss: 0.8458563685417175
2021-05-10 23:45:39,364 - Epoch: 0, Step: 2870, L:325, Loss: 0.888712465763092
2021-05-10 23:45:46,486 - Epoch: 0, Step: 2880, L:282, Loss: 0.6948655843734741
2021-05-10 23:45:54,146 - Epoch: 0, Step: 2890, L:101, Loss: 1.0702348947525024
2021-05-10 23:45:59,783 - Epoch: 0, Step: 2900, L:458, Loss: 0.5563729405403137
2021-05-10 23:46:07,388 - Epoch: 0, Step: 2910, L:236, Loss: 0.8277048468589783
2021-05-10 23:46:15,418 - Epoch: 0, Step: 2920, L:259, Loss: 0.6656346321105957
2021-05-10 23:46:22,495 - Epoch: 0, Step: 2930, L:110, Loss: 1.1877385377883911
2021-05-10 23:46:28,053 - Epoch: 0, Step: 2940, L:165, Loss: 1.2559585571289062
2021-05-10 23:46:37,254 - Epoch: 0, Step: 2950, L:284, Loss: 0.8713667988777161
2021-05-10 23:46:43,603 - Epoch: 0, Step: 2960, L:164, Loss: 1.215711236000061
2021-05-10 23:46:51,800 - Epoch: 0, Step: 2970, L:217, Loss: 1.0402684211730957
2021-05-10 23:46:59,781 - Epoch: 0, Step: 2980, L:234, Loss: 0.9840860366821289
2021-05-10 23:47:06,404 - Epoch: 0, Step: 2990, L:264, Loss: 0.6650601625442505
2021-05-10 23:47:18,082 - Epoch: 0, Step: 3000, L:323, Loss: 0.7931535840034485
2021-05-10 23:47:25,811 - Epoch: 0, Step: 3010, L:340, Loss: 0.767562985420227
2021-05-10 23:47:32,992 - Epoch: 0, Step: 3020, L:371, Loss: 0.5059017539024353
2021-05-10 23:47:39,037 - Epoch: 0, Step: 3030, L:261, Loss: 0.7768588066101074
2021-05-10 23:47:44,612 - Epoch: 0, Step: 3040, L:254, Loss: 0.9366399049758911
2021-05-10 23:47:49,725 - Epoch: 0, Step: 3050, L:282, Loss: 0.6724359393119812
2021-05-10 23:47:56,725 - Epoch: 0, Step: 3060, L:365, Loss: 0.7302958369255066
2021-05-10 23:48:03,205 - Epoch: 0, Step: 3070, L:137, Loss: 1.0588369369506836
2021-05-10 23:48:10,204 - Epoch: 0, Step: 3080, L:269, Loss: 0.6536835432052612
2021-05-10 23:48:19,423 - Epoch: 0, Step: 3090, L:192, Loss: 0.8881577253341675
2021-05-10 23:48:24,364 - Epoch: 0, Step: 3100, L:281, Loss: 0.9801213145256042
2021-05-10 23:48:31,131 - Epoch: 0, Step: 3110, L:438, Loss: 0.6395946145057678
2021-05-10 23:48:36,246 - Epoch: 0, Step: 3120, L:166, Loss: 0.9213506579399109
2021-05-10 23:48:43,660 - Epoch: 0, Step: 3130, L:293, Loss: 0.8312485814094543
2021-05-10 23:48:50,749 - Epoch: 0, Step: 3140, L:337, Loss: 0.7417101263999939
2021-05-10 23:49:03,270 - Epoch: 0, Step: 3150, L:361, Loss: 0.7056419849395752
2021-05-10 23:49:09,913 - Epoch: 0, Step: 3160, L:306, Loss: 0.6540554165840149
2021-05-10 23:49:15,695 - Caught MemoryError in DataLoader worker process 1.
Original Traceback (most recent call last):
  File "/home/dingyueprp/.conda/envs/xzth38/lib/python3.8/site-packages/torch/utils/data/_utils/worker.py", line 185, in _worker_loop
    data = fetcher.fetch(index)
  File "/home/dingyueprp/.conda/envs/xzth38/lib/python3.8/site-packages/torch/utils/data/_utils/fetch.py", line 44, in fetch
    data = [self.dataset[idx] for idx in possibly_batched_index]
  File "/home/dingyueprp/.conda/envs/xzth38/lib/python3.8/site-packages/torch/utils/data/_utils/fetch.py", line 44, in <listcomp>
    data = [self.dataset[idx] for idx in possibly_batched_index]
  File "/home/dingyueprp/protein/dataset.py", line 64, in __getitem__
    feature = self.get_feature(self.feature_dir+'/'+prot_name + '.npy.gz')
  File "/home/dingyueprp/protein/dataset.py", line 109, in get_feature
    arrayfile.write(g_file.extractfile(file).read())
  File "/home/dingyueprp/.conda/envs/xzth38/lib/python3.8/tarfile.py", line 682, in read
    b = self.fileobj.read(length)
  File "/home/dingyueprp/.conda/envs/xzth38/lib/python3.8/gzip.py", line 292, in read
    return self._buffer.read(size)
MemoryError

