2021-06-14 18:55:59,376 - 20210614_185559_attention
2021-06-14 18:55:59,377 - {"model": "attention", "device": "cuda", "middle_layers": [5, 5, 5, 5, 5, 5, 5, 5, 5, 5, 5, 5, 5], "residual_layers": [[64, 64, 1, true], [64, 64, 1, true], [64, 64, 1, true], [64, 96, 1, true], [96, 96, 1, true], [96, 96, 1, true], [96, 96, 1, true], [96, 128, 2, true], [128, 128, 2, true], [128, 128, 2, true], [128, 128, 2, true], [128, 128, 2, true], [128, 128, 2, true], [128, 160, 4, true], [160, 160, 4, true], [160, 160, 4, true], [160, 160, 2, false], [160, 160, 1, false]], "batch_size": 1, "epochs": 60, "dropout_rate": 0.2, "validate_ratio": 0.1, "subset_ratio": 1.0, "log_freq": 10, "num_workers": 16, "start_epoch": 0, "resume": "run/experiment_25/best_model.pth.tar", "class_weight": [1.0, 1.0, 1.0, 1.0, 1.0, 1.0, 1.0, 1.0, 1.0, 1.0], "loss_func": "cross", "long_length": null, "test_dir": "/home/dingyueprp/Data/test"}
2021-06-14 18:56:08,542 - Start evaluating...
2021-06-14 18:56:18,485 - Evaluation: 0 / 1266
2021-06-14 18:56:27,408 - Evaluation: 10 / 1266
2021-06-14 18:56:29,792 - Evaluation: 20 / 1266
2021-06-14 18:56:32,738 - Evaluation: 30 / 1266
2021-06-14 18:56:35,480 - Evaluation: 40 / 1266
2021-06-14 18:56:37,724 - Evaluation: 50 / 1266
2021-06-14 18:56:45,200 - Evaluation: 60 / 1266
2021-06-14 18:56:49,331 - Evaluation: 70 / 1266
2021-06-14 18:56:51,734 - Evaluation: 80 / 1266
2021-06-14 18:56:53,490 - Evaluation: 90 / 1266
2021-06-14 18:56:56,981 - Evaluation: 100 / 1266
2021-06-14 18:57:04,818 - Evaluation: 110 / 1266
2021-06-14 18:57:13,403 - Evaluation: 120 / 1266
2021-06-14 18:57:16,826 - Evaluation: 130 / 1266
2021-06-14 18:57:19,065 - Evaluation: 140 / 1266
2021-06-14 18:57:22,013 - Evaluation: 150 / 1266
2021-06-14 18:57:25,295 - Evaluation: 160 / 1266
2021-06-14 18:57:28,510 - Evaluation: 170 / 1266
2021-06-14 18:57:31,623 - Evaluation: 180 / 1266
2021-06-14 18:57:34,180 - Evaluation: 190 / 1266
2021-06-14 18:57:38,203 - Evaluation: 200 / 1266
2021-06-14 18:57:40,934 - Evaluation: 210 / 1266
2021-06-14 18:57:43,504 - Evaluation: 220 / 1266
2021-06-14 18:57:46,091 - Evaluation: 230 / 1266
2021-06-14 18:57:49,263 - Evaluation: 240 / 1266
2021-06-14 18:57:53,556 - Evaluation: 250 / 1266
2021-06-14 18:57:57,401 - Evaluation: 260 / 1266
2021-06-14 18:58:00,505 - Evaluation: 270 / 1266
2021-06-14 18:58:03,328 - Evaluation: 280 / 1266
2021-06-14 18:58:07,585 - Evaluation: 290 / 1266
2021-06-14 18:58:10,174 - Evaluation: 300 / 1266
2021-06-14 18:58:13,988 - Evaluation: 310 / 1266
2021-06-14 18:58:22,277 - Evaluation: 320 / 1266
2021-06-14 18:58:25,451 - Evaluation: 330 / 1266
2021-06-14 18:58:28,694 - Evaluation: 340 / 1266
2021-06-14 18:58:33,946 - Evaluation: 350 / 1266
2021-06-14 18:58:37,466 - Evaluation: 360 / 1266
2021-06-14 18:58:40,210 - Evaluation: 370 / 1266
2021-06-14 18:58:44,168 - Evaluation: 380 / 1266
2021-06-14 18:58:46,745 - Evaluation: 390 / 1266
2021-06-14 18:58:52,990 - Evaluation: 400 / 1266
2021-06-14 18:58:57,101 - Evaluation: 410 / 1266
2021-06-14 18:59:00,483 - Evaluation: 420 / 1266
2021-06-14 18:59:02,720 - Evaluation: 430 / 1266
2021-06-14 18:59:07,837 - Evaluation: 440 / 1266
2021-06-14 18:59:10,725 - Evaluation: 450 / 1266
2021-06-14 18:59:15,570 - Evaluation: 460 / 1266
2021-06-14 18:59:18,832 - Evaluation: 470 / 1266
2021-06-14 18:59:20,424 - Evaluation: 480 / 1266
2021-06-14 18:59:23,517 - Evaluation: 490 / 1266
2021-06-14 18:59:26,204 - Evaluation: 500 / 1266
2021-06-14 18:59:32,137 - Evaluation: 510 / 1266
2021-06-14 18:59:35,185 - Evaluation: 520 / 1266
2021-06-14 18:59:41,886 - Evaluation: 530 / 1266
2021-06-14 18:59:44,832 - Evaluation: 540 / 1266
2021-06-14 18:59:46,772 - Evaluation: 550 / 1266
2021-06-14 18:59:49,854 - Evaluation: 560 / 1266
2021-06-14 18:59:51,980 - Evaluation: 570 / 1266
2021-06-14 18:59:56,467 - Evaluation: 580 / 1266
2021-06-14 19:00:01,519 - Evaluation: 590 / 1266
2021-06-14 19:00:04,993 - Evaluation: 600 / 1266
2021-06-14 19:00:09,544 - Evaluation: 610 / 1266
2021-06-14 19:00:12,720 - Evaluation: 620 / 1266
2021-06-14 19:00:15,283 - Evaluation: 630 / 1266
2021-06-14 19:00:18,260 - Evaluation: 640 / 1266
2021-06-14 19:00:21,034 - Evaluation: 650 / 1266
2021-06-14 19:00:23,721 - Evaluation: 660 / 1266
2021-06-14 19:00:29,927 - Evaluation: 670 / 1266
2021-06-14 19:00:33,868 - Evaluation: 680 / 1266
2021-06-14 19:00:36,046 - Evaluation: 690 / 1266
2021-06-14 19:00:38,965 - Evaluation: 700 / 1266
2021-06-14 19:00:41,438 - Evaluation: 710 / 1266
2021-06-14 19:00:43,715 - Evaluation: 720 / 1266
2021-06-14 19:00:46,377 - Evaluation: 730 / 1266
2021-06-14 19:00:50,860 - Evaluation: 740 / 1266
2021-06-14 19:00:53,058 - Evaluation: 750 / 1266
2021-06-14 19:00:57,101 - Evaluation: 760 / 1266
2021-06-14 19:01:00,401 - Evaluation: 770 / 1266
2021-06-14 19:01:03,054 - Evaluation: 780 / 1266
2021-06-14 19:01:11,111 - Evaluation: 790 / 1266
2021-06-14 19:01:14,728 - Evaluation: 800 / 1266
2021-06-14 19:01:18,381 - Evaluation: 810 / 1266
2021-06-14 19:01:21,808 - Evaluation: 820 / 1266
2021-06-14 19:01:26,585 - Evaluation: 830 / 1266
2021-06-14 19:01:29,323 - Evaluation: 840 / 1266
2021-06-14 19:01:35,200 - Evaluation: 850 / 1266
2021-06-14 19:01:38,036 - Evaluation: 860 / 1266
2021-06-14 19:01:40,629 - Evaluation: 870 / 1266
2021-06-14 19:01:47,224 - Evaluation: 880 / 1266
2021-06-14 19:01:49,395 - Evaluation: 890 / 1266
2021-06-14 19:01:51,661 - Evaluation: 900 / 1266
2021-06-14 19:01:53,907 - Evaluation: 910 / 1266
2021-06-14 19:01:57,378 - Evaluation: 920 / 1266
2021-06-14 19:02:00,855 - Evaluation: 930 / 1266
2021-06-14 19:02:04,283 - Evaluation: 940 / 1266
2021-06-14 19:02:10,531 - Evaluation: 950 / 1266
2021-06-14 19:02:13,317 - Evaluation: 960 / 1266
2021-06-14 19:02:16,132 - Evaluation: 970 / 1266
2021-06-14 19:02:19,159 - Evaluation: 980 / 1266
2021-06-14 19:02:23,933 - Evaluation: 990 / 1266
2021-06-14 19:02:27,070 - Evaluation: 1000 / 1266
2021-06-14 19:02:34,830 - Evaluation: 1010 / 1266
2021-06-14 19:02:37,733 - Evaluation: 1020 / 1266
2021-06-14 19:02:44,039 - Evaluation: 1030 / 1266
2021-06-14 19:02:47,336 - Evaluation: 1040 / 1266
2021-06-14 19:02:49,304 - Evaluation: 1050 / 1266
2021-06-14 19:02:51,937 - Evaluation: 1060 / 1266
2021-06-14 19:02:58,944 - Evaluation: 1070 / 1266
2021-06-14 19:03:01,219 - Evaluation: 1080 / 1266
2021-06-14 19:03:06,019 - Evaluation: 1090 / 1266
2021-06-14 19:03:09,789 - Evaluation: 1100 / 1266
2021-06-14 19:03:17,932 - Evaluation: 1110 / 1266
2021-06-14 19:03:19,716 - Evaluation: 1120 / 1266
2021-06-14 19:03:24,788 - Evaluation: 1130 / 1266
2021-06-14 19:03:27,279 - Evaluation: 1140 / 1266
2021-06-14 19:03:32,283 - Evaluation: 1150 / 1266
2021-06-14 19:03:34,959 - Evaluation: 1160 / 1266
2021-06-14 19:03:36,996 - Evaluation: 1170 / 1266
2021-06-14 19:03:39,422 - Evaluation: 1180 / 1266
2021-06-14 19:03:43,465 - Evaluation: 1190 / 1266
2021-06-14 19:03:46,510 - Evaluation: 1200 / 1266
2021-06-14 19:03:48,713 - Evaluation: 1210 / 1266
2021-06-14 19:03:54,824 - Evaluation: 1220 / 1266
2021-06-14 19:03:57,360 - Evaluation: 1230 / 1266
2021-06-14 19:03:59,659 - Evaluation: 1240 / 1266
2021-06-14 19:04:03,043 - Evaluation: 1250 / 1266
2021-06-14 19:04:05,406 - Evaluation: 1260 / 1266
2021-06-14 19:04:08,719 - -----------------------EVAL---------------------
Evaluation Result: 17.575326442718506
2021-06-14 19:04:08,720 - T10: 0.7500390410423279, T5: 0.7211569547653198, T2: 0.6632145047187805, T1: 0.5986762046813965
2021-06-14 19:04:08,720 - LT10: 0.5149238109588623, LT5: 0.4861504137516022, LT2: 0.44351524114608765, LT1: 0.405271977186203
2021-06-14 19:04:08,721 - Short all result: [0.         0.5501872  0.48009893 0.41733178 0.59725606 0.6473403
 0.6949315  0.37004215 0.01548183 0.        ]
2021-06-14 19:04:08,721 - Short support: [0.00372953 0.07733472 0.12370495 0.14421566 0.29018793 0.1811803
 0.13122262 0.03242423 0.00663751 0.00936286]

