2021-06-03 12:22:03,230 - 20210603_122203_realvalue
2021-06-03 12:22:06,119 - Start training...
2021-06-03 12:22:09,087 - Epoch: 0, Step: 0, L:189, Loss: 200.47274780273438
2021-06-03 12:22:21,761 - Epoch: 0, Step: 10, L:195, Loss: 160.01771087646483
2021-06-03 12:22:28,149 - Epoch: 0, Step: 20, L:124, Loss: 69.10647563934326
2021-06-03 12:22:32,970 - Epoch: 0, Step: 30, L:257, Loss: 18.01630554199219
2021-06-03 12:22:37,140 - Epoch: 0, Step: 40, L:442, Loss: 13.446470546722413
2021-06-03 12:22:42,583 - Epoch: 0, Step: 50, L:315, Loss: 10.845339679718018
2021-06-03 12:22:48,765 - Epoch: 0, Step: 60, L:421, Loss: 8.70473518371582
2021-06-03 12:22:53,999 - Epoch: 0, Step: 70, L:237, Loss: 9.614240646362305
2021-06-03 12:22:59,446 - Epoch: 0, Step: 80, L:327, Loss: 9.346065139770507
2021-06-03 12:23:04,053 - Epoch: 0, Step: 90, L:138, Loss: 10.829826211929321
2021-06-03 12:23:09,100 - Epoch: 0, Step: 100, L:128, Loss: 10.403000545501708
2021-06-03 12:23:14,651 - Epoch: 0, Step: 110, L:134, Loss: 9.126331233978272
2021-06-03 12:23:20,168 - Epoch: 0, Step: 120, L:400, Loss: 9.032679080963135
2021-06-03 12:23:24,152 - Epoch: 0, Step: 130, L:134, Loss: 10.135923290252686
2021-06-03 12:23:29,094 - Epoch: 0, Step: 140, L:165, Loss: 9.590901756286621
2021-06-03 12:23:35,865 - Epoch: 0, Step: 150, L:142, Loss: 8.689454936981202
2021-06-03 12:23:40,210 - Epoch: 0, Step: 160, L:146, Loss: 10.063699769973756
2021-06-03 12:23:45,508 - Epoch: 0, Step: 170, L:240, Loss: 9.150878095626831
2021-06-03 12:23:49,705 - Epoch: 0, Step: 180, L:251, Loss: 9.530079460144043
2021-06-03 12:23:53,600 - Epoch: 0, Step: 190, L:409, Loss: 9.214484977722169
2021-06-03 12:24:01,822 - Epoch: 0, Step: 200, L:450, Loss: 9.958612298965454
2021-06-03 12:24:05,582 - Epoch: 0, Step: 210, L:128, Loss: 10.155631160736084
2021-06-03 12:24:09,946 - Epoch: 0, Step: 220, L:270, Loss: 9.938139486312867
2021-06-03 12:24:15,021 - Epoch: 0, Step: 230, L:217, Loss: 6.271788835525513
2021-06-03 12:24:22,982 - Epoch: 0, Step: 240, L:394, Loss: 8.884934616088866
2021-06-03 12:24:28,129 - Epoch: 0, Step: 250, L:107, Loss: 8.528327178955077
2021-06-03 12:24:31,967 - Epoch: 0, Step: 260, L:156, Loss: 9.731550455093384
2021-06-03 12:24:38,137 - Epoch: 0, Step: 270, L:295, Loss: 8.463646602630615
2021-06-03 12:24:41,906 - Epoch: 0, Step: 280, L:250, Loss: 9.492401170730592
2021-06-03 12:24:45,074 - Epoch: 0, Step: 290, L:146, Loss: 8.573625946044922
2021-06-03 12:24:49,020 - Epoch: 0, Step: 300, L:108, Loss: 10.031410598754883
2021-06-03 12:24:55,513 - Epoch: 0, Step: 310, L:158, Loss: 8.582392859458924
2021-06-03 12:25:00,873 - Epoch: 0, Step: 320, L:398, Loss: 8.288273096084595
2021-06-03 12:25:06,287 - Epoch: 0, Step: 330, L:177, Loss: 8.453847408294678
2021-06-03 12:25:10,508 - Epoch: 0, Step: 340, L:165, Loss: 9.48628764152527
2021-06-03 12:25:15,356 - Epoch: 0, Step: 350, L:160, Loss: 9.161634159088134
2021-06-03 12:25:20,223 - Epoch: 0, Step: 360, L:287, Loss: 9.731128978729249
2021-06-03 12:25:27,196 - Epoch: 0, Step: 370, L:205, Loss: 8.688859510421754
2021-06-03 12:25:32,157 - Epoch: 0, Step: 380, L:247, Loss: 8.417882061004638
2021-06-03 12:25:36,708 - Epoch: 0, Step: 390, L:315, Loss: 8.997871398925781
2021-06-03 12:25:45,541 - Epoch: 0, Step: 400, L:401, Loss: 7.207963347434998
2021-06-03 12:25:49,314 - Epoch: 0, Step: 410, L:175, Loss: 9.047248125076294
2021-06-03 12:25:55,447 - Epoch: 0, Step: 420, L:174, Loss: 8.757633876800536
2021-06-03 12:26:01,266 - Epoch: 0, Step: 430, L:177, Loss: 9.06830186843872
2021-06-03 12:26:08,034 - Epoch: 0, Step: 440, L:443, Loss: 8.48892707824707
2021-06-03 12:26:12,951 - Epoch: 0, Step: 450, L:194, Loss: 9.166267013549804
2021-06-03 12:26:16,893 - Epoch: 0, Step: 460, L:115, Loss: 8.967637491226196
2021-06-03 12:26:22,827 - Epoch: 0, Step: 470, L:393, Loss: 8.875681829452514
2021-06-03 12:26:26,680 - Epoch: 0, Step: 480, L:126, Loss: 9.832759714126587
2021-06-03 12:26:33,220 - Epoch: 0, Step: 490, L:146, Loss: 8.057612228393555
2021-06-03 12:26:41,886 - Epoch: 0, Step: 500, L:336, Loss: 7.308039903640747
2021-06-03 12:26:45,330 - Epoch: 0, Step: 510, L:219, Loss: 9.110095310211182
2021-06-03 12:26:51,196 - Epoch: 0, Step: 520, L:165, Loss: 8.684235048294067
2021-06-03 12:26:55,459 - Epoch: 0, Step: 530, L:369, Loss: 9.526741743087769
2021-06-03 12:27:00,441 - Epoch: 0, Step: 540, L:113, Loss: 10.263448095321655
2021-06-03 12:27:06,007 - Epoch: 0, Step: 550, L:308, Loss: 8.863960409164429
2021-06-03 12:27:14,508 - Epoch: 0, Step: 560, L:176, Loss: 9.22845458984375
2021-06-03 12:27:23,342 - Epoch: 0, Step: 570, L:297, Loss: 7.28926157951355
2021-06-03 12:27:29,048 - Epoch: 0, Step: 580, L:352, Loss: 8.5377516746521
2021-06-03 12:27:34,570 - Epoch: 0, Step: 590, L:175, Loss: 8.609465479850769
2021-06-03 12:27:41,200 - Epoch: 0, Step: 600, L:123, Loss: 7.259229302406311
2021-06-03 12:27:46,060 - Epoch: 0, Step: 610, L:354, Loss: 9.077595043182374
2021-06-03 12:27:49,402 - Epoch: 0, Step: 620, L:180, Loss: 9.802205038070678
2021-06-03 12:27:56,942 - Epoch: 0, Step: 630, L:493, Loss: 8.595902299880981
2021-06-03 12:28:01,688 - Epoch: 0, Step: 640, L:143, Loss: 8.494496583938599
2021-06-03 12:28:05,744 - Epoch: 0, Step: 650, L:378, Loss: 8.464367771148682
2021-06-03 12:28:09,467 - Epoch: 0, Step: 660, L:308, Loss: 9.72272539138794
2021-06-03 12:28:13,359 - Epoch: 0, Step: 670, L:169, Loss: 9.151451826095581
2021-06-03 12:28:17,218 - Epoch: 0, Step: 680, L:178, Loss: 8.516576242446899
2021-06-03 12:28:20,933 - Epoch: 0, Step: 690, L:339, Loss: 9.11007080078125
2021-06-03 12:28:28,081 - Epoch: 0, Step: 700, L:281, Loss: 8.7084716796875
2021-06-03 12:28:34,103 - Epoch: 0, Step: 710, L:269, Loss: 7.855766820907593
2021-06-03 12:28:38,733 - Epoch: 0, Step: 720, L:141, Loss: 8.3629741191864
2021-06-03 12:28:44,142 - Epoch: 0, Step: 730, L:434, Loss: 8.998911666870118
2021-06-03 12:28:49,575 - Epoch: 0, Step: 740, L:132, Loss: 8.731717205047607
2021-06-03 12:28:55,745 - Epoch: 0, Step: 750, L:216, Loss: 8.22572569847107
2021-06-03 12:29:00,864 - Epoch: 0, Step: 760, L:327, Loss: 8.314785528182984
2021-06-03 12:29:05,987 - Epoch: 0, Step: 770, L:142, Loss: 8.867415046691894
2021-06-03 12:29:09,106 - Epoch: 0, Step: 780, L:202, Loss: 9.476704549789428
2021-06-03 12:29:13,514 - Epoch: 0, Step: 790, L:264, Loss: 8.29703643321991
2021-06-03 12:29:20,015 - Epoch: 0, Step: 800, L:434, Loss: 9.101697540283203
2021-06-03 12:29:26,966 - Epoch: 0, Step: 810, L:104, Loss: 9.297654867172241
2021-06-03 12:29:33,416 - Epoch: 0, Step: 820, L:137, Loss: 8.69462776184082
2021-06-03 12:29:42,362 - Epoch: 0, Step: 830, L:357, Loss: 7.088885259628296
2021-06-03 12:29:47,705 - Epoch: 0, Step: 840, L:415, Loss: 9.243492364883423
2021-06-03 12:29:53,333 - Epoch: 0, Step: 850, L:193, Loss: 9.068551826477051
2021-06-03 12:29:58,290 - Epoch: 0, Step: 860, L:133, Loss: 9.087575244903565
2021-06-03 12:30:05,394 - Epoch: 0, Step: 870, L:251, Loss: 8.134012985229493
2021-06-03 12:30:09,205 - Epoch: 0, Step: 880, L:267, Loss: 8.539449167251586
2021-06-03 12:30:15,987 - Epoch: 0, Step: 890, L:180, Loss: 8.071774196624755
2021-06-03 12:30:22,433 - Epoch: 0, Step: 900, L:485, Loss: 8.379203534126281
2021-06-03 12:30:29,251 - Epoch: 0, Step: 910, L:425, Loss: 9.124742460250854
2021-06-03 12:30:35,219 - Epoch: 0, Step: 920, L:346, Loss: 7.986173534393311
2021-06-03 12:30:40,579 - Epoch: 0, Step: 930, L:201, Loss: 8.688758516311646
2021-06-03 12:30:46,561 - Epoch: 0, Step: 940, L:250, Loss: 8.08723063468933
2021-06-03 12:30:51,152 - Epoch: 0, Step: 950, L:161, Loss: 9.280335664749146
2021-06-03 12:30:57,622 - Epoch: 0, Step: 960, L:212, Loss: 8.470543479919433
2021-06-03 12:31:02,197 - Epoch: 0, Step: 970, L:147, Loss: 7.868466234207153
2021-06-03 12:31:08,143 - Epoch: 0, Step: 980, L:177, Loss: 8.604712867736817
2021-06-03 12:31:13,177 - Epoch: 0, Step: 990, L:184, Loss: 9.1762779712677
2021-06-03 12:31:18,139 - Epoch: 0, Step: 1000, L:214, Loss: 8.9546462059021
2021-06-03 12:31:21,911 - Epoch: 0, Step: 1010, L:454, Loss: 9.468230748176575
2021-06-03 12:31:29,607 - Epoch: 0, Step: 1020, L:346, Loss: 8.81344289779663
2021-06-03 12:31:35,787 - Epoch: 0, Step: 1030, L:256, Loss: 9.169202899932861
2021-06-03 12:31:41,556 - Epoch: 0, Step: 1040, L:199, Loss: 8.122645616531372
2021-06-03 12:31:46,044 - Epoch: 0, Step: 1050, L:130, Loss: 9.463559675216676
2021-06-03 12:31:52,591 - Epoch: 0, Step: 1060, L:230, Loss: 8.992046928405761
2021-06-03 12:31:58,532 - Epoch: 0, Step: 1070, L:231, Loss: 8.22908947467804
2021-06-03 12:32:04,683 - Epoch: 0, Step: 1080, L:289, Loss: 8.058305311203004
2021-06-03 12:32:09,986 - Epoch: 0, Step: 1090, L:224, Loss: 8.291009283065796
2021-06-03 12:32:17,551 - Epoch: 0, Step: 1100, L:149, Loss: 8.195419406890869
2021-06-03 12:32:23,855 - Epoch: 0, Step: 1110, L:163, Loss: 9.98284854888916
2021-06-03 12:32:30,100 - Epoch: 0, Step: 1120, L:138, Loss: 8.727366924285889
2021-06-03 12:32:35,668 - Epoch: 0, Step: 1130, L:149, Loss: 8.5321533203125
2021-06-03 12:32:41,717 - Epoch: 0, Step: 1140, L:398, Loss: 7.701179313659668
2021-06-03 12:32:51,210 - Epoch: 0, Step: 1150, L:341, Loss: 7.361830186843872
2021-06-03 12:32:58,812 - Epoch: 0, Step: 1160, L:191, Loss: 8.048587656021118
2021-06-03 12:33:05,316 - Epoch: 0, Step: 1170, L:229, Loss: 10.152207183837891
2021-06-03 12:33:10,177 - Epoch: 0, Step: 1180, L:204, Loss: 8.926248788833618
2021-06-03 12:33:13,428 - Epoch: 0, Step: 1190, L:144, Loss: 9.316244792938232
2021-06-03 12:33:18,962 - Epoch: 0, Step: 1200, L:128, Loss: 8.240069055557251
2021-06-03 12:33:23,451 - Epoch: 0, Step: 1210, L:140, Loss: 8.989463424682617
2021-06-03 12:33:29,090 - Epoch: 0, Step: 1220, L:217, Loss: 8.935101318359376
2021-06-03 12:33:36,317 - Epoch: 0, Step: 1230, L:161, Loss: 7.143286466598511
2021-06-03 12:33:39,104 - Epoch: 0, Step: 1240, L:188, Loss: 9.182021737098694
2021-06-03 12:33:43,973 - Epoch: 0, Step: 1250, L:256, Loss: 9.740229320526122
2021-06-03 12:33:48,489 - Epoch: 0, Step: 1260, L:331, Loss: 9.513433074951172
2021-06-03 12:33:52,006 - Epoch: 0, Step: 1270, L:205, Loss: 8.685895109176636
2021-06-03 12:33:56,999 - Epoch: 0, Step: 1280, L:275, Loss: 9.272921085357666
2021-06-03 12:34:03,075 - Epoch: 0, Step: 1290, L:161, Loss: 8.886855792999267
2021-06-03 12:34:07,457 - Epoch: 0, Step: 1300, L:257, Loss: 9.524163436889648
2021-06-03 12:34:11,558 - Epoch: 0, Step: 1310, L:296, Loss: 9.490870189666747
2021-06-03 12:34:18,372 - Epoch: 0, Step: 1320, L:207, Loss: 8.851203870773315
2021-06-03 12:34:24,224 - Epoch: 0, Step: 1330, L:262, Loss: 8.233763074874878
2021-06-03 12:34:30,605 - Epoch: 0, Step: 1340, L:180, Loss: 9.612189149856567
2021-06-03 12:34:38,463 - Epoch: 0, Step: 1350, L:374, Loss: 7.742395401000977
2021-06-03 12:34:42,981 - Epoch: 0, Step: 1360, L:209, Loss: 9.240173053741454
2021-06-03 12:34:49,004 - Epoch: 0, Step: 1370, L:220, Loss: 7.830962133407593
2021-06-03 12:34:52,711 - Epoch: 0, Step: 1380, L:101, Loss: 9.29305419921875
2021-06-03 12:34:57,127 - Epoch: 0, Step: 1390, L:227, Loss: 8.824167013168335
2021-06-03 12:35:00,533 - Epoch: 0, Step: 1400, L:276, Loss: 9.05665225982666
2021-06-03 12:35:05,433 - Epoch: 0, Step: 1410, L:498, Loss: 9.227152061462402
2021-06-03 12:35:10,872 - Epoch: 0, Step: 1420, L:112, Loss: 9.134767818450928
2021-06-03 12:35:15,077 - Epoch: 0, Step: 1430, L:319, Loss: 9.439659476280212
2021-06-03 12:35:22,552 - Epoch: 0, Step: 1440, L:446, Loss: 7.926583337783813
2021-06-03 12:35:29,020 - Epoch: 0, Step: 1450, L:113, Loss: 7.850324821472168
2021-06-03 12:35:34,492 - Epoch: 0, Step: 1460, L:130, Loss: 8.621848487854004
2021-06-03 12:35:38,188 - Epoch: 0, Step: 1470, L:131, Loss: 10.59236798286438
2021-06-03 12:35:42,862 - Epoch: 0, Step: 1480, L:129, Loss: 9.603365755081176
2021-06-03 12:35:48,390 - Epoch: 0, Step: 1490, L:134, Loss: 9.118175792694093
2021-06-03 12:35:54,829 - Epoch: 0, Step: 1500, L:191, Loss: 8.775782585144043
2021-06-03 12:35:58,072 - Epoch: 0, Step: 1510, L:165, Loss: 8.234202003479004
2021-06-03 12:36:06,510 - Epoch: 0, Step: 1520, L:168, Loss: 7.391647529602051
2021-06-03 12:36:11,509 - Epoch: 0, Step: 1530, L:133, Loss: 8.16053638458252
2021-06-03 12:36:17,681 - Epoch: 0, Step: 1540, L:292, Loss: 8.070666885375976
2021-06-03 12:36:24,199 - Epoch: 0, Step: 1550, L:315, Loss: 8.174190235137939
2021-06-03 12:36:30,958 - Epoch: 0, Step: 1560, L:151, Loss: 7.839784097671509
2021-06-03 12:36:37,056 - Epoch: 0, Step: 1570, L:222, Loss: 8.333879089355468
2021-06-03 12:36:42,109 - Epoch: 0, Step: 1580, L:207, Loss: 8.185204362869262
2021-06-03 12:36:47,484 - Epoch: 0, Step: 1590, L:202, Loss: 7.556825828552246
2021-06-03 12:36:50,815 - Epoch: 0, Step: 1600, L:162, Loss: 9.97169532775879
2021-06-03 12:36:53,643 - Epoch: 0, Step: 1610, L:116, Loss: 10.329246950149535
2021-06-03 12:36:58,571 - Epoch: 0, Step: 1620, L:156, Loss: 9.104868459701539
2021-06-03 12:37:07,544 - Epoch: 0, Step: 1630, L:167, Loss: 8.123767471313476
2021-06-03 12:37:10,929 - Epoch: 0, Step: 1640, L:188, Loss: 9.785999202728272
2021-06-03 12:37:14,633 - Epoch: 0, Step: 1650, L:178, Loss: 10.207601976394653
2021-06-03 12:37:19,763 - Epoch: 0, Step: 1660, L:258, Loss: 9.717344379425048
2021-06-03 12:37:26,088 - Epoch: 0, Step: 1670, L:329, Loss: 7.849338364601135
2021-06-03 12:37:29,546 - Epoch: 0, Step: 1680, L:177, Loss: 9.93966236114502
2021-06-03 12:37:35,193 - Epoch: 0, Step: 1690, L:196, Loss: 8.857238173484802
2021-06-03 12:37:40,298 - Epoch: 0, Step: 1700, L:185, Loss: 9.327468109130859
2021-06-03 12:37:47,671 - Epoch: 0, Step: 1710, L:265, Loss: 7.795510625839233
2021-06-03 12:37:53,198 - Epoch: 0, Step: 1720, L:107, Loss: 8.415994501113891
2021-06-03 12:38:01,050 - Epoch: 0, Step: 1730, L:373, Loss: 7.496820449829102
2021-06-03 12:38:05,733 - Epoch: 0, Step: 1740, L:191, Loss: 9.478104734420777
2021-06-03 12:38:12,088 - Epoch: 0, Step: 1750, L:339, Loss: 8.418107414245606
2021-06-03 12:38:18,723 - Epoch: 0, Step: 1760, L:273, Loss: 7.506993627548217
2021-06-03 12:38:24,105 - Epoch: 0, Step: 1770, L:331, Loss: 8.843602180480957
2021-06-03 12:38:29,569 - Epoch: 0, Step: 1780, L:149, Loss: 9.334604930877685
2021-06-03 12:38:35,378 - Epoch: 0, Step: 1790, L:364, Loss: 9.01233892440796
2021-06-03 12:38:41,452 - Epoch: 0, Step: 1800, L:227, Loss: 8.451958894729614
2021-06-03 12:38:45,856 - Epoch: 0, Step: 1810, L:243, Loss: 9.695206499099731
2021-06-03 12:38:51,723 - Epoch: 0, Step: 1820, L:123, Loss: 8.471071481704712
2021-06-03 12:38:58,762 - Epoch: 0, Step: 1830, L:380, Loss: 8.033630847930908
2021-06-03 12:39:05,622 - Epoch: 0, Step: 1840, L:315, Loss: 8.289961671829223
2021-06-03 12:39:10,152 - Epoch: 0, Step: 1850, L:135, Loss: 9.697213315963745
2021-06-03 12:39:13,764 - Epoch: 0, Step: 1860, L:198, Loss: 10.160018968582154
2021-06-03 12:39:17,506 - Epoch: 0, Step: 1870, L:265, Loss: 7.701065015792847
2021-06-03 12:39:23,716 - Epoch: 0, Step: 1880, L:469, Loss: 8.670978546142578
2021-06-03 12:39:30,763 - Epoch: 0, Step: 1890, L:347, Loss: 7.53642315864563
2021-06-03 12:39:37,576 - Epoch: 0, Step: 1900, L:153, Loss: 8.431770706176758
2021-06-03 12:39:43,041 - Epoch: 0, Step: 1910, L:229, Loss: 8.434406185150147
2021-06-03 12:39:49,110 - Epoch: 0, Step: 1920, L:256, Loss: 8.31590301990509
2021-06-03 12:39:53,186 - Epoch: 0, Step: 1930, L:201, Loss: 9.508129835128784
2021-06-03 12:39:58,458 - Epoch: 0, Step: 1940, L:207, Loss: 8.275149321556091
2021-06-03 12:40:02,565 - Epoch: 0, Step: 1950, L:150, Loss: 8.129960680007935
2021-06-03 12:40:09,042 - Epoch: 0, Step: 1960, L:158, Loss: 9.03102912902832
2021-06-03 12:40:15,040 - Epoch: 0, Step: 1970, L:202, Loss: 8.562771868705749
2021-06-03 12:40:22,054 - Epoch: 0, Step: 1980, L:143, Loss: 7.54148952960968
2021-06-03 12:40:27,224 - Epoch: 0, Step: 1990, L:132, Loss: 9.305394792556763
2021-06-03 12:40:33,297 - Epoch: 0, Step: 2000, L:219, Loss: 8.749318265914917
2021-06-03 12:40:39,315 - Epoch: 0, Step: 2010, L:194, Loss: 8.075469827651977
2021-06-03 12:40:46,293 - Epoch: 0, Step: 2020, L:175, Loss: 8.427362203598022
2021-06-03 12:40:54,362 - Epoch: 0, Step: 2030, L:388, Loss: 7.713840198516846
2021-06-03 12:40:58,736 - Epoch: 0, Step: 2040, L:190, Loss: 9.397161293029786
2021-06-03 12:41:04,752 - Epoch: 0, Step: 2050, L:119, Loss: 8.886267518997192
2021-06-03 12:41:09,067 - Epoch: 0, Step: 2060, L:152, Loss: 8.433698403835297
2021-06-03 12:41:13,058 - Epoch: 0, Step: 2070, L:209, Loss: 9.099290609359741
2021-06-03 12:41:18,528 - Epoch: 0, Step: 2080, L:161, Loss: 8.360285329818726
2021-06-03 12:41:22,588 - Epoch: 0, Step: 2090, L:365, Loss: 9.227946949005126
2021-06-03 12:41:29,258 - Epoch: 0, Step: 2100, L:423, Loss: 8.829609489440918
2021-06-03 12:41:33,730 - Epoch: 0, Step: 2110, L:195, Loss: 8.778273487091065
2021-06-03 12:41:39,392 - Epoch: 0, Step: 2120, L:356, Loss: 8.283003664016723
2021-06-03 12:41:45,771 - Epoch: 0, Step: 2130, L:316, Loss: 8.597225379943847
2021-06-03 12:41:47,049 - Caught ValueError in DataLoader worker process 4.
Original Traceback (most recent call last):
  File "/home/syu/anaconda3/envs/protein/lib/python3.9/site-packages/torch/utils/data/_utils/worker.py", line 202, in _worker_loop
    data = fetcher.fetch(index)
  File "/home/syu/anaconda3/envs/protein/lib/python3.9/site-packages/torch/utils/data/_utils/fetch.py", line 44, in fetch
    data = [self.dataset[idx] for idx in possibly_batched_index]
  File "/home/syu/anaconda3/envs/protein/lib/python3.9/site-packages/torch/utils/data/_utils/fetch.py", line 44, in <listcomp>
    data = [self.dataset[idx] for idx in possibly_batched_index]
  File "/home/syu/protein/protein/dataset.py", line 64, in __getitem__
    dist = self.get_label(self.dist_dir+'/'+prot_name+'.npy')
  File "/home/syu/protein/protein/dataset.py", line 111, in get_label
    tmp_label = np.load(name)
  File "/home/syu/anaconda3/envs/protein/lib/python3.9/site-packages/numpy/lib/npyio.py", line 440, in load
    return format.read_array(fid, allow_pickle=allow_pickle,
  File "/home/syu/anaconda3/envs/protein/lib/python3.9/site-packages/numpy/lib/format.py", line 783, in read_array
    array.shape = shape
ValueError: cannot reshape array of size 9532 into shape (481,481)

