2021-05-19 18:37:14,040 - 20210519_183714_respre
2021-05-19 18:37:21,528 - Start training...
2021-05-19 18:37:25,540 - Epoch: 0, Step: 0, L:110, Loss: 1.4493308067321777
2021-05-19 18:37:39,257 - Epoch: 0, Step: 10, L:271, Loss: 1.0050967454910278
2021-05-19 18:37:47,908 - Epoch: 0, Step: 20, L:135, Loss: 1.0076034903526305
2021-05-19 18:38:00,683 - Epoch: 0, Step: 30, L:339, Loss: 0.9671395391225814
2021-05-19 18:38:03,236 - Epoch: 0, Step: 40, L:330, Loss: 1.0983851075172424
2021-05-19 18:38:11,729 - Epoch: 0, Step: 50, L:316, Loss: 0.9037035942077637
2021-05-19 18:38:15,303 - Epoch: 0, Step: 60, L:170, Loss: 0.9423017084598542
2021-05-19 18:38:24,814 - Epoch: 0, Step: 70, L:160, Loss: 1.0283099353313445
2021-05-19 18:38:28,019 - Epoch: 0, Step: 80, L:213, Loss: 0.8908934533596039
2021-05-19 18:38:31,188 - Epoch: 0, Step: 90, L:257, Loss: 0.9600484371185303
2021-05-19 18:38:35,101 - Epoch: 0, Step: 100, L:275, Loss: 0.8646810472011566
2021-05-19 18:38:38,409 - Epoch: 0, Step: 110, L:235, Loss: 0.988707447052002
2021-05-19 18:38:40,075 - Epoch: 0, Step: 120, L:101, Loss: 1.027181625366211
2021-05-19 18:38:52,994 - Epoch: 0, Step: 130, L:347, Loss: 0.9911329865455627
2021-05-19 18:39:05,011 - Epoch: 0, Step: 140, L:348, Loss: 0.9773917108774185
2021-05-19 18:39:14,538 - Epoch: 0, Step: 150, L:142, Loss: 1.0793527245521546
2021-05-19 18:39:19,783 - Epoch: 0, Step: 160, L:158, Loss: 0.8693344473838807
2021-05-19 18:39:23,003 - Epoch: 0, Step: 170, L:226, Loss: 0.9428488850593567
2021-05-19 18:39:28,410 - Epoch: 0, Step: 180, L:168, Loss: 0.9050337791442871
2021-05-19 18:39:31,504 - Epoch: 0, Step: 190, L:184, Loss: 0.8671398967504501
2021-05-19 18:39:38,386 - Epoch: 0, Step: 200, L:173, Loss: 0.92214115858078
2021-05-19 18:39:42,848 - Epoch: 0, Step: 210, L:167, Loss: 0.943574321269989
2021-05-19 18:39:51,351 - Epoch: 0, Step: 220, L:238, Loss: 0.8516844511032104
2021-05-19 18:39:54,961 - Epoch: 0, Step: 230, L:121, Loss: 1.0798425734043122
2021-05-19 18:40:11,220 - Epoch: 0, Step: 240, L:298, Loss: 0.9031675219535827
2021-05-19 18:40:17,021 - Epoch: 0, Step: 250, L:106, Loss: 0.9345609724521637
2021-05-19 18:40:22,107 - Epoch: 0, Step: 260, L:208, Loss: 1.0786635994911193
2021-05-19 18:40:28,274 - Epoch: 0, Step: 270, L:185, Loss: 0.8716508448123932
2021-05-19 18:40:32,992 - Epoch: 0, Step: 280, L:220, Loss: 0.9069787204265595
2021-05-19 18:40:36,691 - Epoch: 0, Step: 290, L:373, Loss: 0.9954950034618377
2021-05-19 18:40:46,664 - Epoch: 0, Step: 300, L:499, Loss: 0.9023354768753051
2021-05-19 18:40:50,762 - Epoch: 0, Step: 310, L:376, Loss: 0.8693697899580002
2021-05-19 18:40:53,500 - Epoch: 0, Step: 320, L:157, Loss: 1.057982039451599
2021-05-19 18:41:00,017 - Epoch: 0, Step: 330, L:130, Loss: 1.0142478883266448
2021-05-19 18:41:12,866 - Epoch: 0, Step: 340, L:189, Loss: 0.9834664106369019
2021-05-19 18:41:19,445 - Epoch: 0, Step: 350, L:106, Loss: 0.9574118793010712
2021-05-19 18:41:24,785 - Epoch: 0, Step: 360, L:155, Loss: 0.9431777954101562
2021-05-19 18:41:29,741 - Epoch: 0, Step: 370, L:212, Loss: 0.9479162037372589
2021-05-19 18:41:36,486 - Epoch: 0, Step: 380, L:440, Loss: 0.9574744820594787
2021-05-19 18:41:40,514 - Epoch: 0, Step: 390, L:343, Loss: 0.9645319700241088
2021-05-19 18:41:44,543 - Epoch: 0, Step: 400, L:326, Loss: 1.0124999582767487
2021-05-19 18:41:49,526 - Epoch: 0, Step: 410, L:281, Loss: 0.9269707381725312
2021-05-19 18:41:59,051 - Epoch: 0, Step: 420, L:306, Loss: 0.9189337849617004
2021-05-19 18:42:04,089 - Epoch: 0, Step: 430, L:177, Loss: 0.8773560464382172
2021-05-19 18:42:10,842 - Epoch: 0, Step: 440, L:326, Loss: 1.0537729740142823
2021-05-19 18:42:22,692 - Epoch: 0, Step: 450, L:306, Loss: 0.8921041369438172
2021-05-19 18:42:31,344 - Epoch: 0, Step: 460, L:146, Loss: 0.6820701539516449
2021-05-19 18:42:35,081 - Epoch: 0, Step: 470, L:180, Loss: 0.9984582096338273
2021-05-19 18:42:38,515 - Epoch: 0, Step: 480, L:121, Loss: 1.0037496209144592
2021-05-19 18:42:42,517 - Epoch: 0, Step: 490, L:145, Loss: 0.9769992530345917
2021-05-19 18:42:51,782 - Epoch: 0, Step: 500, L:422, Loss: 0.7919447928667068
2021-05-19 18:42:56,420 - Epoch: 0, Step: 510, L:271, Loss: 0.7718774765729904
2021-05-19 18:42:59,625 - Epoch: 0, Step: 520, L:213, Loss: 1.0122004210948945
2021-05-19 18:43:04,095 - Epoch: 0, Step: 530, L:110, Loss: 0.877833154797554
2021-05-19 18:43:23,414 - Epoch: 0, Step: 540, L:160, Loss: 0.92530357837677
2021-05-19 18:43:30,428 - Epoch: 0, Step: 550, L:329, Loss: 0.9449627161026001
2021-05-19 18:43:43,304 - Epoch: 0, Step: 560, L:308, Loss: 0.8598133146762847
2021-05-19 18:43:49,113 - Epoch: 0, Step: 570, L:162, Loss: 0.9438832938671112
2021-05-19 18:43:51,776 - Epoch: 0, Step: 580, L:271, Loss: 0.861584734916687
2021-05-19 18:43:56,268 - Epoch: 0, Step: 590, L:202, Loss: 0.8396208226680756
2021-05-19 18:44:07,998 - Epoch: 0, Step: 600, L:449, Loss: 0.8381665974855423
2021-05-19 18:44:10,764 - Epoch: 0, Step: 610, L:240, Loss: 0.9455237209796905
2021-05-19 18:44:26,473 - Epoch: 0, Step: 620, L:341, Loss: 0.9195056557655334
2021-05-19 18:44:30,046 - Epoch: 0, Step: 630, L:279, Loss: 0.7591217756271362
2021-05-19 18:44:46,871 - Epoch: 0, Step: 640, L:405, Loss: 0.7611489593982697
2021-05-19 18:44:49,805 - Epoch: 0, Step: 650, L:341, Loss: 0.8864933311939239
2021-05-19 18:44:53,789 - Epoch: 0, Step: 660, L:467, Loss: 0.8790088057518005
2021-05-19 18:44:56,769 - Epoch: 0, Step: 670, L:116, Loss: 0.9574560999870301
2021-05-19 18:44:59,459 - Epoch: 0, Step: 680, L:304, Loss: 0.8805018842220307
2021-05-19 18:45:02,655 - Epoch: 0, Step: 690, L:302, Loss: 1.039318722486496
2021-05-19 18:45:04,798 - Epoch: 0, Step: 700, L:119, Loss: 1.0103581845760345
2021-05-19 18:45:10,947 - Epoch: 0, Step: 710, L:266, Loss: 0.9487660229206085
2021-05-19 18:45:23,614 - Epoch: 0, Step: 720, L:323, Loss: 0.7818328410387039
2021-05-19 18:45:36,083 - Epoch: 0, Step: 730, L:252, Loss: 0.898841142654419
2021-05-19 18:45:43,327 - Epoch: 0, Step: 740, L:344, Loss: 0.8943101823329925
2021-05-19 18:45:48,748 - Epoch: 0, Step: 750, L:254, Loss: 0.875199842453003
2021-05-19 18:45:54,378 - Epoch: 0, Step: 760, L:149, Loss: 0.7958739668130874
2021-05-19 18:45:57,729 - Epoch: 0, Step: 770, L:174, Loss: 0.8588172167539596
2021-05-19 18:46:05,842 - Epoch: 0, Step: 780, L:413, Loss: 0.8859177112579346
2021-05-19 18:46:09,028 - Epoch: 0, Step: 790, L:180, Loss: 0.9805721938610077
2021-05-19 18:46:14,209 - Epoch: 0, Step: 800, L:438, Loss: 0.8418030977249146
2021-05-19 18:46:33,525 - Epoch: 0, Step: 810, L:271, Loss: 0.8461412817239762
2021-05-19 18:46:38,957 - Epoch: 0, Step: 820, L:143, Loss: 0.8810798764228821
2021-05-19 18:46:47,042 - Epoch: 0, Step: 830, L:130, Loss: 0.862558799982071
2021-05-19 18:46:53,040 - Epoch: 0, Step: 840, L:205, Loss: 0.8143914043903351
2021-05-19 18:46:56,367 - Epoch: 0, Step: 850, L:125, Loss: 0.9196023941040039
2021-05-19 18:47:05,580 - Epoch: 0, Step: 860, L:275, Loss: 0.9749375462532044
2021-05-19 18:47:07,726 - Epoch: 0, Step: 870, L:117, Loss: 0.9974418818950653
2021-05-19 18:47:11,875 - Epoch: 0, Step: 880, L:348, Loss: 0.9300311625003814
2021-05-19 18:47:35,137 - Epoch: 0, Step: 890, L:214, Loss: 0.9123098462820053
2021-05-19 18:47:39,492 - Epoch: 0, Step: 900, L:146, Loss: 0.853374320268631
2021-05-19 18:47:46,768 - Epoch: 0, Step: 910, L:121, Loss: 1.0229544937610626
2021-05-19 18:47:51,832 - Epoch: 0, Step: 920, L:298, Loss: 0.8531126141548157
2021-05-19 18:47:58,072 - Epoch: 0, Step: 930, L:483, Loss: 0.8169205486774445
2021-05-19 18:48:00,665 - Epoch: 0, Step: 940, L:196, Loss: 0.8268991649150849
2021-05-19 18:48:02,395 - Epoch: 0, Step: 950, L:243, Loss: 1.0257499933242797
2021-05-19 18:48:05,233 - Epoch: 0, Step: 960, L:351, Loss: 0.8747897565364837
2021-05-19 18:48:07,001 - Epoch: 0, Step: 970, L:243, Loss: 0.8497328579425811
2021-05-19 18:48:21,290 - Epoch: 0, Step: 980, L:120, Loss: 0.8992991805076599
2021-05-19 18:48:25,443 - Epoch: 0, Step: 990, L:348, Loss: 1.0592725574970245
2021-05-19 18:48:31,519 - Epoch: 0, Step: 1000, L:297, Loss: 0.8856853723526001
2021-05-19 18:48:42,009 - Epoch: 0, Step: 1010, L:356, Loss: 0.9120104610919952
2021-05-19 18:48:48,162 - Epoch: 0, Step: 1020, L:446, Loss: 0.8490734100341797
2021-05-19 18:48:58,570 - Epoch: 0, Step: 1030, L:210, Loss: 0.8601687610149383
2021-05-19 18:49:04,133 - Epoch: 0, Step: 1040, L:477, Loss: 0.8189903438091278
2021-05-19 18:49:06,847 - Epoch: 0, Step: 1050, L:131, Loss: 0.940472537279129
2021-05-19 18:49:09,867 - Epoch: 0, Step: 1060, L:169, Loss: 0.8949123561382294
2021-05-19 18:49:12,892 - Epoch: 0, Step: 1070, L:238, Loss: 0.897300410270691
2021-05-19 18:49:16,773 - Epoch: 0, Step: 1080, L:167, Loss: 1.075615608692169
2021-05-19 18:49:36,904 - Epoch: 0, Step: 1090, L:131, Loss: 0.9024980753660202
2021-05-19 18:49:45,404 - Epoch: 0, Step: 1100, L:427, Loss: 0.7551178872585297
2021-05-19 18:49:51,139 - Epoch: 0, Step: 1110, L:141, Loss: 0.9128118872642517
2021-05-19 18:49:54,607 - Epoch: 0, Step: 1120, L:105, Loss: 1.0091195106506348
2021-05-19 18:49:58,989 - Epoch: 0, Step: 1130, L:125, Loss: 0.8307299494743348
2021-05-19 18:50:03,492 - Epoch: 0, Step: 1140, L:249, Loss: 0.9040095925331115
2021-05-19 18:50:09,305 - Epoch: 0, Step: 1150, L:426, Loss: 0.8765269458293915
2021-05-19 18:50:19,576 - Epoch: 0, Step: 1160, L:139, Loss: 0.8175702184438706
2021-05-19 18:50:24,919 - Epoch: 0, Step: 1170, L:445, Loss: 0.9554949939250946
2021-05-19 18:50:29,480 - Epoch: 0, Step: 1180, L:350, Loss: 0.873074072599411
2021-05-19 18:50:37,790 - Epoch: 0, Step: 1190, L:155, Loss: 0.9061372876167297
2021-05-19 18:50:49,797 - Epoch: 0, Step: 1200, L:304, Loss: 0.7727284491062164
2021-05-19 18:50:54,860 - Epoch: 0, Step: 1210, L:126, Loss: 0.9422529518604279
2021-05-19 18:50:57,728 - Epoch: 0, Step: 1220, L:178, Loss: 0.9896689295768738
2021-05-19 18:51:07,355 - Epoch: 0, Step: 1230, L:393, Loss: 0.8284832507371902
2021-05-19 18:51:10,580 - Epoch: 0, Step: 1240, L:167, Loss: 0.9187860190868378
2021-05-19 18:51:15,246 - Epoch: 0, Step: 1250, L:294, Loss: 0.946278554201126
2021-05-19 18:51:19,497 - Epoch: 0, Step: 1260, L:365, Loss: 0.8494457840919495
2021-05-19 18:51:23,209 - Epoch: 0, Step: 1270, L:159, Loss: 0.832853227853775
2021-05-19 18:51:27,895 - Epoch: 0, Step: 1280, L:162, Loss: 1.0568108141422272
2021-05-19 18:51:42,431 - Epoch: 0, Step: 1290, L:116, Loss: 0.8171270728111267
2021-05-19 18:51:45,621 - Epoch: 0, Step: 1300, L:319, Loss: 0.8679916977882385
2021-05-19 18:51:52,269 - Epoch: 0, Step: 1310, L:128, Loss: 0.9322230964899063
2021-05-19 18:51:57,420 - Epoch: 0, Step: 1320, L:143, Loss: 0.8076164156198502
2021-05-19 18:52:04,046 - Epoch: 0, Step: 1330, L:105, Loss: 0.9433460682630539
2021-05-19 18:52:08,961 - Epoch: 0, Step: 1340, L:312, Loss: 0.858657854795456
2021-05-19 18:52:11,877 - Epoch: 0, Step: 1350, L:362, Loss: 0.7406978189945221
2021-05-19 18:52:14,792 - Epoch: 0, Step: 1360, L:214, Loss: 0.8367770791053772
2021-05-19 18:52:21,847 - Epoch: 0, Step: 1370, L:206, Loss: 0.9131311476230621
2021-05-19 18:52:24,272 - Epoch: 0, Step: 1380, L:234, Loss: 0.9231553971767426
2021-05-19 18:52:48,552 - Epoch: 0, Step: 1390, L:476, Loss: 0.7324128568172454
2021-05-19 18:52:56,548 - Epoch: 0, Step: 1400, L:145, Loss: 0.8235426068305969
2021-05-19 18:53:01,507 - Epoch: 0, Step: 1410, L:455, Loss: 0.8482562959194183
2021-05-19 18:53:07,750 - Epoch: 0, Step: 1420, L:244, Loss: 0.9202513277530671
2021-05-19 18:53:11,179 - Epoch: 0, Step: 1430, L:285, Loss: 0.8286907196044921
2021-05-19 18:53:21,643 - Epoch: 0, Step: 1440, L:203, Loss: 0.8881548941135406
2021-05-19 18:53:24,298 - Epoch: 0, Step: 1450, L:293, Loss: 0.9069328367710113
2021-05-19 18:53:28,802 - Epoch: 0, Step: 1460, L:151, Loss: 0.9644199728965759
2021-05-19 18:53:38,801 - Epoch: 0, Step: 1470, L:126, Loss: 0.8938262283802032
2021-05-19 18:53:41,250 - Epoch: 0, Step: 1480, L:220, Loss: 0.9678108930587769
2021-05-19 18:53:48,581 - Epoch: 0, Step: 1490, L:178, Loss: 0.9152833998203278
2021-05-19 18:53:54,420 - Epoch: 0, Step: 1500, L:252, Loss: 0.9007654786109924
2021-05-19 18:53:59,949 - Epoch: 0, Step: 1510, L:135, Loss: 0.7661581218242646
2021-05-19 18:54:04,704 - Epoch: 0, Step: 1520, L:190, Loss: 0.8357710421085358
2021-05-19 18:54:08,243 - Epoch: 0, Step: 1530, L:111, Loss: 0.9490052103996277
2021-05-19 18:54:10,516 - Epoch: 0, Step: 1540, L:235, Loss: 0.9836553931236267
2021-05-19 18:54:18,584 - Epoch: 0, Step: 1550, L:295, Loss: 0.8499442100524902
2021-05-19 18:54:35,078 - Epoch: 0, Step: 1560, L:138, Loss: 0.80932736992836
2021-05-19 18:54:37,957 - Epoch: 0, Step: 1570, L:136, Loss: 0.8812259316444397
2021-05-19 18:54:41,664 - Epoch: 0, Step: 1580, L:129, Loss: 0.9571825921535492
2021-05-19 18:54:48,238 - Epoch: 0, Step: 1590, L:112, Loss: 0.948842316865921
2021-05-19 18:54:53,627 - Epoch: 0, Step: 1600, L:375, Loss: 0.7886988043785095
2021-05-19 18:54:56,537 - Epoch: 0, Step: 1610, L:105, Loss: 0.9735096365213394
2021-05-19 18:55:05,549 - Epoch: 0, Step: 1620, L:148, Loss: 0.8557862609624862
2021-05-19 18:55:08,759 - Epoch: 0, Step: 1630, L:280, Loss: 0.8638640344142914
2021-05-19 18:55:13,858 - Epoch: 0, Step: 1640, L:120, Loss: 0.9427062690258026
2021-05-19 18:55:26,736 - Epoch: 0, Step: 1650, L:383, Loss: 0.9478598713874817
2021-05-19 18:55:31,668 - Epoch: 0, Step: 1660, L:299, Loss: 0.9283589839935302
2021-05-19 18:55:35,213 - Epoch: 0, Step: 1670, L:186, Loss: 0.8672666102647781
2021-05-19 18:55:42,573 - Epoch: 0, Step: 1680, L:356, Loss: 0.9071483135223388
2021-05-19 18:55:47,124 - Epoch: 0, Step: 1690, L:301, Loss: 0.9324080169200897
2021-05-19 18:55:54,832 - Epoch: 0, Step: 1700, L:183, Loss: 0.8744197458028793
2021-05-19 18:55:59,183 - Epoch: 0, Step: 1710, L:243, Loss: 0.7276962250471115
2021-05-19 18:56:03,463 - Epoch: 0, Step: 1720, L:203, Loss: 0.7613465964794159
2021-05-19 18:56:09,364 - Epoch: 0, Step: 1730, L:258, Loss: 0.9069426655769348
2021-05-19 18:56:12,880 - Epoch: 0, Step: 1740, L:168, Loss: 0.9253507852554321
2021-05-19 18:56:16,071 - Epoch: 0, Step: 1750, L:153, Loss: 1.0261672139167786
2021-05-19 18:56:33,881 - Epoch: 0, Step: 1760, L:217, Loss: 0.7848551571369171
2021-05-19 18:56:41,110 - Epoch: 0, Step: 1770, L:256, Loss: 0.802652794122696
2021-05-19 18:56:47,056 - Epoch: 0, Step: 1780, L:246, Loss: 0.7884200006723404
2021-05-19 18:56:51,939 - Epoch: 0, Step: 1790, L:129, Loss: 0.9262459486722946
2021-05-19 18:56:57,842 - Epoch: 0, Step: 1800, L:402, Loss: 0.8758233308792114
2021-05-19 18:57:00,094 - Epoch: 0, Step: 1810, L:120, Loss: 1.0447574973106384
2021-05-19 18:57:09,626 - Epoch: 0, Step: 1820, L:185, Loss: 0.9272830069065094
2021-05-19 18:57:23,790 - Epoch: 0, Step: 1830, L:112, Loss: 0.9002202808856964
2021-05-19 18:57:28,387 - Epoch: 0, Step: 1840, L:268, Loss: 0.8428387939929962
2021-05-19 18:57:37,997 - Epoch: 0, Step: 1850, L:129, Loss: 0.8545503675937652
2021-05-19 18:57:41,234 - Epoch: 0, Step: 1860, L:257, Loss: 0.9389592170715332
2021-05-19 18:57:46,548 - Epoch: 0, Step: 1870, L:119, Loss: 0.9492619037628174
2021-05-19 18:57:50,115 - Epoch: 0, Step: 1880, L:108, Loss: 0.9953149676322937
2021-05-19 18:57:52,624 - Epoch: 0, Step: 1890, L:106, Loss: 0.9391659140586853
2021-05-19 18:57:57,329 - Epoch: 0, Step: 1900, L:260, Loss: 0.8560835957527161
2021-05-19 18:58:02,003 - Epoch: 0, Step: 1910, L:185, Loss: 0.8962450206279755
2021-05-19 18:58:14,663 - Epoch: 0, Step: 1920, L:209, Loss: 0.8347872585058213
2021-05-19 18:58:24,087 - Epoch: 0, Step: 1930, L:324, Loss: 0.91053386926651
2021-05-19 18:58:27,882 - Epoch: 0, Step: 1940, L:180, Loss: 0.9177554070949554
2021-05-19 18:58:36,686 - Epoch: 0, Step: 1950, L:400, Loss: 0.9125239133834839
2021-05-19 18:58:40,483 - Epoch: 0, Step: 1960, L:387, Loss: 0.8598266065120697
2021-05-19 18:58:44,324 - Epoch: 0, Step: 1970, L:135, Loss: 0.9402456760406495
2021-05-19 18:58:55,930 - Epoch: 0, Step: 1980, L:480, Loss: 0.8648864686489105
2021-05-19 18:59:00,305 - Epoch: 0, Step: 1990, L:472, Loss: 0.8399341404438019
2021-05-19 18:59:21,792 - Epoch: 0, Step: 2000, L:380, Loss: 0.8835522890090942
2021-05-19 18:59:25,236 - Epoch: 0, Step: 2010, L:152, Loss: 0.7834658831357956
2021-05-19 18:59:30,287 - Epoch: 0, Step: 2020, L:298, Loss: 0.8263593733310699
2021-05-19 18:59:38,278 - Epoch: 0, Step: 2030, L:408, Loss: 0.8204251289367676
2021-05-19 18:59:42,880 - Epoch: 0, Step: 2040, L:151, Loss: 0.7428998738527298
2021-05-19 18:59:46,578 - Epoch: 0, Step: 2050, L:220, Loss: 1.01626016497612
2021-05-19 18:59:53,285 - Epoch: 0, Step: 2060, L:182, Loss: 0.9117039263248443
2021-05-19 18:59:56,623 - Epoch: 0, Step: 2070, L:336, Loss: 0.8839356750249863
2021-05-19 19:00:04,779 - Epoch: 0, Step: 2080, L:433, Loss: 0.9255623757839203
2021-05-19 19:00:08,012 - Epoch: 0, Step: 2090, L:311, Loss: 0.9804415285587311
2021-05-19 19:00:14,568 - Epoch: 0, Step: 2100, L:227, Loss: 0.8650589525699616
2021-05-19 19:00:22,474 - Epoch: 0, Step: 2110, L:256, Loss: 1.000832849740982
2021-05-19 19:00:35,379 - Epoch: 0, Step: 2120, L:360, Loss: 0.8349954843521118
2021-05-19 19:00:42,988 - Epoch: 0, Step: 2130, L:171, Loss: 0.6618389278650284
2021-05-19 19:00:48,080 - Epoch: 0, Step: 2140, L:111, Loss: 0.9020515024662018
2021-05-19 19:00:53,291 - Epoch: 0, Step: 2150, L:231, Loss: 0.8782135605812073
2021-05-19 19:00:58,647 - Epoch: 0, Step: 2160, L:394, Loss: 0.8248254776000976
2021-05-19 19:01:00,905 - Epoch: 0, Step: 2170, L:102, Loss: 0.901755279302597
2021-05-19 19:01:07,165 - Epoch: 0, Step: 2180, L:112, Loss: 0.8318517506122589
2021-05-19 19:01:12,274 - Epoch: 0, Step: 2190, L:391, Loss: 0.8183479964733124
2021-05-19 19:01:23,163 - Epoch: 0, Step: 2200, L:104, Loss: 0.9454778909683228
2021-05-19 19:01:26,297 - Epoch: 0, Step: 2210, L:117, Loss: 0.8164010912179946
2021-05-19 19:01:35,234 - Epoch: 0, Step: 2220, L:384, Loss: 0.8510097622871399
2021-05-19 19:01:42,590 - Epoch: 0, Step: 2230, L:109, Loss: 0.8685842871665954
2021-05-19 19:01:55,866 - Epoch: 0, Step: 2240, L:162, Loss: 0.6697499811649322
2021-05-19 19:02:00,405 - Epoch: 0, Step: 2250, L:301, Loss: 0.8519608378410339
2021-05-19 19:02:04,107 - Epoch: 0, Step: 2260, L:212, Loss: 0.8193343937397003
2021-05-19 19:02:06,621 - Epoch: 0, Step: 2270, L:241, Loss: 0.7342423260211944
2021-05-19 19:02:08,574 - Epoch: 0, Step: 2280, L:137, Loss: 0.8229669213294983
2021-05-19 19:02:11,371 - Epoch: 0, Step: 2290, L:201, Loss: 0.9169404029846191
2021-05-19 19:02:24,759 - Epoch: 0, Step: 2300, L:219, Loss: 0.8929907798767089
2021-05-19 19:02:31,515 - Epoch: 0, Step: 2310, L:180, Loss: 0.6972105085849762
2021-05-19 19:02:39,056 - Epoch: 0, Step: 2320, L:303, Loss: 0.829673457145691
2021-05-19 19:02:42,628 - Epoch: 0, Step: 2330, L:196, Loss: 0.8947606265544892
2021-05-19 19:02:57,471 - Epoch: 0, Step: 2340, L:281, Loss: 0.7867276608943939
2021-05-19 19:03:01,519 - Epoch: 0, Step: 2350, L:119, Loss: 0.9850422859191894
2021-05-19 19:03:05,219 - Epoch: 0, Step: 2360, L:188, Loss: 0.8175620809197426
2021-05-19 19:03:13,100 - Epoch: 0, Step: 2370, L:444, Loss: 0.803100311756134
2021-05-19 19:03:15,384 - Epoch: 0, Step: 2380, L:400, Loss: 0.9690635442733765
2021-05-19 19:03:20,053 - Epoch: 0, Step: 2390, L:371, Loss: 0.8416734784841537
2021-05-19 19:03:26,922 - Epoch: 0, Step: 2400, L:146, Loss: 0.9160944044589996
2021-05-19 19:03:31,303 - Epoch: 0, Step: 2410, L:235, Loss: 0.9319680213928223
2021-05-19 19:03:43,535 - Epoch: 0, Step: 2420, L:168, Loss: 0.8465826630592346
2021-05-19 19:03:51,465 - Epoch: 0, Step: 2430, L:228, Loss: 0.8637939929962158
2021-05-19 19:03:55,885 - Epoch: 0, Step: 2440, L:169, Loss: 0.9912737607955933
2021-05-19 19:04:03,690 - Epoch: 0, Step: 2450, L:381, Loss: 0.8414192855358124
2021-05-19 19:04:08,468 - Epoch: 0, Step: 2460, L:162, Loss: 0.8709979116916656
2021-05-19 19:04:15,947 - Epoch: 0, Step: 2470, L:159, Loss: 0.8001491814851761
2021-05-19 19:04:18,893 - Epoch: 0, Step: 2480, L:196, Loss: 0.9121776998043061
2021-05-19 19:04:22,398 - Epoch: 0, Step: 2490, L:201, Loss: 0.9041232466697693
2021-05-19 19:04:26,977 - Epoch: 0, Step: 2500, L:213, Loss: 0.9096345961093902
2021-05-19 19:04:48,082 - Epoch: 0, Step: 2510, L:207, Loss: 0.8192967891693115
2021-05-19 19:04:53,589 - Epoch: 0, Step: 2520, L:213, Loss: 0.8288413166999817
2021-05-19 19:04:59,049 - Epoch: 0, Step: 2530, L:202, Loss: 0.84155313372612
2021-05-19 19:05:04,613 - Epoch: 0, Step: 2540, L:285, Loss: 0.8689308345317841
2021-05-19 19:05:08,816 - Epoch: 0, Step: 2550, L:104, Loss: 0.9616275727748871
2021-05-19 19:05:13,731 - Epoch: 0, Step: 2560, L:127, Loss: 0.7663629472255706
2021-05-19 19:05:22,012 - Epoch: 0, Step: 2570, L:126, Loss: 0.7264046400785447
2021-05-19 19:05:25,157 - Epoch: 0, Step: 2580, L:216, Loss: 0.9003557860851288
2021-05-19 19:05:29,972 - Epoch: 0, Step: 2590, L:109, Loss: 0.9246090620756149
2021-05-19 19:05:32,206 - Epoch: 0, Step: 2600, L:106, Loss: 0.9283178150653839
2021-05-19 19:05:55,380 - Epoch: 0, Step: 2610, L:263, Loss: 0.7649398922920227
2021-05-19 19:06:00,554 - Epoch: 0, Step: 2620, L:335, Loss: 0.990973973274231
2021-05-19 19:06:06,648 - Epoch: 0, Step: 2630, L:138, Loss: 0.8010001122951508
2021-05-19 19:06:10,487 - Epoch: 0, Step: 2640, L:379, Loss: 0.8666449666023255
2021-05-19 19:06:13,268 - Epoch: 0, Step: 2650, L:237, Loss: 0.9596927344799042
2021-05-19 19:06:21,716 - Epoch: 0, Step: 2660, L:158, Loss: 0.7976614281535148
2021-05-19 19:06:30,709 - Epoch: 0, Step: 2670, L:255, Loss: 0.901932418346405
2021-05-19 19:06:33,603 - Epoch: 0, Step: 2680, L:113, Loss: 0.7726780414581299
2021-05-19 19:06:39,428 - Epoch: 0, Step: 2690, L:433, Loss: 0.8811295837163925
2021-05-19 19:06:47,106 - Epoch: 0, Step: 2700, L:144, Loss: 0.8852172434329987
2021-05-19 19:07:09,657 - Epoch: 0, Step: 2710, L:168, Loss: 0.8167729586362839
2021-05-19 19:07:14,840 - Epoch: 0, Step: 2720, L:393, Loss: 0.7303095459938049
2021-05-19 19:07:19,696 - Epoch: 0, Step: 2730, L:423, Loss: 0.915709662437439
2021-05-19 19:07:23,429 - Epoch: 0, Step: 2740, L:123, Loss: 0.9393294870853424
2021-05-19 19:07:26,852 - Epoch: 0, Step: 2750, L:246, Loss: 0.9074738919734955
2021-05-19 19:07:29,643 - Epoch: 0, Step: 2760, L:243, Loss: 0.9702709794044495
2021-05-19 19:07:48,799 - Epoch: 0, Step: 2770, L:490, Loss: 0.7519567549228668
2021-05-19 19:07:55,330 - Epoch: 0, Step: 2780, L:245, Loss: 0.9685651242733002
2021-05-19 19:08:02,682 - Epoch: 0, Step: 2790, L:382, Loss: 0.7943327903747559
2021-05-19 19:08:08,565 - Epoch: 0, Step: 2800, L:146, Loss: 0.9254263907670974
2021-05-19 19:08:17,603 - Epoch: 0, Step: 2810, L:127, Loss: 0.7962587028741837
2021-05-19 19:08:25,150 - Epoch: 0, Step: 2820, L:134, Loss: 0.8528773605823516
2021-05-19 19:08:35,910 - Epoch: 0, Step: 2830, L:129, Loss: 0.7191303461790085
2021-05-19 19:08:41,258 - Epoch: 0, Step: 2840, L:474, Loss: 0.9945179432630539
2021-05-19 19:08:52,877 - Epoch: 0, Step: 2850, L:173, Loss: 0.7931499242782593
2021-05-19 19:09:01,421 - Epoch: 0, Step: 2860, L:298, Loss: 0.8526873052120209
2021-05-19 19:09:08,192 - Epoch: 0, Step: 2870, L:276, Loss: 0.8117985844612121
2021-05-19 19:09:18,542 - Epoch: 0, Step: 2880, L:218, Loss: 0.8130127012729644
2021-05-19 19:09:25,006 - Epoch: 0, Step: 2890, L:335, Loss: 0.8915241330862045
2021-05-19 19:09:36,764 - Epoch: 0, Step: 2900, L:276, Loss: 0.8305403828620911
2021-05-19 19:09:40,906 - Epoch: 0, Step: 2910, L:128, Loss: 0.8107061088085175
2021-05-19 19:09:45,184 - Epoch: 0, Step: 2920, L:398, Loss: 0.6850955486297607
2021-05-19 19:09:47,670 - Epoch: 0, Step: 2930, L:283, Loss: 0.9264151930809021
2021-05-19 19:09:51,821 - Epoch: 0, Step: 2940, L:110, Loss: 0.9242880821228028
2021-05-19 19:09:54,760 - Epoch: 0, Step: 2950, L:146, Loss: 0.9964464485645295
2021-05-19 19:10:00,300 - Epoch: 0, Step: 2960, L:177, Loss: 0.9399628162384033
2021-05-19 19:10:12,738 - Epoch: 0, Step: 2970, L:113, Loss: 0.8623300433158875
2021-05-19 19:10:15,867 - Epoch: 0, Step: 2980, L:202, Loss: 0.8443020194768905
2021-05-19 19:10:21,922 - Epoch: 0, Step: 2990, L:192, Loss: 0.9263364851474762
2021-05-19 19:10:37,625 - Start evaluating...
2021-05-19 19:10:41,637 - Evaluation: 0 / 1219
2021-05-19 19:10:56,479 - Evaluation: 10 / 1219
2021-05-19 19:10:59,465 - Evaluation: 20 / 1219
2021-05-19 19:11:00,979 - Evaluation: 30 / 1219
2021-05-19 19:11:16,165 - Evaluation: 40 / 1219
2021-05-19 19:11:18,011 - Evaluation: 50 / 1219
2021-05-19 19:11:24,839 - Evaluation: 60 / 1219
2021-05-19 19:11:25,571 - Evaluation: 70 / 1219
2021-05-19 19:11:27,170 - Evaluation: 80 / 1219
2021-05-19 19:11:32,647 - Evaluation: 90 / 1219
2021-05-19 19:11:35,643 - Evaluation: 100 / 1219
2021-05-19 19:11:38,001 - Evaluation: 110 / 1219
2021-05-19 19:11:41,562 - Evaluation: 120 / 1219
2021-05-19 19:11:46,079 - Evaluation: 130 / 1219
2021-05-19 19:11:51,061 - Evaluation: 140 / 1219
2021-05-19 19:11:53,927 - Evaluation: 150 / 1219
2021-05-19 19:11:58,106 - Evaluation: 160 / 1219
2021-05-19 19:11:59,400 - Evaluation: 170 / 1219
2021-05-19 19:12:06,993 - Evaluation: 180 / 1219
2021-05-19 19:12:11,291 - Evaluation: 190 / 1219
2021-05-19 19:12:13,253 - Evaluation: 200 / 1219
2021-05-19 19:12:16,288 - Evaluation: 210 / 1219
2021-05-19 19:12:17,204 - Evaluation: 220 / 1219
2021-05-19 19:12:23,003 - Evaluation: 230 / 1219
2021-05-19 19:12:28,632 - Evaluation: 240 / 1219
2021-05-19 19:12:30,706 - Evaluation: 250 / 1219
2021-05-19 19:12:37,190 - Evaluation: 260 / 1219
2021-05-19 19:12:39,042 - Evaluation: 270 / 1219
2021-05-19 19:12:41,673 - Evaluation: 280 / 1219
2021-05-19 19:12:46,087 - Evaluation: 290 / 1219
2021-05-19 19:12:51,278 - Evaluation: 300 / 1219
2021-05-19 19:12:52,803 - Evaluation: 310 / 1219
2021-05-19 19:12:56,605 - Evaluation: 320 / 1219
2021-05-19 19:12:58,815 - Evaluation: 330 / 1219
2021-05-19 19:13:04,942 - Evaluation: 340 / 1219
2021-05-19 19:13:07,119 - Evaluation: 350 / 1219
2021-05-19 19:13:12,532 - Evaluation: 360 / 1219
2021-05-19 19:13:15,711 - Evaluation: 370 / 1219
2021-05-19 19:13:20,559 - Evaluation: 380 / 1219
2021-05-19 19:13:21,668 - Evaluation: 390 / 1219
2021-05-19 19:13:28,606 - Evaluation: 400 / 1219
2021-05-19 19:13:30,964 - Evaluation: 410 / 1219
2021-05-19 19:13:32,060 - Evaluation: 420 / 1219
2021-05-19 19:13:41,302 - Evaluation: 430 / 1219
2021-05-19 19:13:42,761 - Evaluation: 440 / 1219
2021-05-19 19:13:50,323 - Evaluation: 450 / 1219
2021-05-19 19:13:51,244 - Evaluation: 460 / 1219
2021-05-19 19:13:54,564 - Evaluation: 470 / 1219
2021-05-19 19:13:56,929 - Evaluation: 480 / 1219
2021-05-19 19:14:02,019 - Evaluation: 490 / 1219
2021-05-19 19:14:06,950 - Evaluation: 500 / 1219
2021-05-19 19:14:08,282 - Evaluation: 510 / 1219
2021-05-19 19:14:14,262 - Evaluation: 520 / 1219
2021-05-19 19:14:15,451 - Evaluation: 530 / 1219
2021-05-19 19:14:17,204 - Evaluation: 540 / 1219
2021-05-19 19:14:21,326 - Evaluation: 550 / 1219
2021-05-19 19:14:27,619 - Evaluation: 560 / 1219
2021-05-19 19:14:31,459 - Evaluation: 570 / 1219
2021-05-19 19:14:32,929 - Evaluation: 580 / 1219
2021-05-19 19:14:34,139 - Evaluation: 590 / 1219
2021-05-19 19:14:39,328 - Evaluation: 600 / 1219
2021-05-19 19:14:40,321 - Evaluation: 610 / 1219
2021-05-19 19:14:51,449 - Evaluation: 620 / 1219
2021-05-19 19:14:52,638 - Evaluation: 630 / 1219
2021-05-19 19:14:54,500 - Evaluation: 640 / 1219
2021-05-19 19:14:57,429 - Evaluation: 650 / 1219
2021-05-19 19:15:04,073 - Evaluation: 660 / 1219
2021-05-19 19:15:09,089 - Evaluation: 670 / 1219
2021-05-19 19:15:12,175 - Evaluation: 680 / 1219
2021-05-19 19:15:13,123 - Evaluation: 690 / 1219
2021-05-19 19:15:15,641 - Evaluation: 700 / 1219
2021-05-19 19:15:19,653 - Evaluation: 710 / 1219
2021-05-19 19:15:21,175 - Evaluation: 720 / 1219
2021-05-19 19:15:28,085 - Evaluation: 730 / 1219
2021-05-19 19:15:32,446 - Evaluation: 740 / 1219
2021-05-19 19:15:34,106 - Evaluation: 750 / 1219
2021-05-19 19:15:38,568 - Evaluation: 760 / 1219
2021-05-19 19:15:39,571 - Evaluation: 770 / 1219
2021-05-19 19:15:46,487 - Evaluation: 780 / 1219
2021-05-19 19:15:47,729 - Evaluation: 790 / 1219
2021-05-19 19:15:52,447 - Evaluation: 800 / 1219
2021-05-19 19:15:53,987 - Evaluation: 810 / 1219
2021-05-19 19:16:01,937 - Evaluation: 820 / 1219
2021-05-19 19:16:03,551 - Evaluation: 830 / 1219
2021-05-19 19:16:06,364 - Evaluation: 840 / 1219
2021-05-19 19:16:09,993 - Evaluation: 850 / 1219
2021-05-19 19:16:10,964 - Evaluation: 860 / 1219
2021-05-19 19:16:16,878 - Evaluation: 870 / 1219
2021-05-19 19:16:21,394 - Evaluation: 880 / 1219
2021-05-19 19:16:22,917 - Evaluation: 890 / 1219
2021-05-19 19:16:31,750 - Evaluation: 900 / 1219
2021-05-19 19:16:33,179 - Evaluation: 910 / 1219
2021-05-19 19:16:34,477 - Evaluation: 920 / 1219
2021-05-19 19:16:35,695 - Evaluation: 930 / 1219
2021-05-19 19:16:41,233 - Evaluation: 940 / 1219
2021-05-19 19:16:43,192 - Evaluation: 950 / 1219
2021-05-19 19:16:49,605 - Evaluation: 960 / 1219
2021-05-19 19:16:51,285 - Evaluation: 970 / 1219
2021-05-19 19:16:59,974 - Evaluation: 980 / 1219
2021-05-19 19:17:01,568 - Evaluation: 990 / 1219
2021-05-19 19:17:02,632 - Evaluation: 1000 / 1219
2021-05-19 19:17:04,120 - Evaluation: 1010 / 1219
2021-05-19 19:17:08,904 - Evaluation: 1020 / 1219
2021-05-19 19:17:11,295 - Evaluation: 1030 / 1219
2021-05-19 19:17:15,289 - Evaluation: 1040 / 1219
2021-05-19 19:17:16,791 - Evaluation: 1050 / 1219
2021-05-19 19:17:18,816 - Evaluation: 1060 / 1219
2021-05-19 19:17:24,574 - Evaluation: 1070 / 1219
2021-05-19 19:17:25,508 - Evaluation: 1080 / 1219
2021-05-19 19:17:27,857 - Evaluation: 1090 / 1219
2021-05-19 19:17:29,412 - Evaluation: 1100 / 1219
2021-05-19 19:17:36,576 - Evaluation: 1110 / 1219
2021-05-19 19:17:42,763 - Evaluation: 1120 / 1219
2021-05-19 19:17:44,343 - Evaluation: 1130 / 1219
2021-05-19 19:17:50,914 - Evaluation: 1140 / 1219
2021-05-19 19:17:52,124 - Evaluation: 1150 / 1219
2021-05-19 19:17:56,671 - Evaluation: 1160 / 1219
2021-05-19 19:17:58,789 - Evaluation: 1170 / 1219
2021-05-19 19:18:04,891 - Evaluation: 1180 / 1219
2021-05-19 19:18:06,830 - Evaluation: 1190 / 1219
2021-05-19 19:18:11,074 - Evaluation: 1200 / 1219
2021-05-19 19:18:15,167 - Evaluation: 1210 / 1219
2021-05-19 19:18:16,342 - -----------------------EVAL---------------------
Evaluation Result: 5.128867983818054
2021-05-19 19:18:16,342 - T10: 0.11572074145078659, T5: 0.12443715333938599, T2: 0.14754949510097504, T1: 0.17123441398143768
2021-05-19 19:18:16,342 - LT10: 0.16247043013572693, LT5: 0.16316986083984375, LT2: 0.1646527200937271, LT1: 0.16115149855613708

2021-05-19 19:18:16,742 - Epoch: 0, Step: 3000, L:344, Loss: 0.8266815334558487
2021-05-19 19:18:19,428 - Epoch: 0, Step: 3010, L:208, Loss: 0.8793021768331528
2021-05-19 19:18:22,856 - Epoch: 0, Step: 3020, L:158, Loss: 0.8975733458995819
2021-05-19 19:18:25,491 - Epoch: 0, Step: 3030, L:303, Loss: 0.8706655204296112
2021-05-19 19:18:28,683 - Epoch: 0, Step: 3040, L:119, Loss: 0.8535480052232742
2021-05-19 19:18:37,140 - Epoch: 0, Step: 3050, L:312, Loss: 0.8192447483539581
2021-05-19 19:18:40,088 - Epoch: 0, Step: 3060, L:135, Loss: 0.9186546921730041
2021-05-19 19:18:43,828 - Epoch: 0, Step: 3070, L:237, Loss: 0.8201651811599732
2021-05-19 19:18:46,672 - Epoch: 0, Step: 3080, L:137, Loss: 0.8108253359794617
2021-05-19 19:18:49,919 - Epoch: 0, Step: 3090, L:163, Loss: 0.9844437837600708
2021-05-19 19:19:01,089 - Epoch: 0, Step: 3100, L:290, Loss: 0.7922547072172165
2021-05-19 19:19:03,854 - Epoch: 0, Step: 3110, L:258, Loss: 0.8604055404663086
2021-05-19 19:19:06,964 - Epoch: 0, Step: 3120, L:243, Loss: 0.8381082713603973
2021-05-19 19:19:18,056 - Epoch: 0, Step: 3130, L:151, Loss: 0.7401222944259643
2021-05-19 19:19:20,949 - Epoch: 0, Step: 3140, L:128, Loss: 0.8438374042510987
2021-05-19 19:19:26,027 - Epoch: 0, Step: 3150, L:380, Loss: 0.8054831236600876
2021-05-19 19:19:30,331 - Epoch: 0, Step: 3160, L:118, Loss: 0.8873108148574829
2021-05-19 19:19:39,896 - Epoch: 0, Step: 3170, L:284, Loss: 0.8663527727127075
2021-05-19 19:19:42,719 - Epoch: 0, Step: 3180, L:103, Loss: 0.8585407584905624
2021-05-19 19:19:45,283 - Epoch: 0, Step: 3190, L:270, Loss: 0.8123156130313873
2021-05-19 19:19:53,683 - Epoch: 0, Step: 3200, L:306, Loss: 0.7748851358890534
2021-05-19 19:19:55,966 - Epoch: 0, Step: 3210, L:149, Loss: 0.9020619928836823
2021-05-19 19:20:00,145 - Epoch: 0, Step: 3220, L:212, Loss: 0.8578044891357421
2021-05-19 19:20:02,653 - Epoch: 0, Step: 3230, L:154, Loss: 0.754171134531498
2021-05-19 19:20:09,672 - Epoch: 0, Step: 3240, L:435, Loss: 0.9385849237442017
2021-05-19 19:20:13,426 - Epoch: 0, Step: 3250, L:177, Loss: 0.823925107717514
2021-05-19 19:20:16,288 - Epoch: 0, Step: 3260, L:246, Loss: 0.8965074360370636
2021-05-19 19:20:18,534 - Epoch: 0, Step: 3270, L:364, Loss: 0.9523329734802246
2021-05-19 19:20:20,339 - Epoch: 0, Step: 3280, L:246, Loss: 0.9273538589477539
2021-05-19 19:20:22,469 - Epoch: 0, Step: 3290, L:144, Loss: 0.9193289458751679
2021-05-19 19:20:35,697 - Epoch: 0, Step: 3300, L:140, Loss: 1.0003282368183135
2021-05-19 19:20:38,791 - Epoch: 0, Step: 3310, L:195, Loss: 0.9013065099716187
2021-05-19 19:20:41,492 - Epoch: 0, Step: 3320, L:231, Loss: 0.88776014149189
2021-05-19 19:20:45,162 - Epoch: 0, Step: 3330, L:143, Loss: 0.7613215237855911
2021-05-19 19:20:47,207 - Epoch: 0, Step: 3340, L:311, Loss: 0.9414931774139405
2021-05-19 19:20:53,373 - Epoch: 0, Step: 3350, L:117, Loss: 0.9616338908672333
2021-05-19 19:20:55,725 - Epoch: 0, Step: 3360, L:251, Loss: 0.9067053884267807
2021-05-19 19:20:58,544 - Epoch: 0, Step: 3370, L:224, Loss: 0.7952913254499435
2021-05-19 19:21:01,273 - Epoch: 0, Step: 3380, L:124, Loss: 0.9497091710567475
2021-05-19 19:21:08,574 - Epoch: 0, Step: 3390, L:393, Loss: 0.8544015526771546
2021-05-19 19:21:10,060 - Epoch: 0, Step: 3400, L:166, Loss: 1.0502135187387467
2021-05-19 19:21:19,772 - Epoch: 0, Step: 3410, L:169, Loss: 0.9830768704414368
2021-05-19 19:21:24,880 - Epoch: 0, Step: 3420, L:247, Loss: 0.7798401564359665
2021-05-19 19:21:26,827 - Epoch: 0, Step: 3430, L:113, Loss: 0.962549364566803
2021-05-19 19:21:31,061 - Epoch: 0, Step: 3440, L:299, Loss: 0.8342664569616318
2021-05-19 19:21:33,968 - Epoch: 0, Step: 3450, L:192, Loss: 0.9293661952018738
2021-05-19 19:21:42,335 - Epoch: 0, Step: 3460, L:311, Loss: 1.0156566619873046
2021-05-19 19:21:44,979 - Epoch: 0, Step: 3470, L:110, Loss: 0.922826224565506
2021-05-19 19:21:51,597 - Epoch: 0, Step: 3480, L:202, Loss: 0.9290469765663147
2021-05-19 19:21:54,721 - Epoch: 0, Step: 3490, L:124, Loss: 0.9033584207296371
2021-05-19 19:21:57,993 - Epoch: 0, Step: 3500, L:428, Loss: 0.7722630798816681
2021-05-19 19:22:01,664 - Epoch: 0, Step: 3510, L:134, Loss: 0.8836871922016144
2021-05-19 19:22:07,663 - Epoch: 0, Step: 3520, L:246, Loss: 0.735923683643341
2021-05-19 19:22:10,033 - Epoch: 0, Step: 3530, L:289, Loss: 0.89228515625
2021-05-19 19:22:15,140 - Epoch: 0, Step: 3540, L:409, Loss: 0.930039644241333
2021-05-19 19:22:17,774 - Epoch: 0, Step: 3550, L:111, Loss: 0.7934355437755585
2021-05-19 19:22:20,852 - Epoch: 0, Step: 3560, L:248, Loss: 0.7685865163803101
2021-05-19 19:22:23,532 - Epoch: 0, Step: 3570, L:373, Loss: 0.7924521327018738
2021-05-19 19:22:25,316 - Epoch: 0, Step: 3580, L:154, Loss: 0.9256750106811523
2021-05-19 19:22:29,513 - Epoch: 0, Step: 3590, L:262, Loss: 0.8861215770244598
2021-05-19 19:22:34,905 - Epoch: 0, Step: 3600, L:295, Loss: 0.8541049718856811
2021-05-19 19:22:38,770 - Epoch: 0, Step: 3610, L:142, Loss: 0.785379558801651
2021-05-19 19:22:46,206 - Epoch: 0, Step: 3620, L:143, Loss: 0.8597084522247315
2021-05-19 19:22:48,386 - Epoch: 0, Step: 3630, L:364, Loss: 0.8877168536186218
2021-05-19 19:22:54,132 - Epoch: 0, Step: 3640, L:217, Loss: 0.8763289272785186
2021-05-19 19:22:57,222 - Epoch: 0, Step: 3650, L:205, Loss: 0.8545023977756501
2021-05-19 19:23:00,612 - Epoch: 0, Step: 3660, L:149, Loss: 0.8946514010429383
2021-05-19 19:23:05,071 - Epoch: 0, Step: 3670, L:106, Loss: 0.8128795742988586
2021-05-19 19:23:07,674 - Epoch: 0, Step: 3680, L:389, Loss: 0.9082007765769958
2021-05-19 19:23:10,321 - Epoch: 0, Step: 3690, L:110, Loss: 0.9287837982177735
2021-05-19 19:23:16,606 - Epoch: 0, Step: 3700, L:237, Loss: 0.7690079033374786
2021-05-19 19:23:19,091 - Epoch: 0, Step: 3710, L:168, Loss: 0.9760450899600983
2021-05-19 19:23:21,854 - Epoch: 0, Step: 3720, L:231, Loss: 0.9975860297679902
2021-05-19 19:23:29,482 - Epoch: 0, Step: 3730, L:343, Loss: 0.8072825908660889
2021-05-19 19:23:32,051 - Epoch: 0, Step: 3740, L:269, Loss: 0.8691842675209045
2021-05-19 19:23:34,314 - Epoch: 0, Step: 3750, L:191, Loss: 0.8694955348968506
2021-05-19 19:23:37,003 - Epoch: 0, Step: 3760, L:152, Loss: 0.7612658068537712
2021-05-19 19:23:40,108 - Epoch: 0, Step: 3770, L:321, Loss: 0.9240115284919739
2021-05-19 19:23:43,049 - Epoch: 0, Step: 3780, L:129, Loss: 0.8543205544352531
2021-05-19 19:23:46,591 - Epoch: 0, Step: 3790, L:334, Loss: 0.7953619480133056
2021-05-19 19:23:52,032 - Epoch: 0, Step: 3800, L:257, Loss: 0.8028392881155014
2021-05-19 19:23:55,743 - Epoch: 0, Step: 3810, L:419, Loss: 0.8214577734470367
2021-05-19 19:23:58,198 - Epoch: 0, Step: 3820, L:160, Loss: 0.8545193672180176
2021-05-19 19:24:00,688 - Epoch: 0, Step: 3830, L:336, Loss: 0.8071949899196624
2021-05-19 19:24:03,509 - Epoch: 0, Step: 3840, L:118, Loss: 0.8138417899608612
2021-05-19 19:24:05,383 - Epoch: 0, Step: 3850, L:247, Loss: 1.021656346321106
2021-05-19 19:24:07,632 - Epoch: 0, Step: 3860, L:254, Loss: 0.8835281133651733
2021-05-19 19:24:09,607 - Epoch: 0, Step: 3870, L:306, Loss: 0.9301340252161026
2021-05-19 19:24:12,032 - Epoch: 0, Step: 3880, L:254, Loss: 0.832793453335762
2021-05-19 19:24:15,380 - Epoch: 0, Step: 3890, L:247, Loss: 0.9608223974704743
2021-05-19 19:24:17,761 - Epoch: 0, Step: 3900, L:113, Loss: 0.8344322323799134
2021-05-19 19:24:22,419 - Epoch: 0, Step: 3910, L:323, Loss: 0.841103857755661
2021-05-19 19:24:26,059 - Epoch: 0, Step: 3920, L:333, Loss: 0.8062305212020874
2021-05-19 19:24:29,303 - Epoch: 0, Step: 3930, L:167, Loss: 0.9640598773956299
2021-05-19 19:24:31,721 - Epoch: 0, Step: 3940, L:138, Loss: 0.8244404792785645
2021-05-19 19:24:34,061 - Epoch: 0, Step: 3950, L:206, Loss: 0.8934954226016998
2021-05-19 19:24:39,280 - Epoch: 0, Step: 3960, L:211, Loss: 0.9084311604499817
2021-05-19 19:24:41,714 - Epoch: 0, Step: 3970, L:213, Loss: 0.9101895570755005
2021-05-19 19:24:44,303 - Epoch: 0, Step: 3980, L:321, Loss: 0.9188507735729218
2021-05-19 19:24:46,471 - Epoch: 0, Step: 3990, L:149, Loss: 0.9877201974391937
2021-05-19 19:24:50,691 - Epoch: 0, Step: 4000, L:107, Loss: 0.8872509956359863
2021-05-19 19:24:55,974 - Epoch: 0, Step: 4010, L:346, Loss: 0.9000019669532776
2021-05-19 19:24:58,100 - Epoch: 0, Step: 4020, L:275, Loss: 0.8553137719631195
2021-05-19 19:25:00,856 - Epoch: 0, Step: 4030, L:327, Loss: 0.929846516251564
2021-05-19 19:25:03,745 - Epoch: 0, Step: 4040, L:394, Loss: 0.9658383905887604
2021-05-19 19:25:10,413 - Epoch: 0, Step: 4050, L:176, Loss: 0.8970128893852234
2021-05-19 19:25:12,236 - Epoch: 0, Step: 4060, L:194, Loss: 0.9302457392215728
2021-05-19 19:25:17,030 - Epoch: 0, Step: 4070, L:106, Loss: 0.9067672967910767
2021-05-19 19:25:19,944 - Epoch: 0, Step: 4080, L:454, Loss: 0.8122172802686691
2021-05-19 19:25:22,496 - Epoch: 0, Step: 4090, L:124, Loss: 0.8714228987693786
2021-05-19 19:25:27,411 - Epoch: 0, Step: 4100, L:393, Loss: 0.8342256069183349
2021-05-19 19:25:29,987 - Epoch: 0, Step: 4110, L:198, Loss: 0.9281555235385894
2021-05-19 19:25:32,653 - Epoch: 0, Step: 4120, L:167, Loss: 0.7542351663112641
2021-05-19 19:25:35,147 - Epoch: 0, Step: 4130, L:245, Loss: 0.9197097957134247
2021-05-19 19:25:37,043 - Epoch: 0, Step: 4140, L:166, Loss: 0.8263531446456909
2021-05-19 19:25:41,523 - Epoch: 0, Step: 4150, L:211, Loss: 0.8675238102674484
2021-05-19 19:25:46,785 - Epoch: 0, Step: 4160, L:202, Loss: 0.819544929265976
2021-05-19 19:25:48,805 - Epoch: 0, Step: 4170, L:145, Loss: 0.8588808596134185
2021-05-19 19:25:52,539 - Epoch: 0, Step: 4180, L:206, Loss: 0.7509479254484177
2021-05-19 19:25:54,679 - Epoch: 0, Step: 4190, L:123, Loss: 0.9322874963283538
2021-05-19 19:26:00,477 - Epoch: 0, Step: 4200, L:183, Loss: 0.951634657382965
2021-05-19 19:26:02,469 - Epoch: 0, Step: 4210, L:101, Loss: 0.9195426404476166
2021-05-19 19:26:05,640 - Epoch: 0, Step: 4220, L:181, Loss: 0.9523578941822052
2021-05-19 19:26:08,879 - Epoch: 0, Step: 4230, L:113, Loss: 0.8504457592964172
2021-05-19 19:26:12,595 - Epoch: 0, Step: 4240, L:344, Loss: 0.8123253792524338
2021-05-19 19:26:14,813 - Epoch: 0, Step: 4250, L:203, Loss: 0.8525207340717316
2021-05-19 19:26:17,534 - Epoch: 0, Step: 4260, L:330, Loss: 0.7215215861797333
2021-05-19 19:26:19,588 - Epoch: 0, Step: 4270, L:155, Loss: 0.8605230152606964
2021-05-19 19:26:25,435 - Epoch: 0, Step: 4280, L:456, Loss: 0.846763676404953
2021-05-19 19:26:27,891 - Epoch: 0, Step: 4290, L:122, Loss: 0.959508067369461
2021-05-19 19:26:32,583 - Epoch: 0, Step: 4300, L:206, Loss: 0.8732290804386139
2021-05-19 19:26:35,242 - Epoch: 0, Step: 4310, L:238, Loss: 0.8583590775728226
2021-05-19 19:26:43,640 - Epoch: 0, Step: 4320, L:315, Loss: 0.7690403282642364
2021-05-19 19:26:46,556 - Epoch: 0, Step: 4330, L:389, Loss: 0.82105453312397
2021-05-19 19:26:49,554 - Epoch: 0, Step: 4340, L:316, Loss: 0.8605979233980179
2021-05-19 19:26:51,808 - Epoch: 0, Step: 4350, L:142, Loss: 0.9490411043167114
2021-05-19 19:26:55,004 - Epoch: 0, Step: 4360, L:201, Loss: 0.8750776767730712
2021-05-19 19:26:57,131 - Epoch: 0, Step: 4370, L:169, Loss: 0.9060358583927155
2021-05-19 19:26:59,317 - Epoch: 0, Step: 4380, L:304, Loss: 0.88282670378685
2021-05-19 19:27:01,533 - Epoch: 0, Step: 4390, L:118, Loss: 0.9128532707691193
2021-05-19 19:27:03,534 - Epoch: 0, Step: 4400, L:115, Loss: 0.8480933785438538
2021-05-19 19:27:08,178 - Epoch: 0, Step: 4410, L:329, Loss: 0.847516679763794
2021-05-19 19:27:13,092 - Epoch: 0, Step: 4420, L:111, Loss: 0.7785764813423157
2021-05-19 19:27:15,887 - Epoch: 0, Step: 4430, L:207, Loss: 0.8017277270555496
2021-05-19 19:27:18,019 - Epoch: 0, Step: 4440, L:266, Loss: 0.9181692421436309
2021-05-19 19:27:20,038 - Epoch: 0, Step: 4450, L:184, Loss: 0.7487871676683426
2021-05-19 19:27:23,007 - Epoch: 0, Step: 4460, L:127, Loss: 0.8986265927553176
2021-05-19 19:27:28,079 - Epoch: 0, Step: 4470, L:415, Loss: 0.9157095074653625
2021-05-19 19:27:31,148 - Epoch: 0, Step: 4480, L:200, Loss: 0.8338214814662933
2021-05-19 19:27:35,318 - Epoch: 0, Step: 4490, L:222, Loss: 0.6901079714298248
2021-05-19 19:27:41,828 - Epoch: 0, Step: 4500, L:369, Loss: 0.8103550523519516
2021-05-19 19:27:44,278 - Epoch: 0, Step: 4510, L:314, Loss: 0.7814174950122833
2021-05-19 19:27:46,483 - Epoch: 0, Step: 4520, L:103, Loss: 0.8805065333843232
2021-05-19 19:27:49,962 - Epoch: 0, Step: 4530, L:189, Loss: 0.8402886867523194
2021-05-19 19:27:52,419 - Epoch: 0, Step: 4540, L:349, Loss: 0.8399797141551971
2021-05-19 19:27:55,658 - Epoch: 0, Step: 4550, L:425, Loss: 0.8390154600143432
2021-05-19 19:27:58,302 - Epoch: 0, Step: 4560, L:257, Loss: 0.9122835040092468
2021-05-19 19:28:03,289 - Epoch: 0, Step: 4570, L:214, Loss: 0.9024419248104095
2021-05-19 19:28:07,217 - Epoch: 0, Step: 4580, L:290, Loss: 0.9477584064006805
2021-05-19 19:28:10,269 - Epoch: 0, Step: 4590, L:388, Loss: 0.7846778392791748
2021-05-19 19:28:12,410 - Epoch: 0, Step: 4600, L:133, Loss: 0.936925595998764
2021-05-19 19:28:14,848 - Epoch: 0, Step: 4610, L:211, Loss: 0.8987687677145004
2021-05-19 19:28:19,195 - Epoch: 0, Step: 4620, L:394, Loss: 0.7415154576301575
2021-05-19 19:28:24,412 - Epoch: 0, Step: 4630, L:185, Loss: 0.8352643013000488
2021-05-19 19:28:28,141 - Epoch: 0, Step: 4640, L:276, Loss: 0.771430566906929
2021-05-19 19:28:30,485 - Epoch: 0, Step: 4650, L:208, Loss: 0.8792874097824097
2021-05-19 19:28:33,923 - Epoch: 0, Step: 4660, L:231, Loss: 0.8617020189762116
2021-05-19 19:28:36,302 - Epoch: 0, Step: 4670, L:304, Loss: 0.8914477586746216
2021-05-19 19:28:45,356 - Epoch: 0, Step: 4680, L:185, Loss: 0.8153951913118362
2021-05-19 19:28:47,881 - Epoch: 0, Step: 4690, L:158, Loss: 0.7693560957908631
2021-05-19 19:28:49,884 - Epoch: 0, Step: 4700, L:116, Loss: 0.8314508646726608
2021-05-19 19:28:52,212 - Epoch: 0, Step: 4710, L:329, Loss: 0.8909969687461853
2021-05-19 19:28:57,888 - Epoch: 0, Step: 4720, L:167, Loss: 0.8271017819643021
2021-05-19 19:29:00,838 - Epoch: 0, Step: 4730, L:369, Loss: 0.8184614300727844
2021-05-19 19:29:03,616 - Epoch: 0, Step: 4740, L:309, Loss: 0.7702987968921662
2021-05-19 19:29:07,181 - Epoch: 0, Step: 4750, L:205, Loss: 0.8320314049720764
2021-05-19 19:29:11,036 - Epoch: 0, Step: 4760, L:468, Loss: 0.7879907339811325
2021-05-19 19:29:13,734 - Epoch: 0, Step: 4770, L:153, Loss: 0.9382052958011627
2021-05-19 19:29:20,593 - Epoch: 0, Step: 4780, L:224, Loss: 0.8288625180721283
2021-05-19 19:29:25,029 - Epoch: 0, Step: 4790, L:192, Loss: 0.8182494699954986
2021-05-19 19:29:27,960 - Epoch: 0, Step: 4800, L:345, Loss: 0.8189222067594528
2021-05-19 19:29:34,569 - Epoch: 0, Step: 4810, L:152, Loss: 0.8373591959476471
2021-05-19 19:29:37,878 - Epoch: 0, Step: 4820, L:199, Loss: 0.8075541257858276
2021-05-19 19:29:40,536 - Epoch: 0, Step: 4830, L:182, Loss: 0.8172765374183655
2021-05-19 19:29:44,078 - Epoch: 0, Step: 4840, L:187, Loss: 0.7810811221599578
2021-05-19 19:29:46,549 - Epoch: 0, Step: 4850, L:282, Loss: 0.8424475759267807
2021-05-19 19:29:51,390 - Epoch: 0, Step: 4860, L:273, Loss: 0.8812839269638062
2021-05-19 19:29:53,404 - Epoch: 0, Step: 4870, L:199, Loss: 0.918683898448944
2021-05-19 19:29:56,079 - Epoch: 0, Step: 4880, L:266, Loss: 0.9191306889057159
2021-05-19 19:29:59,326 - Epoch: 0, Step: 4890, L:370, Loss: 0.8414653718471528
2021-05-19 19:30:01,407 - Epoch: 0, Step: 4900, L:226, Loss: 0.9720440924167633
2021-05-19 19:30:05,624 - Epoch: 0, Step: 4910, L:452, Loss: 0.9597115695476532
2021-05-19 19:30:08,025 - Epoch: 0, Step: 4920, L:130, Loss: 0.8946129262447358
2021-05-19 19:30:10,878 - Epoch: 0, Step: 4930, L:298, Loss: 0.9425924003124238
2021-05-19 19:30:19,352 - Epoch: 0, Step: 4940, L:274, Loss: 0.8708145946264267
2021-05-19 19:30:22,286 - Epoch: 0, Step: 4950, L:367, Loss: 0.8886935293674469
2021-05-19 19:30:23,685 - Epoch: 0, Step: 4960, L:121, Loss: 0.8854314059019088
2021-05-19 19:30:32,870 - Epoch: 0, Step: 4970, L:143, Loss: 0.7949754536151886
2021-05-19 19:30:40,307 - Epoch: 0, Step: 4980, L:423, Loss: 0.8300250232219696
2021-05-19 19:30:42,955 - Epoch: 0, Step: 4990, L:135, Loss: 0.828362575173378
2021-05-19 19:30:48,275 - Epoch: 0, Step: 5000, L:390, Loss: 0.806046438217163
2021-05-19 19:30:50,515 - Epoch: 0, Step: 5010, L:128, Loss: 0.8469274193048477
2021-05-19 19:30:53,094 - Epoch: 0, Step: 5020, L:393, Loss: 0.7749580860137939
2021-05-19 19:30:55,418 - Epoch: 0, Step: 5030, L:147, Loss: 0.887408185005188
2021-05-19 19:30:58,355 - Epoch: 0, Step: 5040, L:317, Loss: 0.8586454153060913
2021-05-19 19:31:01,204 - Epoch: 0, Step: 5050, L:271, Loss: 0.9705572187900543
2021-05-19 19:31:03,685 - Epoch: 0, Step: 5060, L:175, Loss: 0.7656507134437561
2021-05-19 19:31:08,281 - Epoch: 0, Step: 5070, L:192, Loss: 0.8219009131193161
2021-05-19 19:31:10,909 - Epoch: 0, Step: 5080, L:322, Loss: 0.8315123349428177
2021-05-19 19:31:15,619 - Epoch: 0, Step: 5090, L:218, Loss: 0.8475843161344528
2021-05-19 19:31:19,374 - Epoch: 0, Step: 5100, L:384, Loss: 0.7191150665283204
2021-05-19 19:31:22,664 - Epoch: 0, Step: 5110, L:463, Loss: 0.8407106637954712
2021-05-19 19:31:25,149 - Epoch: 0, Step: 5120, L:327, Loss: 0.9210644364356995
2021-05-19 19:31:26,574 - Epoch: 0, Step: 5130, L:223, Loss: 1.01975816488266
2021-05-19 19:31:30,112 - Epoch: 0, Step: 5140, L:100, Loss: 0.8637201666831971
2021-05-19 19:31:31,838 - Epoch: 0, Step: 5150, L:129, Loss: 1.0038696885108949
2021-05-19 19:31:34,410 - Epoch: 0, Step: 5160, L:197, Loss: 0.9047113567590713
2021-05-19 19:31:41,938 - Epoch: 0, Step: 5170, L:459, Loss: 0.8650208234786987
2021-05-19 19:31:44,634 - Epoch: 0, Step: 5180, L:113, Loss: 0.8748561918735505
2021-05-19 19:31:47,559 - Epoch: 0, Step: 5190, L:260, Loss: 0.8215530306100846
2021-05-19 19:31:50,172 - Epoch: 0, Step: 5200, L:227, Loss: 0.9880508184432983
2021-05-19 19:31:51,997 - Epoch: 0, Step: 5210, L:167, Loss: 0.9687592446804046
2021-05-19 19:31:56,121 - Epoch: 0, Step: 5220, L:107, Loss: 0.8808648407459259
2021-05-19 19:32:01,227 - Epoch: 0, Step: 5230, L:178, Loss: 0.7865624368190766
2021-05-19 19:32:04,331 - Epoch: 0, Step: 5240, L:342, Loss: 0.8968557000160218
2021-05-19 19:32:06,144 - Epoch: 0, Step: 5250, L:197, Loss: 0.9393682658672333
2021-05-19 19:32:11,191 - Epoch: 0, Step: 5260, L:444, Loss: 0.9664234697818757
2021-05-19 19:32:19,064 - Epoch: 0, Step: 5270, L:197, Loss: 0.7815975666046142
2021-05-19 19:32:21,281 - Epoch: 0, Step: 5280, L:210, Loss: 0.8248639225959777
2021-05-19 19:32:25,162 - Epoch: 0, Step: 5290, L:230, Loss: 0.7633926689624786
2021-05-19 19:32:28,416 - Epoch: 0, Step: 5300, L:205, Loss: 0.8539112329483032
2021-05-19 19:32:31,014 - Epoch: 0, Step: 5310, L:195, Loss: 0.8718752145767212
2021-05-19 19:32:33,020 - Epoch: 0, Step: 5320, L:131, Loss: 0.9459599435329438
2021-05-19 19:32:41,085 - Epoch: 0, Step: 5330, L:429, Loss: 0.8894829273223877
2021-05-19 19:32:44,728 - Epoch: 0, Step: 5340, L:332, Loss: 0.7970419257879258
2021-05-19 19:32:48,044 - Epoch: 0, Step: 5350, L:449, Loss: 0.8071933567523957
2021-05-19 19:32:51,000 - Epoch: 0, Step: 5360, L:392, Loss: 0.8405400156974793
2021-05-19 19:32:53,132 - Epoch: 0, Step: 5370, L:319, Loss: 0.817728915810585
2021-05-19 19:32:56,122 - Epoch: 0, Step: 5380, L:124, Loss: 0.875875499844551
2021-05-19 19:33:00,847 - Epoch: 0, Step: 5390, L:313, Loss: 0.8723458886146546
2021-05-19 19:33:03,547 - Epoch: 0, Step: 5400, L:213, Loss: 0.9033038139343261
2021-05-19 19:33:06,465 - Epoch: 0, Step: 5410, L:252, Loss: 0.8453873217105865
2021-05-19 19:33:09,350 - Epoch: 0, Step: 5420, L:125, Loss: 0.870270562171936
2021-05-19 19:33:13,088 - Epoch: 0, Step: 5430, L:156, Loss: 0.8024186730384827
2021-05-19 19:33:21,418 - Epoch: 0, Step: 5440, L:140, Loss: 0.9061129927635193
2021-05-19 19:33:23,843 - Epoch: 0, Step: 5450, L:118, Loss: 0.890325003862381
2021-05-19 19:33:27,037 - Epoch: 0, Step: 5460, L:288, Loss: 0.854642242193222
2021-05-19 19:33:30,171 - Epoch: 0, Step: 5470, L:211, Loss: 0.9077800273895263
2021-05-19 19:33:34,670 - Epoch: 0, Step: 5480, L:286, Loss: 0.822530210018158
2021-05-19 19:33:40,061 - Epoch: 0, Step: 5490, L:373, Loss: 0.9411989688873291
2021-05-19 19:33:42,534 - Epoch: 0, Step: 5500, L:156, Loss: 0.8874225795269013
2021-05-19 19:33:51,532 - Epoch: 0, Step: 5510, L:109, Loss: 0.808126476407051
2021-05-19 19:33:53,848 - Epoch: 0, Step: 5520, L:390, Loss: 0.8612966239452362
2021-05-19 19:33:57,253 - Epoch: 0, Step: 5530, L:423, Loss: 0.871030867099762
2021-05-19 19:33:59,895 - Epoch: 0, Step: 5540, L:231, Loss: 0.890808618068695
2021-05-19 19:34:01,950 - Epoch: 0, Step: 5550, L:110, Loss: 0.8752819836139679
2021-05-19 19:34:04,622 - Epoch: 0, Step: 5560, L:308, Loss: 0.814262181520462
2021-05-19 19:34:10,266 - Epoch: 0, Step: 5570, L:366, Loss: 0.9830161750316619
2021-05-19 19:34:13,072 - Epoch: 0, Step: 5580, L:178, Loss: 0.7512554734945297
2021-05-19 19:34:16,008 - Epoch: 0, Step: 5590, L:144, Loss: 0.8444324195384979
2021-05-19 19:34:19,252 - Epoch: 0, Step: 5600, L:259, Loss: 0.7119073212146759
2021-05-19 19:34:23,197 - Epoch: 0, Step: 5610, L:273, Loss: 0.8626488089561463
2021-05-19 19:34:30,841 - Epoch: 0, Step: 5620, L:374, Loss: 0.7207745462656021
2021-05-19 19:34:33,386 - Epoch: 0, Step: 5630, L:330, Loss: 0.8533776551485062
2021-05-19 19:34:35,855 - Epoch: 0, Step: 5640, L:175, Loss: 0.6868649944663048
2021-05-19 19:34:41,324 - Epoch: 0, Step: 5650, L:147, Loss: 0.8283434063196182
2021-05-19 19:34:43,370 - Epoch: 0, Step: 5660, L:154, Loss: 0.817224195599556
2021-05-19 19:34:46,043 - Epoch: 0, Step: 5670, L:281, Loss: 0.8051714479923249
2021-05-19 19:34:48,015 - Epoch: 0, Step: 5680, L:226, Loss: 0.9535896301269531
2021-05-19 19:34:53,403 - Epoch: 0, Step: 5690, L:169, Loss: 0.9146786510944367
2021-05-19 19:34:58,097 - Epoch: 0, Step: 5700, L:381, Loss: 0.8761825442314148
2021-05-19 19:35:00,489 - Epoch: 0, Step: 5710, L:110, Loss: 0.6851300537586212
2021-05-19 19:35:05,138 - Epoch: 0, Step: 5720, L:202, Loss: 0.7982617914676666
2021-05-19 19:35:08,150 - Epoch: 0, Step: 5730, L:126, Loss: 0.8674530744552612
2021-05-19 19:35:10,540 - Epoch: 0, Step: 5740, L:122, Loss: 0.8551184147596359
2021-05-19 19:35:13,008 - Epoch: 0, Step: 5750, L:113, Loss: 0.809245052933693
2021-05-19 19:35:18,032 - Epoch: 0, Step: 5760, L:127, Loss: 0.8361115008592606
2021-05-19 19:35:20,092 - Epoch: 0, Step: 5770, L:150, Loss: 0.8920776665210723
2021-05-19 19:35:22,088 - Epoch: 0, Step: 5780, L:178, Loss: 0.941412627696991
2021-05-19 19:35:28,938 - Epoch: 0, Step: 5790, L:184, Loss: 0.8325339078903198
2021-05-19 19:35:32,220 - Epoch: 0, Step: 5800, L:356, Loss: 0.740751039981842
2021-05-19 19:35:37,202 - Epoch: 0, Step: 5810, L:389, Loss: 0.6405422627925873
2021-05-19 19:35:39,228 - Epoch: 0, Step: 5820, L:298, Loss: 0.8869351863861084
2021-05-19 19:35:41,037 - Epoch: 0, Step: 5830, L:153, Loss: 0.9291420221328736
2021-05-19 19:35:44,890 - Epoch: 0, Step: 5840, L:438, Loss: 0.7464764952659607
2021-05-19 19:35:46,344 - Epoch: 0, Step: 5850, L:142, Loss: 0.9090237051248551
2021-05-19 19:35:51,506 - Epoch: 0, Step: 5860, L:207, Loss: 0.9312191724777221
2021-05-19 19:35:54,469 - Epoch: 0, Step: 5870, L:220, Loss: 0.915358018875122
2021-05-19 19:35:56,958 - Epoch: 0, Step: 5880, L:203, Loss: 0.8140837848186493
2021-05-19 19:35:59,046 - Epoch: 0, Step: 5890, L:250, Loss: 0.9574680507183075
2021-05-19 19:36:01,645 - Epoch: 0, Step: 5900, L:178, Loss: 0.8544537901878357
2021-05-19 19:36:04,569 - Epoch: 0, Step: 5910, L:236, Loss: 0.731686133146286
2021-05-19 19:36:06,827 - Epoch: 0, Step: 5920, L:120, Loss: 0.9310337185859681
2021-05-19 19:36:08,665 - Epoch: 0, Step: 5930, L:157, Loss: 0.9901511907577515
2021-05-19 19:36:11,358 - Epoch: 0, Step: 5940, L:345, Loss: 0.8464230716228485
2021-05-19 19:36:12,967 - Epoch: 0, Step: 5950, L:210, Loss: 0.8824596524238586
2021-05-19 19:36:20,398 - Epoch: 0, Step: 5960, L:453, Loss: 0.7615478873252869
2021-05-19 19:36:23,911 - Epoch: 0, Step: 5970, L:245, Loss: 0.8325395703315734
2021-05-19 19:36:26,505 - Epoch: 0, Step: 5980, L:423, Loss: 0.9228027373552322
2021-05-19 19:36:29,119 - Epoch: 0, Step: 5990, L:338, Loss: 0.8698244452476501
2021-05-19 19:36:30,798 - Start evaluating...
2021-05-19 19:36:34,382 - Evaluation: 0 / 1219
2021-05-19 19:36:45,863 - Evaluation: 10 / 1219
2021-05-19 19:36:47,310 - Evaluation: 20 / 1219
2021-05-19 19:36:48,729 - Evaluation: 30 / 1219
2021-05-19 19:36:57,176 - Evaluation: 40 / 1219
2021-05-19 19:36:58,906 - Evaluation: 50 / 1219
2021-05-19 19:37:05,229 - Evaluation: 60 / 1219
2021-05-19 19:37:06,074 - Evaluation: 70 / 1219
2021-05-19 19:37:07,320 - Evaluation: 80 / 1219
2021-05-19 19:37:14,126 - Evaluation: 90 / 1219
2021-05-19 19:37:16,683 - Evaluation: 100 / 1219
2021-05-19 19:37:18,006 - Evaluation: 110 / 1219
2021-05-19 19:37:20,860 - Evaluation: 120 / 1219
2021-05-19 19:37:25,727 - Evaluation: 130 / 1219
2021-05-19 19:37:28,841 - Evaluation: 140 / 1219
2021-05-19 19:37:32,013 - Evaluation: 150 / 1219
2021-05-19 19:37:35,381 - Evaluation: 160 / 1219
2021-05-19 19:37:38,564 - Evaluation: 170 / 1219
2021-05-19 19:37:41,979 - Evaluation: 180 / 1219
2021-05-19 19:37:48,501 - Evaluation: 190 / 1219
2021-05-19 19:37:50,379 - Evaluation: 200 / 1219
2021-05-19 19:37:53,045 - Evaluation: 210 / 1219
2021-05-19 19:37:53,972 - Evaluation: 220 / 1219
2021-05-19 19:38:01,612 - Evaluation: 230 / 1219
2021-05-19 19:38:03,272 - Evaluation: 240 / 1219
2021-05-19 19:38:04,943 - Evaluation: 250 / 1219
2021-05-19 19:38:10,596 - Evaluation: 260 / 1219
2021-05-19 19:38:12,864 - Evaluation: 270 / 1219
2021-05-19 19:38:16,751 - Evaluation: 280 / 1219
2021-05-19 19:38:20,097 - Evaluation: 290 / 1219
2021-05-19 19:38:26,270 - Evaluation: 300 / 1219
2021-05-19 19:38:27,565 - Evaluation: 310 / 1219
2021-05-19 19:38:30,862 - Evaluation: 320 / 1219
2021-05-19 19:38:32,478 - Evaluation: 330 / 1219
2021-05-19 19:38:40,289 - Evaluation: 340 / 1219
2021-05-19 19:38:42,853 - Evaluation: 350 / 1219
2021-05-19 19:38:47,345 - Evaluation: 360 / 1219
2021-05-19 19:38:48,458 - Evaluation: 370 / 1219
2021-05-19 19:38:50,213 - Evaluation: 380 / 1219
2021-05-19 19:38:54,662 - Evaluation: 390 / 1219
2021-05-19 19:38:56,081 - Evaluation: 400 / 1219
2021-05-19 19:39:03,293 - Evaluation: 410 / 1219
2021-05-19 19:39:04,274 - Evaluation: 420 / 1219
2021-05-19 19:39:06,396 - Evaluation: 430 / 1219
2021-05-19 19:39:11,073 - Evaluation: 440 / 1219
2021-05-19 19:39:16,392 - Evaluation: 450 / 1219
2021-05-19 19:39:17,608 - Evaluation: 460 / 1219
2021-05-19 19:39:21,624 - Evaluation: 470 / 1219
2021-05-19 19:39:23,653 - Evaluation: 480 / 1219
2021-05-19 19:39:29,160 - Evaluation: 490 / 1219
2021-05-19 19:39:31,428 - Evaluation: 500 / 1219
2021-05-19 19:39:32,764 - Evaluation: 510 / 1219
2021-05-19 19:39:39,680 - Evaluation: 520 / 1219
2021-05-19 19:39:40,918 - Evaluation: 530 / 1219
2021-05-19 19:39:42,991 - Evaluation: 540 / 1219
2021-05-19 19:39:45,841 - Evaluation: 550 / 1219
2021-05-19 19:39:50,062 - Evaluation: 560 / 1219
2021-05-19 19:39:52,664 - Evaluation: 570 / 1219
2021-05-19 19:39:55,561 - Evaluation: 580 / 1219
2021-05-19 19:39:56,498 - Evaluation: 590 / 1219
2021-05-19 19:40:02,225 - Evaluation: 600 / 1219
2021-05-19 19:40:03,047 - Evaluation: 610 / 1219
2021-05-19 19:40:13,852 - Evaluation: 620 / 1219
2021-05-19 19:40:15,080 - Evaluation: 630 / 1219
2021-05-19 19:40:16,883 - Evaluation: 640 / 1219
2021-05-19 19:40:22,044 - Evaluation: 650 / 1219
2021-05-19 19:40:25,877 - Evaluation: 660 / 1219
2021-05-19 19:40:29,639 - Evaluation: 670 / 1219
2021-05-19 19:40:33,441 - Evaluation: 680 / 1219
2021-05-19 19:40:34,460 - Evaluation: 690 / 1219
2021-05-19 19:40:37,545 - Evaluation: 700 / 1219
2021-05-19 19:40:39,548 - Evaluation: 710 / 1219
2021-05-19 19:40:40,517 - Evaluation: 720 / 1219
2021-05-19 19:40:47,731 - Evaluation: 730 / 1219
2021-05-19 19:40:51,832 - Evaluation: 740 / 1219
2021-05-19 19:40:53,364 - Evaluation: 750 / 1219
2021-05-19 19:40:59,624 - Evaluation: 760 / 1219
2021-05-19 19:41:00,899 - Evaluation: 770 / 1219
2021-05-19 19:41:04,825 - Evaluation: 780 / 1219
2021-05-19 19:41:06,025 - Evaluation: 790 / 1219
2021-05-19 19:41:10,827 - Evaluation: 800 / 1219
2021-05-19 19:41:12,355 - Evaluation: 810 / 1219
2021-05-19 19:41:22,703 - Evaluation: 820 / 1219
2021-05-19 19:41:24,340 - Evaluation: 830 / 1219
2021-05-19 19:41:27,168 - Evaluation: 840 / 1219
2021-05-19 19:41:29,508 - Evaluation: 850 / 1219
2021-05-19 19:41:30,150 - Evaluation: 860 / 1219
2021-05-19 19:41:36,754 - Evaluation: 870 / 1219
2021-05-19 19:41:39,724 - Evaluation: 880 / 1219
2021-05-19 19:41:43,093 - Evaluation: 890 / 1219
2021-05-19 19:41:49,254 - Evaluation: 900 / 1219
2021-05-19 19:41:50,610 - Evaluation: 910 / 1219
2021-05-19 19:41:51,899 - Evaluation: 920 / 1219
2021-05-19 19:41:53,107 - Evaluation: 930 / 1219
2021-05-19 19:41:59,750 - Evaluation: 940 / 1219
2021-05-19 19:42:01,172 - Evaluation: 950 / 1219
2021-05-19 19:42:03,216 - Evaluation: 960 / 1219
2021-05-19 19:42:06,382 - Evaluation: 970 / 1219
2021-05-19 19:42:15,625 - Evaluation: 980 / 1219
2021-05-19 19:42:17,102 - Evaluation: 990 / 1219
2021-05-19 19:42:18,523 - Evaluation: 1000 / 1219
2021-05-19 19:42:20,408 - Evaluation: 1010 / 1219
2021-05-19 19:42:27,537 - Evaluation: 1020 / 1219
2021-05-19 19:42:29,962 - Evaluation: 1030 / 1219
2021-05-19 19:42:35,702 - Evaluation: 1040 / 1219
2021-05-19 19:42:38,106 - Evaluation: 1050 / 1219
2021-05-19 19:42:40,731 - Evaluation: 1060 / 1219
2021-05-19 19:42:46,375 - Evaluation: 1070 / 1219
2021-05-19 19:42:47,472 - Evaluation: 1080 / 1219
2021-05-19 19:42:49,468 - Evaluation: 1090 / 1219
2021-05-19 19:42:50,920 - Evaluation: 1100 / 1219
2021-05-19 19:42:57,596 - Evaluation: 1110 / 1219
2021-05-19 19:43:04,316 - Evaluation: 1120 / 1219
2021-05-19 19:43:05,801 - Evaluation: 1130 / 1219
2021-05-19 19:43:12,102 - Evaluation: 1140 / 1219
2021-05-19 19:43:13,166 - Evaluation: 1150 / 1219
2021-05-19 19:43:16,460 - Evaluation: 1160 / 1219
2021-05-19 19:43:18,400 - Evaluation: 1170 / 1219
2021-05-19 19:43:23,800 - Evaluation: 1180 / 1219
2021-05-19 19:43:26,000 - Evaluation: 1190 / 1219
2021-05-19 19:43:30,564 - Evaluation: 1200 / 1219
2021-05-19 19:43:34,370 - Evaluation: 1210 / 1219
2021-05-19 19:43:35,457 - -----------------------EVAL---------------------
Evaluation Result: 7.882047653198242
2021-05-19 19:43:35,457 - T10: 0.23469574749469757, T5: 0.2570028305053711, T2: 0.2542932331562042, T1: 0.24884812533855438
2021-05-19 19:43:35,457 - LT10: 0.24278202652931213, LT5: 0.24001570045948029, LT2: 0.22949601709842682, LT1: 0.2172503024339676

2021-05-19 19:43:35,707 - Epoch: 0, Step: 6000, L:242, Loss: 0.852229917049408
2021-05-19 19:43:37,894 - Epoch: 0, Step: 6010, L:320, Loss: 0.9369307696819306
2021-05-19 19:43:40,711 - Epoch: 0, Step: 6020, L:386, Loss: 0.8786697506904602
2021-05-19 19:43:43,771 - Epoch: 0, Step: 6030, L:180, Loss: 0.8614940881729126
2021-05-19 19:43:46,227 - Epoch: 0, Step: 6040, L:120, Loss: 0.8979111850261688
2021-05-19 19:43:51,945 - Epoch: 0, Step: 6050, L:363, Loss: 0.6959229588508606
2021-05-19 19:43:55,428 - Epoch: 0, Step: 6060, L:470, Loss: 0.8815665185451508
2021-05-19 19:43:59,214 - Epoch: 0, Step: 6070, L:310, Loss: 0.818538498878479
2021-05-19 19:44:03,183 - Epoch: 0, Step: 6080, L:420, Loss: 0.9038798630237579
2021-05-19 19:44:05,943 - Epoch: 0, Step: 6090, L:178, Loss: 0.8343436479568481
2021-05-19 19:44:14,124 - Epoch: 0, Step: 6100, L:299, Loss: 0.7381498545408249
2021-05-19 19:44:17,156 - Epoch: 0, Step: 6110, L:111, Loss: 0.7985426545143127
2021-05-19 19:44:20,111 - Epoch: 0, Step: 6120, L:125, Loss: 0.8731459498405456
2021-05-19 19:44:24,224 - Epoch: 0, Step: 6130, L:443, Loss: 0.7417370408773423
2021-05-19 19:44:28,722 - Epoch: 0, Step: 6140, L:213, Loss: 0.792643141746521
2021-05-19 19:44:32,260 - Epoch: 0, Step: 6150, L:208, Loss: 0.874386191368103
2021-05-19 19:44:39,796 - Epoch: 0, Step: 6160, L:264, Loss: 0.8296113193035126
2021-05-19 19:44:42,849 - Epoch: 0, Step: 6170, L:163, Loss: 0.8653389930725097
2021-05-19 19:44:45,169 - Epoch: 0, Step: 6180, L:134, Loss: 0.7886333227157593
2021-05-19 19:44:47,249 - Epoch: 0, Step: 6190, L:231, Loss: 0.966225653886795
2021-05-19 19:44:48,830 - Epoch: 0, Step: 6200, L:194, Loss: 0.9109055638313294
2021-05-19 19:44:55,241 - Epoch: 0, Step: 6210, L:204, Loss: 0.8900807917118072
2021-05-19 19:44:57,376 - Epoch: 0, Step: 6220, L:324, Loss: 0.8518419981002807
2021-05-19 19:45:00,149 - Epoch: 0, Step: 6230, L:131, Loss: 0.781936052441597
2021-05-19 19:45:03,944 - Epoch: 0, Step: 6240, L:171, Loss: 0.8493541181087494
2021-05-19 19:45:06,738 - Epoch: 0, Step: 6250, L:106, Loss: 0.7002512514591217
2021-05-19 19:45:11,543 - Epoch: 0, Step: 6260, L:275, Loss: 0.78431057035923
2021-05-19 19:45:12,948 - Epoch: 0, Step: 6270, L:137, Loss: 0.9342980325222016
2021-05-19 19:45:15,080 - Epoch: 0, Step: 6280, L:399, Loss: 0.8960083663463593
2021-05-19 19:45:23,120 - Epoch: 0, Step: 6290, L:165, Loss: 0.9436181902885437
2021-05-19 19:45:28,084 - Epoch: 0, Step: 6300, L:391, Loss: 0.8349295616149902
2021-05-19 19:45:30,091 - Epoch: 0, Step: 6310, L:137, Loss: 0.8053982853889465
2021-05-19 19:45:31,612 - Epoch: 0, Step: 6320, L:119, Loss: 0.9286298155784607
2021-05-19 19:45:34,898 - Epoch: 0, Step: 6330, L:111, Loss: 0.8183101415634155
2021-05-19 19:45:40,369 - Epoch: 0, Step: 6340, L:171, Loss: 0.8797165185213089
2021-05-19 19:45:43,590 - Epoch: 0, Step: 6350, L:246, Loss: 0.788529771566391
2021-05-19 19:45:46,522 - Epoch: 0, Step: 6360, L:249, Loss: 0.8740121603012085
2021-05-19 19:45:49,149 - Epoch: 0, Step: 6370, L:150, Loss: 0.8227461963891983
2021-05-19 19:45:50,772 - Epoch: 0, Step: 6380, L:113, Loss: 0.9534957706928253
2021-05-19 19:45:53,788 - Epoch: 0, Step: 6390, L:381, Loss: 0.8320887327194214
2021-05-19 19:45:57,356 - Epoch: 0, Step: 6400, L:301, Loss: 0.867706161737442
2021-05-19 19:46:03,725 - Epoch: 0, Step: 6410, L:213, Loss: 0.8438985049724579
2021-05-19 19:46:07,402 - Epoch: 0, Step: 6420, L:334, Loss: 0.8563562870025635
2021-05-19 19:46:10,002 - Epoch: 0, Step: 6430, L:294, Loss: 0.8287720918655396
2021-05-19 19:46:13,701 - Epoch: 0, Step: 6440, L:204, Loss: 0.7453821718692779
2021-05-19 19:46:22,925 - Epoch: 0, Step: 6450, L:305, Loss: 0.8210023581981659
2021-05-19 19:46:26,425 - Epoch: 0, Step: 6460, L:489, Loss: 0.855098670721054
2021-05-19 19:46:33,799 - Epoch: 0, Step: 6470, L:102, Loss: 0.7439518570899963
2021-05-19 19:46:36,427 - Epoch: 0, Step: 6480, L:143, Loss: 0.806523734331131
2021-05-19 19:46:39,094 - Epoch: 0, Step: 6490, L:223, Loss: 0.9010891616344452
2021-05-19 19:46:42,455 - Epoch: 0, Step: 6500, L:157, Loss: 0.8543002605438232
2021-05-19 19:46:45,668 - Epoch: 0, Step: 6510, L:156, Loss: 0.8506300181150437
2021-05-19 19:46:48,772 - Epoch: 0, Step: 6520, L:148, Loss: 0.8522166669368744
2021-05-19 19:46:54,127 - Epoch: 0, Step: 6530, L:377, Loss: 0.7052277863025666
2021-05-19 19:46:56,148 - Epoch: 0, Step: 6540, L:116, Loss: 0.8464823663234711
2021-05-19 19:46:58,877 - Epoch: 0, Step: 6550, L:256, Loss: 0.8600389838218689
2021-05-19 19:47:01,729 - Epoch: 0, Step: 6560, L:144, Loss: 0.8073224633932113
2021-05-19 19:47:04,255 - Epoch: 0, Step: 6570, L:169, Loss: 0.9705548971891403
2021-05-19 19:47:07,511 - Epoch: 0, Step: 6580, L:112, Loss: 0.8604669749736786
2021-05-19 19:47:16,185 - Epoch: 0, Step: 6590, L:246, Loss: 0.6835829436779022
2021-05-19 19:47:18,854 - Epoch: 0, Step: 6600, L:179, Loss: 0.8197195202112197
2021-05-19 19:47:23,668 - Epoch: 0, Step: 6610, L:134, Loss: 0.8385219752788544
2021-05-19 19:47:26,740 - Epoch: 0, Step: 6620, L:333, Loss: 0.8199034571647644
2021-05-19 19:47:29,392 - Epoch: 0, Step: 6630, L:208, Loss: 0.7379913210868836
2021-05-19 19:47:32,298 - Epoch: 0, Step: 6640, L:108, Loss: 0.9060292094945908
2021-05-19 19:47:33,912 - Epoch: 0, Step: 6650, L:144, Loss: 0.9240337073802948
2021-05-19 19:47:37,060 - Epoch: 0, Step: 6660, L:153, Loss: 0.9521462380886078
